#Timing report of worst 1 path(s)
# Unit scale: 1e-09 seconds
# Output precision: 3

#Path 1
Startpoint: x.inpad[0] (.input clocked by virtual_io_clock)
Endpoint  : out:F.outpad[0] (.output clocked by virtual_io_clock)
Path Type : hold

Point                                                                     Incr      Path
----------------------------------------------------------------------------------------
clock virtual_io_clock (rise edge)                                       0.000     0.000
clock source latency                                                     0.000     0.000
input external delay                                                     0.000     0.000
x.inpad[0] (.input)                                                      0.000     0.000
$iopadmap$Assignment1.x.I_PAD_$inp[0] (BIDIR_CELL)                       0.000     0.000
$iopadmap$Assignment1.x.I_DAT[0] (BIDIR_CELL)                           10.153    10.153
F_LUT3_O.t_frag.XSL[0] (T_FRAG)                                          5.540    15.693
F_LUT3_O.t_frag.XZ[0] (T_FRAG)                                           1.041    16.734
$iopadmap$Assignment1.F.O_DAT[0] (BIDIR_CELL)                           10.684    27.419
$iopadmap$Assignment1.F.O_PAD_$out[0] (BIDIR_CELL)                       9.726    37.145
out:F.outpad[0] (.output)                                                0.000    37.145
data arrival time                                                                 37.145

clock virtual_io_clock (rise edge)                                       0.000     0.000
clock source latency                                                     0.000     0.000
clock uncertainty                                                        0.000     0.000
output external delay                                                    0.000     0.000
data required time                                                                 0.000
----------------------------------------------------------------------------------------
data required time                                                                -0.000
data arrival time                                                                 37.145
----------------------------------------------------------------------------------------
slack (MET)                                                                       37.145


#End of timing report
