VPR FPGA Placement and Routing.
Version: 8.1.0-dev+dadca7ecf
Revision: v8.0.0-rc2-2894-gdadca7ecf
Compiled: 2020-10-14T15:08:54
Compiler: GNU 7.3.0 on Linux-4.15.0-1028-gcp x86_64
Build Info: Release IPO VTR_ASSERT_LEVEL=2

University of Toronto
verilogtorouting.org
vtr-users@googlegroups.com
This is free open source code under MIT license.

VPR was run with the following command-line:
vpr /home/raghavendra/qorc-sdk/fpga_toolchain_install/v1.3.1/quicklogic-arch-defs/share/arch/ql-eos-s3_wlcsp/arch.timing.xml Fsm.eblif --device ql-eos-s3 --max_router_iterations 500 --routing_failure_predictor off --router_high_fanout_threshold -1 --constant_net_method route --route_chan_width 100 --clock_modeling route --place_delay_model delta_override --router_lookahead map --check_route quick --strict_checks off --allow_dangling_combinational_nodes on --disable_errors check_unbuffered_edges:check_route --congested_routing_iteration_threshold 0.8 --incremental_reroute_delay_ripup off --base_cost_type delay_normalized_length_bounded --bb_factor 10 --initial_pres_fac 4.0 --check_rr_graph off --suppress_warnings ,sum_pin_class:check_unbuffered_edges:load_rr_indexed_data_T_values:check_rr_node:trans_per_R:check_route:set_rr_graph_tool_comment:warn_model_missing_timing --read_rr_graph /home/raghavendra/qorc-sdk/fpga_toolchain_install/v1.3.1/quicklogic-arch-defs/share/arch/ql-eos-s3_wlcsp/rr_graph_ql-eos-s3_wlcsp.rr_graph.real.bin --read_placement_delay_lookup /home/raghavendra/qorc-sdk/fpga_toolchain_install/v1.3.1/quicklogic-arch-defs/share/arch/ql-eos-s3_wlcsp/rr_graph_ql-eos-s3_wlcsp.place_delay.bin --sdc_file /home/raghavendra/qorc-sdk/fpga-examples/test/build/Fsm_dummy.sdc --fix_clusters Fsm_constraints.place --place

Using up to 1 parallel worker(s)

Architecture file: /home/raghavendra/qorc-sdk/fpga_toolchain_install/v1.3.1/quicklogic-arch-defs/share/arch/ql-eos-s3_wlcsp/arch.timing.xml
Circuit name: Fsm

# Loading Architecture Description
# Loading Architecture Description took 0.34 seconds (max_rss 31.2 MiB, delta_rss +25.0 MiB)
# Building complex block graph
# Building complex block graph took 0.07 seconds (max_rss 39.9 MiB, delta_rss +8.7 MiB)
# Load circuit
# Load circuit took 0.01 seconds (max_rss 41.5 MiB, delta_rss +1.7 MiB)
# Clean circuit
Absorbed 951 LUT buffers
Inferred  106 additional primitive pins as constant generators since they have no combinationally connected inputs
Inferred   38 additional primitive pins as constant generators due to constant inputs
Inferred    0 additional primitive pins as constant generators since they have no combinationally connected inputs
Inferred    0 additional primitive pins as constant generators due to constant inputs
Inferred    0 additional primitive pins as constant generators since they have no combinationally connected inputs
Inferred    0 additional primitive pins as constant generators due to constant inputs
Swept input(s)      : 0
Swept output(s)     : 0 (0 dangling, 0 constant)
Swept net(s)        : 141
Swept block(s)      : 1
Constant Pins Marked: 144
# Clean circuit took 0.01 seconds (max_rss 42.9 MiB, delta_rss +1.4 MiB)
# Compress circuit
# Compress circuit took 0.00 seconds (max_rss 42.9 MiB, delta_rss +0.0 MiB)
# Verify circuit
# Verify circuit took 0.00 seconds (max_rss 42.9 MiB, delta_rss +0.0 MiB)
Circuit Statistics:
  Blocks: 146
    .input    :       1
    .output   :       9
    ASSP      :       1
    BIDIR_CELL:      10
    C_FRAG    :      14
    F_FRAG    :       1
    GND       :       1
    Q_FRAG    :      36
    T_FRAG    :      72
    VCC       :       1
  Nets  : 137
    Avg Fanout:     8.3
    Max Fanout:   514.0
    Min Fanout:     1.0
  Netlist Clocks: 2
# Build Timing Graph
Warning 1: Inferred implicit clock source clock_dffe_Q.QZ[0] for netlist clock $auto$clkbufmap.cc:247:execute$2977 (possibly data used as clock)
  Timing Graph Nodes: 1278
  Timing Graph Edges: 2029
  Timing Graph Levels: 24
# Build Timing Graph took 0.00 seconds (max_rss 42.9 MiB, delta_rss +0.0 MiB)
Netlist contains 2 clocks
  Netlist Clock '$auto$clkbufmap.cc:247:execute$2977' Fanout: 10 pins (0.8%), 10 blocks (6.8%)
  Netlist Clock 'clk' Fanout: 28 pins (2.2%), 28 blocks (19.2%)
# Load Timing Constraints

SDC file '/home/raghavendra/qorc-sdk/fpga-examples/test/build/Fsm_dummy.sdc' contained no SDC commands
Setting default timing constraints:
   * constrain all primay inputs and primary outputs on a virtual external clock 'virtual_io_clock'
   * optimize all netlist and virtual clocks to run as fast as possible
   * ignore cross netlist clock domain timing paths
Timing constraints created 3 clocks
  Constrained Clock 'virtual_io_clock' (Virtual Clock)
  Constrained Clock '$auto$clkbufmap.cc:247:execute$2977' Source: 'clock_dffe_Q.QZ[0]'
  Constrained Clock 'clk' Source: 'u_qlal4s3b_cell_macro.Sys_Clk0[0]'

# Load Timing Constraints took 0.00 seconds (max_rss 42.9 MiB, delta_rss +0.0 MiB)
Timing analysis: ON
Circuit netlist file: Fsm.net
Circuit placement file: Fsm.place
Circuit routing file: Fsm.route
Circuit SDC file: /home/raghavendra/qorc-sdk/fpga-examples/test/build/Fsm_dummy.sdc

Packer: ENABLED
Placer: ENABLED
Router: DISABLED
Analysis: DISABLED

NetlistOpts.abosrb_buffer_luts            : true
NetlistOpts.sweep_dangling_primary_ios    : true
NetlistOpts.sweep_dangling_nets           : true
NetlistOpts.sweep_dangling_blocks         : true
NetlistOpts.sweep_constant_primary_outputs: false
NetlistOpts.netlist_verbosity             : 1
NetlistOpts.const_gen_inference           : COMB_SEQ

PackerOpts.allow_unrelated_clustering: auto
PackerOpts.alpha_clustering: 0.750000
PackerOpts.beta_clustering: 0.900000
PackerOpts.cluster_seed_type: BLEND2
PackerOpts.connection_driven: true
PackerOpts.global_clocks: true
PackerOpts.hill_climbing_flag: false
PackerOpts.inter_cluster_net_delay: 1.000000
PackerOpts.timing_driven: true
PackerOpts.target_external_pin_util: auto

PlacerOpts.place_freq: PLACE_ONCE
PlacerOpts.place_algorithm: CRITICALITY_TIMING_PLACE
PlacerOpts.pad_loc_type: FREE
PlacerOpts.constraints_file: Using constraints file 'Fsm_constraints.place'
PlacerOpts.place_cost_exp: 1.000000
PlacerOpts.place_chan_width: 100
PlacerOpts.inner_loop_recompute_divider: 0
PlacerOpts.recompute_crit_iter: 1
PlacerOpts.timing_tradeoff: 0.500000
PlacerOpts.td_place_exp_first: 1.000000
PlacerOpts.td_place_exp_last: 8.000000
PlacerOpts.delay_offset: 0.000000
PlacerOpts.delay_ramp_delta_threshold: -1
PlacerOpts.delay_ramp_slope: 0.000000
PlacerOpts.tsu_rel_margin: 1.000000
PlacerOpts.tsu_abs_margin: 0.000000
PlacerOpts.post_place_timing_report_file: 
PlacerOpts.allowed_tiles_for_delay_model: 
PlacerOpts.delay_model_reducer: MIN
PlacerOpts.delay_model_type: DELTA_OVERRIDE
PlacerOpts.rlim_escape_fraction: 0.000000
PlacerOpts.move_stats_file: 
PlacerOpts.placement_saves_per_temperature: 0
PlacerOpts.effort_scaling: CIRCUIT
PlacerOpts.place_delta_delay_matrix_calculation_method: ASTAR_ROUTE
PlaceOpts.seed: 1
AnnealSched.type: AUTO_SCHED
AnnealSched.inner_num: 1.000000

RoutingArch.directionality: BI_DIRECTIONAL
RoutingArch.switch_block_type: WILTON
RoutingArch.Fs: 3

# Load Packing
Begin loading packed FPGA netlist file.
Netlist generated from file 'Fsm.net'.
Detected 2 constant generators (to see names run with higher pack verbosity)
Finished loading packed FPGA netlist file (took 0.026786 seconds).
# Load Packing took 0.03 seconds (max_rss 44.4 MiB, delta_rss +1.5 MiB)
Warning 2: Netlist contains 0 global net to non-global architecture pin connections
Warning 3: Logic block #61 ($false) has only 1 output pin '$false.GND0_GND[0]'. It may be a constant generator.
Warning 4: Logic block #62 ($true) has only 1 output pin '$true.VCC0_VCC[0]'. It may be a constant generator.

Netlist num_nets: 97
Netlist num_blocks: 63
Netlist EMPTY blocks: 0.
Netlist PB-SYN_GND blocks: 1.
Netlist PB-BIDIR blocks: 10.
Netlist PB-ASSP blocks: 1.
Netlist PB-LOGIC blocks: 50.
Netlist PB-SDIOMUX blocks: 0.
Netlist PB-MULT blocks: 0.
Netlist PB-GMUX blocks: 0.
Netlist PB-CLOCK blocks: 0.
Netlist PB-RAM blocks: 0.
Netlist PB-SYN_VCC blocks: 1.
Netlist inputs pins: 1
Netlist output pins: 29


Pb types usage...
  PB-SYN_GND        : 1
   GND              : 1
  PB-BIDIR          : 10
   BIDIR            : 10
    INPUT           : 1
     bidir          : 1
     inpad          : 1
    OUTPUT          : 9
     bidir          : 9
     outpad         : 9
  PB-ASSP           : 1
   ASSP             : 1
  PB-LOGIC          : 50
   LOGIC            : 50
    FRAGS           : 50
     c_frag_modes   : 50
      SINGLE        : 14
       c_frag       : 14
      SPLIT         : 36
       b_frag       : 36
       t_frag       : 36
     f_frag         : 1
     q_frag_modes   : 36
      INT           : 31
       q_frag       : 31
      EXT           : 5
       q_frag       : 5
  PB-SYN_VCC        : 1
   VCC              : 1

# Create Device
## Build Device Grid
FPGA sized to 39 x 35: 1365 grid tiles (ql-eos-s3)

Resource usage...
	Netlist
		1	blocks of type: PB-SYN_GND
	Architecture
		1	blocks of type: TL-SYN_GND
	Netlist
		10	blocks of type: PB-BIDIR
	Architecture
		32	blocks of type: TL-BIDIR
	Netlist
		1	blocks of type: PB-ASSP
	Architecture
		1	blocks of type: TL-ASSP
	Netlist
		50	blocks of type: PB-LOGIC
	Architecture
		891	blocks of type: TL-LOGIC
	Netlist
		0	blocks of type: PB-SDIOMUX
	Architecture
		14	blocks of type: TL-SDIOMUX
	Netlist
		0	blocks of type: PB-MULT
	Architecture
		2	blocks of type: TL-MULT
	Netlist
		0	blocks of type: PB-GMUX
	Architecture
		5	blocks of type: TL-GMUX
	Netlist
		0	blocks of type: PB-CLOCK
	Architecture
		5	blocks of type: TL-CLOCK
	Netlist
		0	blocks of type: PB-RAM
	Architecture
		4	blocks of type: TL-RAM
	Netlist
		1	blocks of type: PB-SYN_VCC
	Architecture
		1	blocks of type: TL-SYN_VCC

Device Utilization: 0.05 (target 1.00)
	Physical Tile TL-LOGIC:
	Block Utilization: 0.06 Logical Block: PB-LOGIC
	Physical Tile TL-RAM:
	Block Utilization: 0.00 Logical Block: PB-RAM
	Physical Tile TL-MULT:
	Block Utilization: 0.00 Logical Block: PB-MULT
	Physical Tile TL-BIDIR:
	Block Utilization: 0.31 Logical Block: PB-BIDIR
	Physical Tile TL-CLOCK:
	Block Utilization: 0.00 Logical Block: PB-CLOCK
	Physical Tile TL-SDIOMUX:
	Block Utilization: 0.00 Logical Block: PB-SDIOMUX
	Physical Tile TL-GMUX:
	Block Utilization: 0.00 Logical Block: PB-GMUX
	Physical Tile TL-ASSP:
	Block Utilization: 1.00 Logical Block: PB-ASSP
	Physical Tile TL-SYN_VCC:
	Block Utilization: 1.00 Logical Block: PB-SYN_VCC
	Physical Tile TL-SYN_GND:
	Block Utilization: 1.00 Logical Block: PB-SYN_GND

## Build Device Grid took 0.01 seconds (max_rss 44.6 MiB, delta_rss +0.0 MiB)
## Loading routing resource graph


## Loading routing resource graph took 0.49 seconds (max_rss 352.2 MiB, delta_rss +307.6 MiB)
  RR Graph Nodes: 1396446
  RR Graph Edges: 2337988
# Create Device took 0.94 seconds (max_rss 356.9 MiB, delta_rss +312.3 MiB)

# Computing router lookahead map
## Computing wire lookahead
Warning 5: Unable to find any sample location for segment CHANX type 'generic' (length 1)
Warning 6: Unable to find any sample location for segment CHANY type 'generic' (length 1)
Warning 7: Unable to find any sample location for segment CHANX type 'pad' (length 1)
Warning 8: Unable to find any sample location for segment CHANY type 'pad' (length 1)
## Computing wire lookahead took 15.95 seconds (max_rss 356.9 MiB, delta_rss +0.0 MiB)
## Computing src/opin lookahead
## Computing src/opin lookahead took 0.00 seconds (max_rss 356.9 MiB, delta_rss +0.0 MiB)
# Computing router lookahead map took 15.95 seconds (max_rss 356.9 MiB, delta_rss +0.0 MiB)
# Placement
## Computing placement delta delay look-up
  RR Graph Nodes: 1396446
  RR Graph Edges: 2337988
## Computing placement delta delay look-up took 0.48 seconds (max_rss 404.8 MiB, delta_rss +47.8 MiB)
Warning 9: CHANX place cost fac is 0 at 2 2
Warning 10: CHANX place cost fac is 0 at 34 34
Warning 11: CHANY place cost fac is 0 at 38 38
## Initial Placement
Reading Fsm_constraints.place.

Successfully read Fsm_constraints.place.

## Initial Placement took 0.00 seconds (max_rss 404.8 MiB, delta_rss +0.0 MiB)

There are 1064 point to point connections in this circuit.


BB estimate of min-dist (placement) wire length: 4452

Completed placement consistency check successfully.
Initial placement cost: 1 bb_cost: 6.60901 td_cost: 1.73972e-06
Initial placement estimated Critical Path Delay (CPD): 104.588 ns
Initial placement estimated setup Total Negative Slack (sTNS): -2962.68 ns
Initial placement estimated setup Worst Negative Slack (sWNS): -104.588 ns

Initial placement estimated setup slack histogram:
[   -1e-07: -9.5e-08)  5 ( 10.2%) |*************
[ -9.5e-08: -8.6e-08) 18 ( 36.7%) |************************************************
[ -8.6e-08: -7.7e-08)  3 (  6.1%) |********
[ -7.7e-08: -6.7e-08)  0 (  0.0%) |
[ -6.7e-08: -5.8e-08)  0 (  0.0%) |
[ -5.8e-08: -4.8e-08)  0 (  0.0%) |
[ -4.8e-08: -3.9e-08)  1 (  2.0%) |***
[ -3.9e-08:   -3e-08)  5 ( 10.2%) |*************
[   -3e-08:   -2e-08) 10 ( 20.4%) |***************************
[   -2e-08: -1.1e-08)  7 ( 14.3%) |*******************
Placement contains 0 placement macros involving 0 blocks (average macro size -nan)

Moves per temperature: 250
Warning 12: Starting t: 60 of 63 configurations accepted.

---- ------ ------- ------- ---------- ---------- ------- ---------- -------- ------- ------- ------ -------- --------- ------
Tnum   Time       T Av Cost Av BB Cost Av TD Cost     CPD       sTNS     sWNS Ac Rate Std Dev  R lim Crit Exp Tot Moves  Alpha
      (sec)                                          (ns)       (ns)     (ns)                                                 
---- ------ ------- ------- ---------- ---------- ------- ---------- -------- ------- ------- ------ -------- --------- ------
   1    0.0 2.4e-01   0.991       6.63 1.6299e-06 113.988  -3.19e+03 -113.988   0.908  0.0225   38.0     1.00       250  0.200
   2    0.0 2.2e-01   0.992       6.69 1.625e-06  110.239  -3.15e+03 -110.239   0.916  0.0226   38.0     1.00       500  0.900
   3    0.0 2.0e-01   0.941       6.78 1.6141e-06 116.046   -3.4e+03 -116.046   0.912  0.0327   38.0     1.00       750  0.900
   4    0.0 1.8e-01   1.002       6.64 1.6213e-06 107.323   -3.1e+03 -107.323   0.932  0.0195   38.0     1.00      1000  0.900
   5    0.0 1.6e-01   1.067       6.90 1.6562e-06 117.441  -3.06e+03 -117.441   0.928  0.0199   38.0     1.00      1250  0.900
   6    0.0 1.4e-01   0.990       6.84 1.7345e-06 114.008  -3.24e+03 -114.008   0.916  0.0304   38.0     1.00      1500  0.900
   7    0.0 1.3e-01   0.965       6.53 1.6211e-06 101.546  -3.05e+03 -101.546   0.920  0.0292   38.0     1.00      1750  0.900
   8    0.0 1.2e-01   1.015       6.67 1.6477e-06 101.750  -2.94e+03 -101.750   0.924  0.0215   38.0     1.00      2000  0.900
   9    0.0 1.0e-01   0.986       6.53 1.5888e-06 117.229  -3.17e+03 -117.229   0.932  0.0198   38.0     1.00      2250  0.900
  10    0.0 9.4e-02   1.042       6.76 1.6337e-06 105.172  -3.04e+03 -105.172   0.916  0.0225   38.0     1.00      2500  0.900
  11    0.0 8.5e-02   1.011       6.58 1.656e-06   92.672  -2.74e+03  -92.672   0.880  0.0334   38.0     1.00      2750  0.900
  12    0.0 7.6e-02   1.069       6.69 1.6173e-06 108.082  -3.02e+03 -108.082   0.936  0.0437   38.0     1.00      3000  0.900
  13    0.0 6.9e-02   1.024       6.63 1.6388e-06 104.973     -3e+03 -104.973   0.860  0.0282   38.0     1.00      3250  0.900
  14    0.0 6.2e-02   0.991       6.59 1.6076e-06 117.457  -3.42e+03 -117.457   0.860  0.0243   38.0     1.00      3500  0.900
  15    0.0 5.6e-02   0.969       6.60 1.6064e-06 112.138  -3.32e+03 -112.138   0.896  0.0302   38.0     1.00      3750  0.900
  16    0.0 5.0e-02   1.001       6.59 1.6697e-06  97.236  -2.84e+03  -97.236   0.904  0.0353   38.0     1.00      4000  0.900
  17    0.0 4.5e-02   1.019       6.53 1.6047e-06 107.059  -2.85e+03 -107.059   0.892  0.0350   38.0     1.00      4250  0.900
  18    0.0 4.1e-02   0.989       6.68 1.6294e-06 110.787   -3.1e+03 -110.787   0.908  0.0301   38.0     1.00      4500  0.900
  19    0.0 3.7e-02   0.980       6.63 1.6812e-06 108.825  -3.06e+03 -108.825   0.908  0.0240   38.0     1.00      4750  0.900
  20    0.0 3.3e-02   0.949       6.47 1.6053e-06 110.370  -3.26e+03 -110.370   0.860  0.0307   38.0     1.00      5000  0.900
  21    0.0 3.0e-02   0.995       6.57 1.6186e-06 107.043  -3.18e+03 -107.043   0.896  0.0196   38.0     1.00      5250  0.900
  22    0.0 2.7e-02   1.016       6.61 1.6049e-06  99.136  -2.94e+03  -99.136   0.824  0.0139   38.0     1.00      5500  0.900
  23    0.0 2.4e-02   0.968       6.42 1.562e-06  105.085  -3.09e+03 -105.085   0.832  0.0376   38.0     1.00      5750  0.900
  24    0.0 2.2e-02   0.994       6.35 1.5507e-06 102.865  -3.03e+03 -102.865   0.788  0.0347   38.0     1.00      6000  0.900
  25    0.0 2.0e-02   0.998       6.52 1.5642e-06 104.126  -3.06e+03 -104.126   0.764  0.0240   38.0     1.00      6250  0.950
  26    0.0 1.9e-02   1.007       6.43 1.5855e-06 101.735  -2.91e+03 -101.735   0.860  0.0276   38.0     1.00      6500  0.950
  27    0.0 1.8e-02   0.912       6.10 1.5287e-06 101.465  -2.82e+03 -101.465   0.740  0.0397   38.0     1.00      6750  0.900
  28    0.0 1.7e-02   1.032       6.11 1.5191e-06  99.546  -2.77e+03  -99.546   0.700  0.0257   38.0     1.00      7000  0.950
  29    0.0 1.6e-02   0.984       5.93 1.391e-06  111.780  -3.15e+03 -111.780   0.728  0.0341   38.0     1.00      7250  0.950
  30    0.0 1.5e-02   1.047       6.14 1.4707e-06  98.829  -2.87e+03  -98.829   0.740  0.0289   38.0     1.00      7500  0.950
  31    0.0 1.4e-02   1.018       6.18 1.5377e-06  93.575  -2.83e+03  -93.575   0.712  0.0279   38.0     1.00      7750  0.950
  32    0.0 1.4e-02   0.998       6.37 1.5337e-06  94.685  -2.81e+03  -94.685   0.764  0.0147   38.0     1.00      8000  0.950
  33    0.0 1.3e-02   0.981       6.35 1.5285e-06 101.090     -3e+03 -101.090   0.732  0.0286   38.0     1.00      8250  0.950
  34    0.0 1.2e-02   0.965       6.29 1.519e-06  106.483  -2.92e+03 -106.483   0.736  0.0164   38.0     1.00      8500  0.950
  35    0.0 1.2e-02   1.021       6.10 1.5329e-06  94.667  -2.79e+03  -94.667   0.676  0.0339   38.0     1.00      8750  0.950
  36    0.0 1.1e-02   0.980       5.93 1.463e-06  116.855  -3.22e+03 -116.855   0.696  0.0198   38.0     1.00      9000  0.950
  37    0.0 1.0e-02   1.005       5.96 1.4667e-06 103.859  -2.85e+03 -103.859   0.700  0.0282   38.0     1.00      9250  0.950
  38    0.0 1.0e-02   1.054       6.03 1.4788e-06  97.577  -2.81e+03  -97.577   0.660  0.0225   38.0     1.00      9500  0.950
  39    0.0 9.5e-03   0.987       5.72 1.4255e-06  94.117  -2.73e+03  -94.117   0.556  0.0231   38.0     1.00      9750  0.950
  40    0.0 9.0e-03   0.944       5.59 1.4044e-06 100.728  -2.96e+03 -100.728   0.564  0.0256   38.0     1.00     10000  0.950
  41    0.0 8.5e-03   0.991       5.42 1.3566e-06  93.436  -2.67e+03  -93.436   0.524  0.0519   38.0     1.00     10250  0.950
  42    0.0 8.1e-03   1.008       5.41 1.287e-06   99.813  -2.82e+03  -99.813   0.488  0.0179   38.0     1.00     10500  0.950
  43    0.0 7.7e-03   1.007       5.52 1.4218e-06  90.887   -2.6e+03  -90.887   0.492  0.0316   38.0     1.00     10750  0.950
  44    0.0 7.3e-03   1.003       5.42 1.3921e-06  86.544  -2.55e+03  -86.544   0.564  0.0274   38.0     1.00     11000  0.950
  45    0.0 7.0e-03   1.007       4.99 1.3136e-06  84.792  -2.48e+03  -84.792   0.416  0.0124   38.0     1.00     11250  0.950
  46    0.0 6.6e-03   1.012       5.16 1.2679e-06  77.490  -2.34e+03  -77.490   0.420  0.0190   37.1     1.17     11500  0.950
  47    0.0 6.3e-03   0.967       5.07 1.222e-06   81.288  -2.45e+03  -81.288   0.400  0.0169   36.3     1.31     11750  0.950
  48    0.0 6.0e-03   1.008       5.16 1.0957e-06  92.539  -2.69e+03  -92.539   0.396  0.0169   34.9     1.59     12000  0.950
  49    0.0 5.7e-03   0.993       4.92 1.0691e-06  85.979  -2.48e+03  -85.979   0.368  0.0188   33.4     1.88     12250  0.950
  50    0.0 5.4e-03   0.980       4.67 9.3735e-07  86.579  -2.52e+03  -86.579   0.320  0.0090   31.0     2.33     12500  0.950
  51    0.0 5.1e-03   1.001       4.68 8.1508e-07  86.247  -2.42e+03  -86.247   0.260  0.0143   27.2     3.04     12750  0.950
  52    0.0 4.9e-03   1.008       4.77 7.3101e-07  77.383  -2.31e+03  -77.383   0.300  0.0116   22.3     3.96     13000  0.950
  53    0.0 4.6e-03   0.978       4.72 7.0105e-07  81.400   -2.4e+03  -81.400   0.280  0.0250   19.2     4.55     13250  0.950
  54    0.0 4.4e-03   0.971       4.56 6.0932e-07  80.178  -2.38e+03  -80.178   0.296  0.0277   16.1     5.14     13500  0.950
  55    0.0 4.2e-03   0.996       4.52 6.2121e-07  69.763  -2.17e+03  -69.763   0.352  0.0187   13.8     5.58     13750  0.950
  56    0.0 4.0e-03   0.984       4.59 5.947e-07   73.371  -2.19e+03  -73.371   0.384  0.0189   12.6     5.81     14000  0.950
  57    0.0 3.8e-03   0.972       4.59 5.8271e-07  77.546  -2.33e+03  -77.546   0.376  0.0255   11.9     5.94     14250  0.950
  58    0.0 3.6e-03   0.982       4.51 5.4061e-07  81.901  -2.34e+03  -81.901   0.324  0.0242   11.1     6.08     14500  0.950
  59    0.0 3.4e-03   0.952       4.04 4.9004e-07  70.957  -2.15e+03  -70.957   0.300  0.0254    9.8     6.33     14750  0.950
  60    0.0 3.2e-03   1.014       4.01 5.3629e-07  61.204  -1.92e+03  -61.204   0.284  0.0092    8.5     6.59     15000  0.950
  61    0.0 3.1e-03   0.995       3.96 4.961e-07   65.165  -2.04e+03  -65.165   0.340  0.0079    7.1     6.84     15250  0.950
  62    0.0 2.9e-03   0.999       3.88 4.6799e-07  67.983     -2e+03  -67.983   0.300  0.0088    6.4     6.97     15500  0.950
  63    0.0 2.8e-03   0.996       4.01 4.6051e-07  72.086  -2.13e+03  -72.086   0.424  0.0045    5.5     7.14     15750  0.950
  64    0.0 2.6e-03   0.977       4.04 4.256e-07   70.224  -2.14e+03  -70.224   0.420  0.0130    5.4     7.16     16000  0.950
  65    0.0 2.5e-03   0.976       3.86 4.8145e-07  64.949  -2.02e+03  -64.949   0.360  0.0149    5.3     7.18     16250  0.950
  66    0.0 2.4e-03   0.999       3.80 4.0867e-07  65.868     -2e+03  -65.868   0.392  0.0070    4.9     7.26     16500  0.950
  67    0.0 2.3e-03   0.988       3.81 4.8277e-07  63.076  -1.99e+03  -63.076   0.324  0.0089    4.7     7.31     16750  0.950
  68    0.0 2.1e-03   0.997       3.81 4.3138e-07  71.577  -2.21e+03  -71.577   0.400  0.0086    4.1     7.41     17000  0.950
  69    0.0 2.0e-03   0.978       3.70 4.8283e-07  65.663     -2e+03  -65.663   0.392  0.0131    4.0     7.44     17250  0.950
  70    0.0 1.9e-03   0.985       3.60 4.1359e-07  65.054  -2.02e+03  -65.054   0.364  0.0112    3.8     7.48     17500  0.950
  71    0.0 1.8e-03   1.009       3.64 4.8281e-07  63.828  -2.01e+03  -63.828   0.392  0.0086    3.5     7.53     17750  0.950
  72    0.0 1.7e-03   0.964       3.54 4.4595e-07  63.986  -1.99e+03  -63.986   0.396  0.0153    3.3     7.56     18000  0.950
  73    0.0 1.7e-03   0.980       3.48 4.365e-07   62.052   -1.9e+03  -62.052   0.284  0.0100    3.2     7.59     18250  0.950
  74    0.0 1.6e-03   0.979       3.40 4.0767e-07  62.766  -1.94e+03  -62.766   0.340  0.0090    2.7     7.68     18500  0.950
  75    0.0 1.5e-03   0.999       3.42 3.9669e-07  62.210  -1.95e+03  -62.210   0.348  0.0041    2.4     7.73     18750  0.950
  76    0.0 1.4e-03   0.997       3.43 4.3289e-07  57.764  -1.86e+03  -57.764   0.328  0.0058    2.2     7.78     19000  0.950
  77    0.0 1.3e-03   0.997       3.44 3.629e-07   61.403  -1.85e+03  -61.403   0.440  0.0037    1.9     7.82     19250  0.950
  78    0.0 1.3e-03   0.987       3.43 3.8262e-07  60.519  -1.84e+03  -60.519   0.400  0.0063    1.9     7.82     19500  0.950
  79    0.0 1.2e-03   1.003       3.43 4.0711e-07  57.709  -1.83e+03  -57.709   0.396  0.0031    1.9     7.84     19750  0.950
  80    0.0 1.2e-03   0.988       3.42 3.8195e-07  58.342  -1.82e+03  -58.342   0.352  0.0067    1.8     7.85     20000  0.950
  81    0.0 1.1e-03   0.991       3.38 4.165e-07   55.126  -1.75e+03  -55.126   0.320  0.0043    1.6     7.88     20250  0.950
  82    0.0 1.0e-03   0.988       3.32 4.0207e-07  58.010  -1.82e+03  -58.010   0.312  0.0059    1.4     7.92     20500  0.950
  83    0.0 9.9e-04   0.989       3.25 4.0374e-07  55.626  -1.77e+03  -55.626   0.276  0.0042    1.2     7.95     20750  0.950
  84    0.0 9.4e-04   1.003       3.26 4.1624e-07  55.187  -1.75e+03  -55.187   0.260  0.0044    1.0     7.99     21000  0.950
  85    0.0 8.9e-04   0.991       3.26 4.1235e-07  56.029  -1.78e+03  -56.029   0.280  0.0047    1.0     8.00     21250  0.950
  86    0.0 8.5e-04   0.997       3.25 3.8106e-07  55.328  -1.75e+03  -55.328   0.280  0.0076    1.0     8.00     21500  0.950
  87    0.0 8.1e-04   0.995       3.19 3.9276e-07  54.781  -1.74e+03  -54.781   0.288  0.0028    1.0     8.00     21750  0.950
  88    0.0 7.7e-04   0.997       3.19 3.7534e-07  53.680   -1.7e+03  -53.680   0.176  0.0014    1.0     8.00     22000  0.950
  89    0.0 7.3e-04   0.996       3.20 3.7488e-07  53.732  -1.71e+03  -53.732   0.212  0.0025    1.0     8.00     22250  0.950
  90    0.0 6.9e-04   1.001       3.19 4.0551e-07  51.177  -1.66e+03  -51.177   0.268  0.0015    1.0     8.00     22500  0.950
  91    0.0 6.6e-04   0.991       3.15 3.9951e-07  53.079   -1.7e+03  -53.079   0.284  0.0065    1.0     8.00     22750  0.950
  92    0.0 6.2e-04   0.994       3.15 3.8654e-07  57.870  -1.82e+03  -57.870   0.180  0.0024    1.0     8.00     23000  0.950
  93    0.0 5.9e-04   0.996       3.15 3.9863e-07  53.370  -1.71e+03  -53.370   0.180  0.0016    1.0     8.00     23250  0.950
  94    0.0 5.6e-04   0.994       3.14 3.7284e-07  53.842  -1.71e+03  -53.842   0.180  0.0019    1.0     8.00     23500  0.950
  95    0.0 5.4e-04   0.996       3.12 4.0458e-07  53.200   -1.7e+03  -53.200   0.212  0.0027    1.0     8.00     23750  0.950
  96    0.0 5.1e-04   0.996       3.11 3.9101e-07  53.560  -1.71e+03  -53.560   0.112  0.0019    1.0     8.00     24000  0.950
  97    0.0 4.1e-04   0.998       3.11 3.8569e-07  51.242  -1.65e+03  -51.242   0.104  0.0011    1.0     8.00     24250  0.800
  98    0.0 3.3e-04   0.995       3.11 3.9696e-07  52.376  -1.68e+03  -52.376   0.092  0.0012    1.0     8.00     24500  0.800
  99    0.0 2.6e-04   0.997       3.09 3.8702e-07  52.060  -1.67e+03  -52.060   0.120  0.0012    1.0     8.00     24750  0.800
 100    0.0 2.1e-04   0.998       3.07 3.7589e-07  53.061   -1.7e+03  -53.061   0.036  0.0015    1.0     8.00     25000  0.800
 101    0.0 1.7e-04   0.999       3.08 3.8489e-07  53.116  -1.69e+03  -53.116   0.040  0.0006    1.0     8.00     25250  0.800
 102    0.0 1.3e-04   0.999       3.08 3.7155e-07  53.116  -1.69e+03  -53.116   0.036  0.0010    1.0     8.00     25500  0.800
 103    0.0 1.1e-04   0.998       3.07 3.739e-07   53.608  -1.71e+03  -53.608   0.028  0.0009    1.0     8.00     25750  0.800
 104    0.0 8.5e-05   0.999       3.07 3.7358e-07  53.608  -1.71e+03  -53.608   0.040  0.0006    1.0     8.00     26000  0.800
 105    0.0 6.8e-05   1.000       3.08 3.7251e-07  53.608   -1.7e+03  -53.608   0.008  0.0002    1.0     8.00     26250  0.800
 106    0.0 5.5e-05   0.999       3.08 3.779e-07   53.608   -1.7e+03  -53.608   0.016  0.0004    1.0     8.00     26500  0.800
 107    0.0 0.0e+00   1.000       3.07 3.7232e-07  53.608   -1.7e+03  -53.608   0.004  0.0000    1.0     8.00     26750  0.800
## Placement Quench took 0.00 seconds (max_rss 404.8 MiB)

BB estimate of min-dist (placement) wire length: 2054

Completed placement consistency check successfully.

Swaps called: 26813

Aborted Move Reasons:
  No moves aborted

Placement estimated critical path delay (least slack): 53.6077 ns
Placement estimated setup Worst Negative Slack (sWNS): -53.6077 ns
Placement estimated setup Total Negative Slack (sTNS): -1704.75 ns

Placement estimated setup slack histogram:
[ -5.4e-08: -4.9e-08) 20 ( 40.8%) |************************************************
[ -4.9e-08: -4.4e-08)  6 ( 12.2%) |**************
[ -4.4e-08:   -4e-08)  0 (  0.0%) |
[   -4e-08: -3.5e-08)  0 (  0.0%) |
[ -3.5e-08:   -3e-08)  0 (  0.0%) |
[   -3e-08: -2.6e-08)  0 (  0.0%) |
[ -2.6e-08: -2.1e-08)  7 ( 14.3%) |*****************
[ -2.1e-08: -1.7e-08)  6 ( 12.2%) |**************
[ -1.7e-08: -1.2e-08)  6 ( 12.2%) |**************
[ -1.2e-08: -7.4e-09)  4 (  8.2%) |**********

Placement estimated intra-domain critical path delays (CPDs):
  $auto$clkbufmap.cc:247:execute$2977 to $auto$clkbufmap.cc:247:execute$2977 CPD: 15.2884 ns (65.4091 MHz)
  clk to clk CPD: 53.6077 ns (18.654 MHz)

Placement estimated inter-domain critical path delays (CPDs):
  $auto$clkbufmap.cc:247:execute$2977 to virtual_io_clock CPD: 24.8715 ns (40.2067 MHz)
  virtual_io_clock to $auto$clkbufmap.cc:247:execute$2977 CPD: 20.0241 ns (49.9398 MHz)

Placement estimated intra-domain worst setup slacks per constraint:
  $auto$clkbufmap.cc:247:execute$2977 to $auto$clkbufmap.cc:247:execute$2977 worst setup slack: -15.2884 ns
  clk to clk worst setup slack: -53.6077 ns

Placement estimated inter-domain worst setup slacks per constraint:
  $auto$clkbufmap.cc:247:execute$2977 to virtual_io_clock worst setup slack: -24.8715 ns
  virtual_io_clock to $auto$clkbufmap.cc:247:execute$2977 worst setup slack: -20.0241 ns

Placement estimated geomean non-virtual intra-domain period: 28.6282 ns (34.9306 MHz)
Placement estimated fanout-weighted geomean non-virtual intra-domain period: 12.7897 ns (78.1879 MHz)

Placement cost: 0.999571, bb_cost: 3.07435, td_cost: 3.72642e-07, 

Placement resource usage:
  PB-SYN_GND implemented as TL-SYN_GND: 1
  PB-BIDIR   implemented as TL-BIDIR  : 10
  PB-ASSP    implemented as TL-ASSP   : 1
  PB-LOGIC   implemented as TL-LOGIC  : 50
  PB-SYN_VCC implemented as TL-SYN_VCC: 1

Placement number of temperatures: 107
Placement total # of swap attempts: 26813
	Swaps accepted: 13074 (48.8 %)
	Swaps rejected: 12177 (45.4 %)
	Swaps aborted :  1562 ( 5.8 %)
Placement Quench timing analysis took 0.000268965 seconds (0.00020957 STA, 5.9395e-05 slack) (1 full updates: 1 setup, 0 hold, 0 combined).
Placement Total  timing analysis took 0.0313554 seconds (0.0244215 STA, 0.00693383 slack) (109 full updates: 109 setup, 0 hold, 0 combined).
update_td_costs: connections 0 nets 0 sum_nets 0 total 0
Incr Slack updates 109 in 0.00218968 sec
Full Max Req/Worst Slack updates 103 in 0.000584871 sec
Incr Max Req/Worst Slack updates 6 in 2.9481e-05 sec
Incr Criticality updates 2 in 4.9539e-05 sec
Full Criticality updates 107 in 0.00344288 sec
# Placement took 0.58 seconds (max_rss 404.8 MiB, delta_rss +47.8 MiB)

Flow timing analysis took 0.0313554 seconds (0.0244215 STA, 0.00693383 slack) (109 full updates: 109 setup, 0 hold, 0 combined).
VPR succeeded
The entire flow of VPR took 17.94 seconds (max_rss 404.8 MiB)
