VPR FPGA Placement and Routing.
Version: 8.1.0-dev+dadca7ecf
Revision: v8.0.0-rc2-2894-gdadca7ecf
Compiled: 2020-10-14T15:08:54
Compiler: GNU 7.3.0 on Linux-4.15.0-1028-gcp x86_64
Build Info: Release IPO VTR_ASSERT_LEVEL=2

University of Toronto
verilogtorouting.org
vtr-users@googlegroups.com
This is free open source code under MIT license.

VPR was run with the following command-line:
vpr /home/raghavendra/qorc-sdk/fpga_toolchain_install/v1.3.1/quicklogic-arch-defs/share/arch/ql-eos-s3_wlcsp/arch.timing.xml Fsm.eblif --device ql-eos-s3 --max_router_iterations 500 --routing_failure_predictor off --router_high_fanout_threshold -1 --constant_net_method route --route_chan_width 100 --clock_modeling route --place_delay_model delta_override --router_lookahead map --check_route quick --strict_checks off --allow_dangling_combinational_nodes on --disable_errors check_unbuffered_edges:check_route --congested_routing_iteration_threshold 0.8 --incremental_reroute_delay_ripup off --base_cost_type delay_normalized_length_bounded --bb_factor 10 --initial_pres_fac 4.0 --check_rr_graph off --suppress_warnings ,sum_pin_class:check_unbuffered_edges:load_rr_indexed_data_T_values:check_rr_node:trans_per_R:check_route:set_rr_graph_tool_comment:warn_model_missing_timing --read_rr_graph /home/raghavendra/qorc-sdk/fpga_toolchain_install/v1.3.1/quicklogic-arch-defs/share/arch/ql-eos-s3_wlcsp/rr_graph_ql-eos-s3_wlcsp.rr_graph.real.bin --read_placement_delay_lookup /home/raghavendra/qorc-sdk/fpga_toolchain_install/v1.3.1/quicklogic-arch-defs/share/arch/ql-eos-s3_wlcsp/rr_graph_ql-eos-s3_wlcsp.place_delay.bin --sdc_file /home/raghavendra/qorc-sdk/fpga-examples/test/build/Fsm_dummy.sdc --route

Using up to 1 parallel worker(s)

Architecture file: /home/raghavendra/qorc-sdk/fpga_toolchain_install/v1.3.1/quicklogic-arch-defs/share/arch/ql-eos-s3_wlcsp/arch.timing.xml
Circuit name: Fsm

# Loading Architecture Description
# Loading Architecture Description took 0.36 seconds (max_rss 31.1 MiB, delta_rss +25.0 MiB)
# Building complex block graph
# Building complex block graph took 0.07 seconds (max_rss 39.8 MiB, delta_rss +8.7 MiB)
# Load circuit
# Load circuit took 0.01 seconds (max_rss 41.5 MiB, delta_rss +1.7 MiB)
# Clean circuit
Absorbed 951 LUT buffers
Inferred  106 additional primitive pins as constant generators since they have no combinationally connected inputs
Inferred   38 additional primitive pins as constant generators due to constant inputs
Inferred    0 additional primitive pins as constant generators since they have no combinationally connected inputs
Inferred    0 additional primitive pins as constant generators due to constant inputs
Inferred    0 additional primitive pins as constant generators since they have no combinationally connected inputs
Inferred    0 additional primitive pins as constant generators due to constant inputs
Swept input(s)      : 0
Swept output(s)     : 0 (0 dangling, 0 constant)
Swept net(s)        : 141
Swept block(s)      : 1
Constant Pins Marked: 144
# Clean circuit took 0.01 seconds (max_rss 42.8 MiB, delta_rss +1.3 MiB)
# Compress circuit
# Compress circuit took 0.00 seconds (max_rss 42.8 MiB, delta_rss +0.0 MiB)
# Verify circuit
# Verify circuit took 0.00 seconds (max_rss 42.8 MiB, delta_rss +0.0 MiB)
Circuit Statistics:
  Blocks: 146
    .input    :       1
    .output   :       9
    ASSP      :       1
    BIDIR_CELL:      10
    C_FRAG    :      14
    F_FRAG    :       1
    GND       :       1
    Q_FRAG    :      36
    T_FRAG    :      72
    VCC       :       1
  Nets  : 137
    Avg Fanout:     8.3
    Max Fanout:   514.0
    Min Fanout:     1.0
  Netlist Clocks: 2
# Build Timing Graph
Warning 1: Inferred implicit clock source clock_dffe_Q.QZ[0] for netlist clock $auto$clkbufmap.cc:247:execute$2977 (possibly data used as clock)
  Timing Graph Nodes: 1278
  Timing Graph Edges: 2029
  Timing Graph Levels: 24
# Build Timing Graph took 0.00 seconds (max_rss 42.8 MiB, delta_rss +0.0 MiB)
Netlist contains 2 clocks
  Netlist Clock '$auto$clkbufmap.cc:247:execute$2977' Fanout: 10 pins (0.8%), 10 blocks (6.8%)
  Netlist Clock 'clk' Fanout: 28 pins (2.2%), 28 blocks (19.2%)
# Load Timing Constraints

SDC file '/home/raghavendra/qorc-sdk/fpga-examples/test/build/Fsm_dummy.sdc' contained no SDC commands
Setting default timing constraints:
   * constrain all primay inputs and primary outputs on a virtual external clock 'virtual_io_clock'
   * optimize all netlist and virtual clocks to run as fast as possible
   * ignore cross netlist clock domain timing paths
Timing constraints created 3 clocks
  Constrained Clock 'virtual_io_clock' (Virtual Clock)
  Constrained Clock '$auto$clkbufmap.cc:247:execute$2977' Source: 'clock_dffe_Q.QZ[0]'
  Constrained Clock 'clk' Source: 'u_qlal4s3b_cell_macro.Sys_Clk0[0]'

# Load Timing Constraints took 0.00 seconds (max_rss 42.8 MiB, delta_rss +0.0 MiB)
Timing analysis: ON
Circuit netlist file: Fsm.net
Circuit placement file: Fsm.place
Circuit routing file: Fsm.route
Circuit SDC file: /home/raghavendra/qorc-sdk/fpga-examples/test/build/Fsm_dummy.sdc

Packer: ENABLED
Placer: ENABLED
Router: ENABLED
Analysis: ENABLED

NetlistOpts.abosrb_buffer_luts            : true
NetlistOpts.sweep_dangling_primary_ios    : true
NetlistOpts.sweep_dangling_nets           : true
NetlistOpts.sweep_dangling_blocks         : true
NetlistOpts.sweep_constant_primary_outputs: false
NetlistOpts.netlist_verbosity             : 1
NetlistOpts.const_gen_inference           : COMB_SEQ

PackerOpts.allow_unrelated_clustering: auto
PackerOpts.alpha_clustering: 0.750000
PackerOpts.beta_clustering: 0.900000
PackerOpts.cluster_seed_type: BLEND2
PackerOpts.connection_driven: true
PackerOpts.global_clocks: true
PackerOpts.hill_climbing_flag: false
PackerOpts.inter_cluster_net_delay: 1.000000
PackerOpts.timing_driven: true
PackerOpts.target_external_pin_util: auto

PlacerOpts.place_freq: PLACE_ONCE
PlacerOpts.place_algorithm: CRITICALITY_TIMING_PLACE
PlacerOpts.pad_loc_type: FREE
PlacerOpts.constraints_file: No constraints file given
PlacerOpts.place_cost_exp: 1.000000
PlacerOpts.place_chan_width: 100
PlacerOpts.inner_loop_recompute_divider: 0
PlacerOpts.recompute_crit_iter: 1
PlacerOpts.timing_tradeoff: 0.500000
PlacerOpts.td_place_exp_first: 1.000000
PlacerOpts.td_place_exp_last: 8.000000
PlacerOpts.delay_offset: 0.000000
PlacerOpts.delay_ramp_delta_threshold: -1
PlacerOpts.delay_ramp_slope: 0.000000
PlacerOpts.tsu_rel_margin: 1.000000
PlacerOpts.tsu_abs_margin: 0.000000
PlacerOpts.post_place_timing_report_file: 
PlacerOpts.allowed_tiles_for_delay_model: 
PlacerOpts.delay_model_reducer: MIN
PlacerOpts.delay_model_type: DELTA_OVERRIDE
PlacerOpts.rlim_escape_fraction: 0.000000
PlacerOpts.move_stats_file: 
PlacerOpts.placement_saves_per_temperature: 0
PlacerOpts.effort_scaling: CIRCUIT
PlacerOpts.place_delta_delay_matrix_calculation_method: ASTAR_ROUTE
PlaceOpts.seed: 1
AnnealSched.type: AUTO_SCHED
AnnealSched.inner_num: 1.000000

RouterOpts.route_type: DETAILED
RouterOpts.router_algorithm: TIMING_DRIVEN
RouterOpts.base_cost_type: DELAY_NORMALIZED_LENGTH_BOUNDED
RouterOpts.fixed_channel_width: 100
RouterOpts.check_route: QUICK
RouterOpts.trim_empty_chan: false
RouterOpts.trim_obs_chan: false
RouterOpts.acc_fac: 1.000000
RouterOpts.bb_factor: 10
RouterOpts.bend_cost: 0.000000
RouterOpts.first_iter_pres_fac: 0.000000
RouterOpts.initial_pres_fac: 4.000000
RouterOpts.pres_fac_mult: 1.300000
RouterOpts.max_router_iterations: 500
RouterOpts.min_incremental_reroute_fanout: 16
RouterOpts.do_check_rr_graph: false
RouterOpts.verify_binary_search: false
RouterOpts.min_channel_width_hint: 0
RouterOpts.read_rr_edge_metadata: false
RouterOpts.exit_after_first_routing_iteration: false
RouterOpts.astar_fac: 1.200000
RouterOpts.criticality_exp: 1.000000
RouterOpts.max_criticality: 0.990000
RouterOpts.init_wirelength_abort_threshold: 0.850000
RouterOpts.save_routing_per_iteration: false
RouterOpts.congested_routing_iteration_threshold_frac: 0.800000
RouterOpts.high_fanout_threshold: -1
RouterOpts.router_debug_net: -2
RouterOpts.router_debug_sink_rr: -2
RouterOpts.router_debug_iteration: -2
RouterOpts.max_convergence_count: 1
RouterOpts.reconvergence_cpd_threshold: 0.990000
RouterOpts.update_lower_bound_delays: true
RouterOpts.first_iteration_timing_report_file: 
RouterOpts.incr_reroute_delay_ripup: OFF
RouterOpts.route_bb_update: DYNAMIC
RouterOpts.lookahead_type: MAP
RouterOpts.initial_timing: LOOKAHEAD
RouterOpts.router_heap: BINARY_HEAP
RouterOpts.routing_failure_predictor = OFF
RouterOpts.routing_budgets_algorithm = DISABLE

AnalysisOpts.gen_post_synthesis_netlist: false
AnalysisOpts.timing_report_npaths: 100
AnalysisOpts.timing_report_skew: false
AnalysisOpts.echo_dot_timing_graph_node: -1
AnalysisOpts.timing_report_detail: NETLIST

RoutingArch.directionality: BI_DIRECTIONAL
RoutingArch.switch_block_type: WILTON
RoutingArch.Fs: 3

# Load Packing
Begin loading packed FPGA netlist file.
Netlist generated from file 'Fsm.net'.
Detected 2 constant generators (to see names run with higher pack verbosity)
Finished loading packed FPGA netlist file (took 0.028684 seconds).
# Load Packing took 0.03 seconds (max_rss 44.2 MiB, delta_rss +1.5 MiB)
Warning 2: Netlist contains 0 global net to non-global architecture pin connections
Warning 3: Logic block #61 ($false) has only 1 output pin '$false.GND0_GND[0]'. It may be a constant generator.
Warning 4: Logic block #62 ($true) has only 1 output pin '$true.VCC0_VCC[0]'. It may be a constant generator.

Netlist num_nets: 97
Netlist num_blocks: 63
Netlist EMPTY blocks: 0.
Netlist PB-SYN_GND blocks: 1.
Netlist PB-BIDIR blocks: 10.
Netlist PB-ASSP blocks: 1.
Netlist PB-LOGIC blocks: 50.
Netlist PB-SDIOMUX blocks: 0.
Netlist PB-MULT blocks: 0.
Netlist PB-GMUX blocks: 0.
Netlist PB-CLOCK blocks: 0.
Netlist PB-RAM blocks: 0.
Netlist PB-SYN_VCC blocks: 1.
Netlist inputs pins: 1
Netlist output pins: 29


Pb types usage...
  PB-SYN_GND        : 1
   GND              : 1
  PB-BIDIR          : 10
   BIDIR            : 10
    INPUT           : 1
     bidir          : 1
     inpad          : 1
    OUTPUT          : 9
     bidir          : 9
     outpad         : 9
  PB-ASSP           : 1
   ASSP             : 1
  PB-LOGIC          : 50
   LOGIC            : 50
    FRAGS           : 50
     c_frag_modes   : 50
      SINGLE        : 14
       c_frag       : 14
      SPLIT         : 36
       b_frag       : 36
       t_frag       : 36
     f_frag         : 1
     q_frag_modes   : 36
      INT           : 31
       q_frag       : 31
      EXT           : 5
       q_frag       : 5
  PB-SYN_VCC        : 1
   VCC              : 1

# Create Device
## Build Device Grid
FPGA sized to 39 x 35: 1365 grid tiles (ql-eos-s3)

Resource usage...
	Netlist
		1	blocks of type: PB-SYN_GND
	Architecture
		1	blocks of type: TL-SYN_GND
	Netlist
		10	blocks of type: PB-BIDIR
	Architecture
		32	blocks of type: TL-BIDIR
	Netlist
		1	blocks of type: PB-ASSP
	Architecture
		1	blocks of type: TL-ASSP
	Netlist
		50	blocks of type: PB-LOGIC
	Architecture
		891	blocks of type: TL-LOGIC
	Netlist
		0	blocks of type: PB-SDIOMUX
	Architecture
		14	blocks of type: TL-SDIOMUX
	Netlist
		0	blocks of type: PB-MULT
	Architecture
		2	blocks of type: TL-MULT
	Netlist
		0	blocks of type: PB-GMUX
	Architecture
		5	blocks of type: TL-GMUX
	Netlist
		0	blocks of type: PB-CLOCK
	Architecture
		5	blocks of type: TL-CLOCK
	Netlist
		0	blocks of type: PB-RAM
	Architecture
		4	blocks of type: TL-RAM
	Netlist
		1	blocks of type: PB-SYN_VCC
	Architecture
		1	blocks of type: TL-SYN_VCC

Device Utilization: 0.05 (target 1.00)
	Physical Tile TL-LOGIC:
	Block Utilization: 0.06 Logical Block: PB-LOGIC
	Physical Tile TL-RAM:
	Block Utilization: 0.00 Logical Block: PB-RAM
	Physical Tile TL-MULT:
	Block Utilization: 0.00 Logical Block: PB-MULT
	Physical Tile TL-BIDIR:
	Block Utilization: 0.31 Logical Block: PB-BIDIR
	Physical Tile TL-CLOCK:
	Block Utilization: 0.00 Logical Block: PB-CLOCK
	Physical Tile TL-SDIOMUX:
	Block Utilization: 0.00 Logical Block: PB-SDIOMUX
	Physical Tile TL-GMUX:
	Block Utilization: 0.00 Logical Block: PB-GMUX
	Physical Tile TL-ASSP:
	Block Utilization: 1.00 Logical Block: PB-ASSP
	Physical Tile TL-SYN_VCC:
	Block Utilization: 1.00 Logical Block: PB-SYN_VCC
	Physical Tile TL-SYN_GND:
	Block Utilization: 1.00 Logical Block: PB-SYN_GND

## Build Device Grid took 0.01 seconds (max_rss 44.5 MiB, delta_rss +0.0 MiB)
## Loading routing resource graph


## Loading routing resource graph took 0.51 seconds (max_rss 352.1 MiB, delta_rss +307.6 MiB)
  RR Graph Nodes: 1396446
  RR Graph Edges: 2337988
# Create Device took 0.97 seconds (max_rss 356.9 MiB, delta_rss +312.4 MiB)

# Load Placement
Reading Fsm.place.

Successfully read Fsm.place.

# Load Placement took 0.00 seconds (max_rss 356.9 MiB, delta_rss +0.0 MiB)

# Computing router lookahead map
## Computing wire lookahead
Warning 5: Unable to find any sample location for segment CHANX type 'generic' (length 1)
Warning 6: Unable to find any sample location for segment CHANY type 'generic' (length 1)
Warning 7: Unable to find any sample location for segment CHANX type 'pad' (length 1)
Warning 8: Unable to find any sample location for segment CHANY type 'pad' (length 1)
## Computing wire lookahead took 16.47 seconds (max_rss 356.9 MiB, delta_rss +0.0 MiB)
## Computing src/opin lookahead
## Computing src/opin lookahead took 0.00 seconds (max_rss 356.9 MiB, delta_rss +0.0 MiB)
# Computing router lookahead map took 16.47 seconds (max_rss 356.9 MiB, delta_rss +0.0 MiB)
# Routing
  RR Graph Nodes: 1396446
  RR Graph Edges: 2337988
Confirming router algorithm: TIMING_DRIVEN.
## Initializing router criticalities
Initial Net Connection Criticality Histogram:
[        0:      0.1) 710 ( 66.7%) |***********************************************
[      0.1:      0.2)   0 (  0.0%) |
[      0.2:      0.3)   1 (  0.1%) |
[      0.3:      0.4)  57 (  5.4%) |****
[      0.4:      0.5)  24 (  2.3%) |**
[      0.5:      0.6)  12 (  1.1%) |*
[      0.6:      0.7)  36 (  3.4%) |**
[      0.7:      0.8)  66 (  6.2%) |****
[      0.8:      0.9)  52 (  4.9%) |***
[      0.9:        1) 106 ( 10.0%) |*******
## Initializing router criticalities took 0.00 seconds (max_rss 405.3 MiB, delta_rss +0.0 MiB)
---- ------ ------- ---- ------- ------- ------- ----------------- --------------- -------- ---------- ---------- ---------- ---------- --------
Iter   Time    pres  BBs    Heap  Re-Rtd  Re-Rtd Overused RR Nodes      Wirelength      CPD       sTNS       sWNS       hTNS       hWNS Est Succ
      (sec)     fac Updt    push    Nets   Conns                                       (ns)       (ns)       (ns)       (ns)       (ns)     Iter
---- ------ ------- ---- ------- ------- ------- ----------------- --------------- -------- ---------- ---------- ---------- ---------- --------
   1    6.7     0.0    0 3.2e+07      97    1064    1587 ( 0.114%)   25946 ( 1.8%)   59.390     -1850.    -59.390      0.000      0.000      N/A
   2    5.2     4.0    0 2.3e+07      79     650     835 ( 0.060%)   26894 ( 1.9%)   59.469     -1853.    -59.469      0.000      0.000      N/A
   3    4.8     5.2    0 2.1e+07      67     489     519 ( 0.037%)   27043 ( 1.9%)   59.483     -1853.    -59.483      0.000      0.000      N/A
   4    3.9     6.8    0 1.7e+07      54     391     384 ( 0.027%)   27205 ( 1.9%)   59.483     -1855.    -59.483      0.000      0.000      N/A
   5    3.4     8.8    0 1.5e+07      49     324     198 ( 0.014%)   27423 ( 1.9%)   59.537     -1863.    -59.537      0.000      0.000      N/A
   6    2.2    11.4    0 9573089      35     227     163 ( 0.012%)   27541 ( 1.9%)   59.411     -1865.    -59.411      0.000      0.000      N/A
   7    2.0    14.9    0 9045851      29     186     102 ( 0.007%)   27636 ( 2.0%)   59.411     -1864.    -59.411      0.000      0.000      N/A
   8    1.7    19.3    0 7866544      18     117      57 ( 0.004%)   27856 ( 2.0%)   59.450     -1867.    -59.450      0.000      0.000      N/A
   9    0.5    25.1    0 2486935      12      66      25 ( 0.002%)   27993 ( 2.0%)   59.450     -1867.    -59.450      0.000      0.000      N/A
  10    0.4    32.6    0 1857467       7      24      22 ( 0.002%)   28034 ( 2.0%)   59.450     -1867.    -59.450      0.000      0.000       16
  11    0.3    42.4    0 1205876       4      16       3 ( 0.000%)   28070 ( 2.0%)   60.602     -1891.    -60.602      0.000      0.000       15
  12    0.2    55.1    0  838701       2       3       0 ( 0.000%)   28278 ( 2.0%)   59.814     -1891.    -59.814      0.000      0.000       13
Restoring best routing
Critical path: 59.8145 ns
Successfully routed after 12 routing iterations.
Final Net Connection Criticality Histogram:
[        0:      0.1) 710 ( 66.7%) |***********************************************
[      0.1:      0.2)   0 (  0.0%) |
[      0.2:      0.3)   1 (  0.1%) |
[      0.3:      0.4)  60 (  5.6%) |****
[      0.4:      0.5)  17 (  1.6%) |*
[      0.5:      0.6)  13 (  1.2%) |*
[      0.6:      0.7)  48 (  4.5%) |***
[      0.7:      0.8)  48 (  4.5%) |***
[      0.8:      0.9)  31 (  2.9%) |**
[      0.9:        1) 136 ( 12.8%) |*********
Router Stats: total_nets_routed: 453 total_connections_routed: 3557 total_heap_pushes: 140311151 total_heap_pops: 123319179
# Routing took 31.86 seconds (max_rss 405.3 MiB, delta_rss +48.4 MiB)

Checking to ensure routing is legal...
Completed routing consistency check successfully.

Serial number (magic cookie) for the routing is: -1857556374
Circuit successfully routed with a channel width factor of 100.

Incr Slack updates 13 in 0.000270277 sec
Full Max Req/Worst Slack updates 9 in 7.2864e-05 sec
Incr Max Req/Worst Slack updates 4 in 3.6447e-05 sec
Incr Criticality updates 2 in 5.6696e-05 sec
Full Criticality updates 11 in 0.000424802 sec

Average number of bends per net: 241.856  Maximum # of bends: 6088

Number of global nets: 0
Number of routed nets (nonglobal): 97
Wire length results (in units of 1 clb segments)...
	Total wirelength: 26872, average net length: 277.031
	Maximum net length: 8079

Wire length results in terms of physical segments...
	Total wiring segments used: 24077, average wire segments per net: 248.216
	Maximum segments used by a net: 6362
	Total local nets with reserved CLB opins: 0

Routing channel utilization histogram:
[        1:      inf)    0 (  0.0%) |
[      0.9:        1)   58 (  2.2%) |*
[      0.8:      0.9)    0 (  0.0%) |
[      0.7:      0.8)    6 (  0.2%) |
[      0.5:      0.6)    0 (  0.0%) |
[      0.4:      0.5)    0 (  0.0%) |
[      0.3:      0.4)    4 (  0.2%) |
[      0.2:      0.3)   78 (  3.0%) |**
[      0.1:      0.2)   48 (  1.9%) |*
[        0:      0.1) 2390 ( 92.5%) |**********************************************
Maximum routing channel utilization:         1 at (1,3)

X - Directed channels:   j max occ ave occ capacity
                      ---- ------- ------- --------
                         0       2   1.333        2
                         1     161  10.026      221
                         2       0   0.000        0
                         3      83  20.897      635
                         4      68   4.051      623
                         5      70   2.436      658
                         6      77   3.205      623
                         7      74   1.897      623
                         8      28   2.179      623
                         9      11   0.872      623
                        10      21   4.641      665
                        11     153  11.718      623
                        12     168   8.615      647
                        13     232  23.564      623
                        14     237  40.718      623
                        15     225  41.538      623
                        16     218  38.436      623
                        17     216  31.692      623
                        18     249  26.462      725
                        19     216  34.769      623
                        20     239  19.821      623
                        21      17   0.923      623
                        22      10   0.487      623
                        23      21   1.026      623
                        24      20   1.308      623
                        25      10   0.538      657
                        26       7   0.179      634
                        27      11   0.282      623
                        28      11   0.821      623
                        29       7   0.179      624
                        30       0   0.000      625
                        31      10   0.487      626
                        32      31   2.692      786
                        33       0   0.000      269
Y - Directed channels:   i max occ ave occ capacity
                      ---- ------- ------- --------
                         0       0   0.000        2
                         1      47   4.057      287
                         2       1   0.029        4
                         3     179  55.229      848
                         4      36   1.343      874
                         5      46   2.314      819
                         6      23   4.629      760
                         7      46   3.857      761
                         8       6   0.971      761
                         9      46   4.257      761
                        10      17   2.400      757
                        11      11   1.343      775
                        12      54   3.886      757
                        13      41   3.171      761
                        14      30   5.257      761
                        15      11   1.514      761
                        16     168  15.771      761
                        17     210  38.000      761
                        18     242  62.000      761
                        19     231  46.314      816
                        20     206  39.429      761
                        21     174  30.114      883
                        22     175  30.400      761
                        23     173  15.829      761
                        24     181  16.143      761
                        25       0   0.000      761
                        26      30   1.343      757
                        27       0   0.000      775
                        28      30   1.771      757
                        29       0   0.000      761
                        30       0   0.000      761
                        31       0   0.000      761
                        32       0   0.000      761
                        33       0   0.000      763
                        34       0   0.000      762
                        35       0   0.000      764
                        36       0   0.000     1024
                        37       0   0.000      164

Total tracks in x-direction: 19611, in y-direction: 27046

Logic area (in minimum width transistor areas, excludes I/Os and empty grid tiles)...
	Total logic block area (Warning, need to add pitch of routing to blocks with height > 3): 1.3515e+07
	Total used logic block area: 795000

Routing area (in minimum width transistor areas)...
	Assuming no buffer sharing (pessimistic). Total: 1.07847e+09, per logic tile: 790090.
	Assuming buffer sharing (slightly optimistic). Total: 8.38760e+08, per logic tile: 614476.


Segment usage by type (index):    name type utilization
                               ------- ---- -----------
                                  sbox    2      0.0154
                                   vcc    3       0.106
                                   gnd    4       0.118
                                  hop1    5      0.0195
                                  hop2    6      0.0303
                                  hop3    7      0.0385
                                  hop4    8      0.0193
                                 clock    9           0
                               special   10      0.0828

Segment usage by length: length utilization
                         ------ -----------
                              1       0.016
                              2      0.0303
                              3      0.0385
                              4      0.0193


Final hold Worst Negative Slack (hWNS): 0 ns
Final hold Total Negative Slack (hTNS): 0 ns

Final hold slack histogram:
[  4.3e-09:  6.5e-09)  2 (  4.1%) |*****
[  6.5e-09:  8.6e-09) 20 ( 40.8%) |************************************************
[  8.6e-09:  1.1e-08)  9 ( 18.4%) |**********************
[  1.1e-08:  1.3e-08)  2 (  4.1%) |*****
[  1.3e-08:  1.5e-08)  6 ( 12.2%) |**************
[  1.5e-08:  1.7e-08)  3 (  6.1%) |*******
[  1.7e-08:  1.9e-08)  0 (  0.0%) |
[  1.9e-08:  2.2e-08)  0 (  0.0%) |
[  2.2e-08:  2.4e-08)  2 (  4.1%) |*****
[  2.4e-08:  2.6e-08)  5 ( 10.2%) |************

Final intra-domain worst hold slacks per constraint:
  $auto$clkbufmap.cc:247:execute$2977 to $auto$clkbufmap.cc:247:execute$2977 worst hold slack: 4.31247 ns
  clk to clk worst hold slack: 4.50261 ns

Final inter-domain worst hold slacks per constraint:
  virtual_io_clock to $auto$clkbufmap.cc:247:execute$2977 worst hold slack: 13.4016 ns
  $auto$clkbufmap.cc:247:execute$2977 to virtual_io_clock worst hold slack: 22.7393 ns

Final critical path delay (least slack): 59.702 ns
Final setup Worst Negative Slack (sWNS): -59.702 ns
Final setup Total Negative Slack (sTNS): -1888.55 ns

Final setup slack histogram:
[   -6e-08: -5.4e-08) 25 ( 51.0%) |************************************************
[ -5.4e-08: -4.9e-08)  1 (  2.0%) |**
[ -4.9e-08: -4.4e-08)  0 (  0.0%) |
[ -4.4e-08: -3.9e-08)  0 (  0.0%) |
[ -3.9e-08: -3.4e-08)  0 (  0.0%) |
[ -3.4e-08: -2.8e-08)  0 (  0.0%) |
[ -2.8e-08: -2.3e-08)  6 ( 12.2%) |************
[ -2.3e-08: -1.8e-08)  6 ( 12.2%) |************
[ -1.8e-08: -1.3e-08)  8 ( 16.3%) |***************
[ -1.3e-08: -7.7e-09)  3 (  6.1%) |******

Final intra-domain critical path delays (CPDs):
  $auto$clkbufmap.cc:247:execute$2977 to $auto$clkbufmap.cc:247:execute$2977 CPD: 15.4466 ns (64.739 MHz)
  clk to clk CPD: 59.702 ns (16.7499 MHz)

Final inter-domain critical path delays (CPDs):
  $auto$clkbufmap.cc:247:execute$2977 to virtual_io_clock CPD: 27.9833 ns (35.7356 MHz)
  virtual_io_clock to $auto$clkbufmap.cc:247:execute$2977 CPD: 19.2945 ns (51.8283 MHz)

Final intra-domain worst setup slacks per constraint:
  $auto$clkbufmap.cc:247:execute$2977 to $auto$clkbufmap.cc:247:execute$2977 worst setup slack: -15.4466 ns
  clk to clk worst setup slack: -59.702 ns

Final inter-domain worst setup slacks per constraint:
  $auto$clkbufmap.cc:247:execute$2977 to virtual_io_clock worst setup slack: -27.9833 ns
  virtual_io_clock to $auto$clkbufmap.cc:247:execute$2977 worst setup slack: -19.2945 ns

Final geomean non-virtual intra-domain period: 30.3677 ns (32.9298 MHz)
Final fanout-weighted geomean non-virtual intra-domain period: 13.5668 ns (73.7093 MHz)

Incr Slack updates 1 in 2.393e-05 sec
Full Max Req/Worst Slack updates 1 in 7.175e-06 sec
Incr Max Req/Worst Slack updates 0 in 0 sec
Incr Criticality updates 0 in 0 sec
Full Criticality updates 1 in 3.8513e-05 sec
Flow timing analysis took 0.0104124 seconds (0.00892395 STA, 0.00148848 slack) (14 full updates: 0 setup, 0 hold, 14 combined).
VPR succeeded
The entire flow of VPR took 49.89 seconds (max_rss 405.3 MiB)
