VPR FPGA Placement and Routing.
Version: 8.1.0-dev+dadca7ecf
Revision: v8.0.0-rc2-2894-gdadca7ecf
Compiled: 2020-10-14T15:08:54
Compiler: GNU 7.3.0 on Linux-4.15.0-1028-gcp x86_64
Build Info: Release IPO VTR_ASSERT_LEVEL=2

University of Toronto
verilogtorouting.org
vtr-users@googlegroups.com
This is free open source code under MIT license.

VPR was run with the following command-line:
vpr /home/raghavendra/qorc-sdk/fpga_toolchain_install/v1.3.1/quicklogic-arch-defs/share/arch/ql-eos-s3_wlcsp/arch.timing.xml Sequence.eblif --device ql-eos-s3 --max_router_iterations 500 --routing_failure_predictor off --router_high_fanout_threshold -1 --constant_net_method route --route_chan_width 100 --clock_modeling route --place_delay_model delta_override --router_lookahead map --check_route quick --strict_checks off --allow_dangling_combinational_nodes on --disable_errors check_unbuffered_edges:check_route --congested_routing_iteration_threshold 0.8 --incremental_reroute_delay_ripup off --base_cost_type delay_normalized_length_bounded --bb_factor 10 --initial_pres_fac 4.0 --check_rr_graph off --suppress_warnings ,sum_pin_class:check_unbuffered_edges:load_rr_indexed_data_T_values:check_rr_node:trans_per_R:check_route:set_rr_graph_tool_comment:warn_model_missing_timing --read_rr_graph /home/raghavendra/qorc-sdk/fpga_toolchain_install/v1.3.1/quicklogic-arch-defs/share/arch/ql-eos-s3_wlcsp/rr_graph_ql-eos-s3_wlcsp.rr_graph.real.bin --read_placement_delay_lookup /home/raghavendra/qorc-sdk/fpga_toolchain_install/v1.3.1/quicklogic-arch-defs/share/arch/ql-eos-s3_wlcsp/rr_graph_ql-eos-s3_wlcsp.place_delay.bin --sdc_file /home/raghavendra/qorc-sdk/fpga-examples/fsm3/build/Sequence_dummy.sdc --fix_clusters Sequence_constraints.place --place

Using up to 1 parallel worker(s)

Architecture file: /home/raghavendra/qorc-sdk/fpga_toolchain_install/v1.3.1/quicklogic-arch-defs/share/arch/ql-eos-s3_wlcsp/arch.timing.xml
Circuit name: Sequence

# Loading Architecture Description
# Loading Architecture Description took 0.32 seconds (max_rss 31.2 MiB, delta_rss +24.9 MiB)
# Building complex block graph
# Building complex block graph took 0.06 seconds (max_rss 39.9 MiB, delta_rss +8.7 MiB)
# Load circuit
# Load circuit took 0.01 seconds (max_rss 41.3 MiB, delta_rss +1.4 MiB)
# Clean circuit
Absorbed 895 LUT buffers
Inferred  106 additional primitive pins as constant generators since they have no combinationally connected inputs
Inferred   38 additional primitive pins as constant generators due to constant inputs
Inferred    0 additional primitive pins as constant generators since they have no combinationally connected inputs
Inferred    0 additional primitive pins as constant generators due to constant inputs
Inferred    0 additional primitive pins as constant generators since they have no combinationally connected inputs
Inferred    0 additional primitive pins as constant generators due to constant inputs
Swept input(s)      : 0
Swept output(s)     : 0 (0 dangling, 0 constant)
Swept net(s)        : 141
Swept block(s)      : 1
Constant Pins Marked: 144
# Clean circuit took 0.00 seconds (max_rss 42.4 MiB, delta_rss +1.1 MiB)
# Compress circuit
# Compress circuit took 0.00 seconds (max_rss 42.4 MiB, delta_rss +0.0 MiB)
# Verify circuit
# Verify circuit took 0.00 seconds (max_rss 42.4 MiB, delta_rss +0.0 MiB)
Circuit Statistics:
  Blocks: 140
    .input    :       1
    .output   :       9
    ASSP      :       1
    BIDIR_CELL:      10
    C_FRAG    :      18
    F_FRAG    :       2
    GND       :       1
    Q_FRAG    :      38
    T_FRAG    :      59
    VCC       :       1
  Nets  : 131
    Avg Fanout:     8.5
    Max Fanout:   492.0
    Min Fanout:     1.0
  Netlist Clocks: 1
# Build Timing Graph
  Timing Graph Nodes: 1250
  Timing Graph Edges: 1982
  Timing Graph Levels: 24
# Build Timing Graph took 0.00 seconds (max_rss 42.4 MiB, delta_rss +0.0 MiB)
Netlist contains 1 clocks
  Netlist Clock 'clk' Fanout: 38 pins (3.0%), 38 blocks (27.1%)
# Load Timing Constraints

SDC file '/home/raghavendra/qorc-sdk/fpga-examples/fsm3/build/Sequence_dummy.sdc' contained no SDC commands
Setting default timing constraints:
   * constrain all primay inputs and primary outputs on netlist clock 'clk'
   * optimize netlist clock to run as fast as possible
Timing constraints created 1 clocks
  Constrained Clock 'clk' Source: 'u_qlal4s3b_cell_macro.Sys_Clk0[0]'

# Load Timing Constraints took 0.00 seconds (max_rss 42.4 MiB, delta_rss +0.0 MiB)
Timing analysis: ON
Circuit netlist file: Sequence.net
Circuit placement file: Sequence.place
Circuit routing file: Sequence.route
Circuit SDC file: /home/raghavendra/qorc-sdk/fpga-examples/fsm3/build/Sequence_dummy.sdc

Packer: ENABLED
Placer: ENABLED
Router: DISABLED
Analysis: DISABLED

NetlistOpts.abosrb_buffer_luts            : true
NetlistOpts.sweep_dangling_primary_ios    : true
NetlistOpts.sweep_dangling_nets           : true
NetlistOpts.sweep_dangling_blocks         : true
NetlistOpts.sweep_constant_primary_outputs: false
NetlistOpts.netlist_verbosity             : 1
NetlistOpts.const_gen_inference           : COMB_SEQ

PackerOpts.allow_unrelated_clustering: auto
PackerOpts.alpha_clustering: 0.750000
PackerOpts.beta_clustering: 0.900000
PackerOpts.cluster_seed_type: BLEND2
PackerOpts.connection_driven: true
PackerOpts.global_clocks: true
PackerOpts.hill_climbing_flag: false
PackerOpts.inter_cluster_net_delay: 1.000000
PackerOpts.timing_driven: true
PackerOpts.target_external_pin_util: auto

PlacerOpts.place_freq: PLACE_ONCE
PlacerOpts.place_algorithm: CRITICALITY_TIMING_PLACE
PlacerOpts.pad_loc_type: FREE
PlacerOpts.constraints_file: Using constraints file 'Sequence_constraints.place'
PlacerOpts.place_cost_exp: 1.000000
PlacerOpts.place_chan_width: 100
PlacerOpts.inner_loop_recompute_divider: 0
PlacerOpts.recompute_crit_iter: 1
PlacerOpts.timing_tradeoff: 0.500000
PlacerOpts.td_place_exp_first: 1.000000
PlacerOpts.td_place_exp_last: 8.000000
PlacerOpts.delay_offset: 0.000000
PlacerOpts.delay_ramp_delta_threshold: -1
PlacerOpts.delay_ramp_slope: 0.000000
PlacerOpts.tsu_rel_margin: 1.000000
PlacerOpts.tsu_abs_margin: 0.000000
PlacerOpts.post_place_timing_report_file: 
PlacerOpts.allowed_tiles_for_delay_model: 
PlacerOpts.delay_model_reducer: MIN
PlacerOpts.delay_model_type: DELTA_OVERRIDE
PlacerOpts.rlim_escape_fraction: 0.000000
PlacerOpts.move_stats_file: 
PlacerOpts.placement_saves_per_temperature: 0
PlacerOpts.effort_scaling: CIRCUIT
PlacerOpts.place_delta_delay_matrix_calculation_method: ASTAR_ROUTE
PlaceOpts.seed: 1
AnnealSched.type: AUTO_SCHED
AnnealSched.inner_num: 1.000000

RoutingArch.directionality: BI_DIRECTIONAL
RoutingArch.switch_block_type: WILTON
RoutingArch.Fs: 3

# Load Packing
Begin loading packed FPGA netlist file.
Netlist generated from file 'Sequence.net'.
Detected 2 constant generators (to see names run with higher pack verbosity)
Finished loading packed FPGA netlist file (took 0.025245 seconds).
# Load Packing took 0.03 seconds (max_rss 43.9 MiB, delta_rss +1.5 MiB)
Warning 1: Netlist contains 0 global net to non-global architecture pin connections
Warning 2: Logic block #62 ($false) has only 1 output pin '$false.GND0_GND[0]'. It may be a constant generator.
Warning 3: Logic block #63 ($true) has only 1 output pin '$true.VCC0_VCC[0]'. It may be a constant generator.

Netlist num_nets: 91
Netlist num_blocks: 64
Netlist EMPTY blocks: 0.
Netlist PB-SYN_GND blocks: 1.
Netlist PB-BIDIR blocks: 10.
Netlist PB-ASSP blocks: 1.
Netlist PB-LOGIC blocks: 51.
Netlist PB-SDIOMUX blocks: 0.
Netlist PB-MULT blocks: 0.
Netlist PB-GMUX blocks: 0.
Netlist PB-CLOCK blocks: 0.
Netlist PB-RAM blocks: 0.
Netlist PB-SYN_VCC blocks: 1.
Netlist inputs pins: 1
Netlist output pins: 29


Pb types usage...
  PB-SYN_GND        : 1
   GND              : 1
  PB-BIDIR          : 10
   BIDIR            : 10
    INPUT           : 1
     bidir          : 1
     inpad          : 1
    OUTPUT          : 9
     bidir          : 9
     outpad         : 9
  PB-ASSP           : 1
   ASSP             : 1
  PB-LOGIC          : 51
   LOGIC            : 51
    FRAGS           : 51
     c_frag_modes   : 48
      SINGLE        : 18
       c_frag       : 18
      SPLIT         : 30
       b_frag       : 30
       t_frag       : 29
     f_frag         : 2
     q_frag_modes   : 38
      INT           : 30
       q_frag       : 30
      EXT           : 8
       q_frag       : 8
  PB-SYN_VCC        : 1
   VCC              : 1

# Create Device
## Build Device Grid
FPGA sized to 39 x 35: 1365 grid tiles (ql-eos-s3)

Resource usage...
	Netlist
		1	blocks of type: PB-SYN_GND
	Architecture
		1	blocks of type: TL-SYN_GND
	Netlist
		10	blocks of type: PB-BIDIR
	Architecture
		32	blocks of type: TL-BIDIR
	Netlist
		1	blocks of type: PB-ASSP
	Architecture
		1	blocks of type: TL-ASSP
	Netlist
		51	blocks of type: PB-LOGIC
	Architecture
		891	blocks of type: TL-LOGIC
	Netlist
		0	blocks of type: PB-SDIOMUX
	Architecture
		14	blocks of type: TL-SDIOMUX
	Netlist
		0	blocks of type: PB-MULT
	Architecture
		2	blocks of type: TL-MULT
	Netlist
		0	blocks of type: PB-GMUX
	Architecture
		5	blocks of type: TL-GMUX
	Netlist
		0	blocks of type: PB-CLOCK
	Architecture
		5	blocks of type: TL-CLOCK
	Netlist
		0	blocks of type: PB-RAM
	Architecture
		4	blocks of type: TL-RAM
	Netlist
		1	blocks of type: PB-SYN_VCC
	Architecture
		1	blocks of type: TL-SYN_VCC

Device Utilization: 0.05 (target 1.00)
	Physical Tile TL-LOGIC:
	Block Utilization: 0.06 Logical Block: PB-LOGIC
	Physical Tile TL-RAM:
	Block Utilization: 0.00 Logical Block: PB-RAM
	Physical Tile TL-MULT:
	Block Utilization: 0.00 Logical Block: PB-MULT
	Physical Tile TL-BIDIR:
	Block Utilization: 0.31 Logical Block: PB-BIDIR
	Physical Tile TL-CLOCK:
	Block Utilization: 0.00 Logical Block: PB-CLOCK
	Physical Tile TL-SDIOMUX:
	Block Utilization: 0.00 Logical Block: PB-SDIOMUX
	Physical Tile TL-GMUX:
	Block Utilization: 0.00 Logical Block: PB-GMUX
	Physical Tile TL-ASSP:
	Block Utilization: 1.00 Logical Block: PB-ASSP
	Physical Tile TL-SYN_VCC:
	Block Utilization: 1.00 Logical Block: PB-SYN_VCC
	Physical Tile TL-SYN_GND:
	Block Utilization: 1.00 Logical Block: PB-SYN_GND

## Build Device Grid took 0.00 seconds (max_rss 44.1 MiB, delta_rss +0.0 MiB)
## Loading routing resource graph


## Loading routing resource graph took 0.46 seconds (max_rss 351.9 MiB, delta_rss +307.8 MiB)
  RR Graph Nodes: 1396446
  RR Graph Edges: 2337988
# Create Device took 0.90 seconds (max_rss 355.1 MiB, delta_rss +311.1 MiB)

# Computing router lookahead map
## Computing wire lookahead
Warning 4: Unable to find any sample location for segment CHANX type 'generic' (length 1)
Warning 5: Unable to find any sample location for segment CHANY type 'generic' (length 1)
Warning 6: Unable to find any sample location for segment CHANX type 'pad' (length 1)
Warning 7: Unable to find any sample location for segment CHANY type 'pad' (length 1)
## Computing wire lookahead took 15.16 seconds (max_rss 355.1 MiB, delta_rss +0.0 MiB)
## Computing src/opin lookahead
## Computing src/opin lookahead took 0.00 seconds (max_rss 355.1 MiB, delta_rss +0.0 MiB)
# Computing router lookahead map took 15.16 seconds (max_rss 355.1 MiB, delta_rss +0.0 MiB)
# Placement
## Computing placement delta delay look-up
  RR Graph Nodes: 1396446
  RR Graph Edges: 2337988
## Computing placement delta delay look-up took 0.46 seconds (max_rss 403.8 MiB, delta_rss +48.7 MiB)
Warning 8: CHANX place cost fac is 0 at 2 2
Warning 9: CHANX place cost fac is 0 at 34 34
Warning 10: CHANY place cost fac is 0 at 38 38
## Initial Placement
Reading Sequence_constraints.place.

Successfully read Sequence_constraints.place.

## Initial Placement took 0.00 seconds (max_rss 403.8 MiB, delta_rss +0.0 MiB)

There are 1050 point to point connections in this circuit.


BB estimate of min-dist (placement) wire length: 4523

Completed placement consistency check successfully.
Initial placement cost: 1 bb_cost: 6.70201 td_cost: 1.67219e-06
Initial placement estimated Critical Path Delay (CPD): 102.834 ns
Initial placement estimated setup Total Negative Slack (sTNS): -4151.41 ns
Initial placement estimated setup Worst Negative Slack (sWNS): -102.834 ns

Initial placement estimated setup slack histogram:
[   -1e-07: -9.4e-08) 35 ( 63.6%) |************************************************
[ -9.4e-08: -8.5e-08)  1 (  1.8%) |*
[ -8.5e-08: -7.6e-08)  0 (  0.0%) |
[ -7.6e-08: -6.8e-08)  0 (  0.0%) |
[ -6.8e-08: -5.9e-08)  0 (  0.0%) |
[ -5.9e-08:   -5e-08)  0 (  0.0%) |
[   -5e-08: -4.1e-08)  1 (  1.8%) |*
[ -4.1e-08: -3.2e-08)  6 ( 10.9%) |********
[ -3.2e-08: -2.3e-08)  7 ( 12.7%) |**********
[ -2.3e-08: -1.5e-08)  5 (  9.1%) |*******
Placement contains 0 placement macros involving 0 blocks (average macro size -nan)

Moves per temperature: 255
Warning 11: Starting t: 62 of 64 configurations accepted.

---- ------ ------- ------- ---------- ---------- ------- ---------- -------- ------- ------- ------ -------- --------- ------
Tnum   Time       T Av Cost Av BB Cost Av TD Cost     CPD       sTNS     sWNS Ac Rate Std Dev  R lim Crit Exp Tot Moves  Alpha
      (sec)                                          (ns)       (ns)     (ns)                                                 
---- ------ ------- ------- ---------- ---------- ------- ---------- -------- ------- ------- ------ -------- --------- ------
   1    0.0 3.4e-01   0.956       6.76 1.5755e-06 108.564  -4.36e+03 -108.564   0.914  0.0234   38.0     1.00       255  0.200
   2    0.0 3.1e-01   0.991       6.52 1.6043e-06  94.086  -3.85e+03  -94.086   0.914  0.0274   38.0     1.00       510  0.900
   3    0.0 2.7e-01   1.005       6.84 1.5638e-06 108.859  -4.33e+03 -108.859   0.922  0.0169   38.0     1.00       765  0.900
   4    0.0 2.5e-01   0.969       6.79 1.551e-06  107.250  -4.12e+03 -107.250   0.937  0.0254   38.0     1.00      1020  0.900
   5    0.0 2.2e-01   0.980       6.79 1.5722e-06 109.148  -4.21e+03 -109.148   0.929  0.0268   38.0     1.00      1275  0.900
   6    0.0 2.0e-01   1.018       6.71 1.6535e-06  91.363  -3.72e+03  -91.363   0.945  0.0331   38.0     1.00      1530  0.900
   7    0.0 1.8e-01   1.061       6.78 1.594e-06  107.054  -4.16e+03 -107.054   0.933  0.0293   38.0     1.00      1785  0.900
   8    0.0 1.6e-01   0.968       6.60 1.4606e-06 119.233  -4.48e+03 -119.233   0.929  0.0296   38.0     1.00      2040  0.900
   9    0.0 1.5e-01   1.032       6.61 1.5645e-06 104.194  -3.96e+03 -104.194   0.929  0.0424   38.0     1.00      2295  0.900
  10    0.0 1.3e-01   0.988       6.40 1.5041e-06 106.299  -4.18e+03 -106.299   0.922  0.0254   38.0     1.00      2550  0.900
  11    0.0 1.2e-01   1.061       6.61 1.4975e-06 105.266  -3.96e+03 -105.266   0.937  0.0328   38.0     1.00      2805  0.900
  12    0.0 1.1e-01   0.979       6.76 1.5069e-06 113.504  -4.28e+03 -113.504   0.957  0.0222   38.0     1.00      3060  0.900
  13    0.0 9.6e-02   0.974       6.78 1.55e-06   111.266  -4.27e+03 -111.266   0.922  0.0383   38.0     1.00      3315  0.900
  14    0.0 8.6e-02   0.936       6.68 1.4991e-06 115.173  -4.33e+03 -115.173   0.918  0.0343   38.0     1.00      3570  0.900
  15    0.0 7.8e-02   0.996       6.68 1.5736e-06 104.056  -3.92e+03 -104.056   0.922  0.0226   38.0     1.00      3825  0.900
  16    0.0 7.0e-02   0.967       6.58 1.4629e-06 114.669  -4.18e+03 -114.669   0.914  0.0226   38.0     1.00      4080  0.900
  17    0.0 6.3e-02   0.997       6.63 1.4574e-06 103.761     -4e+03 -103.761   0.898  0.0194   38.0     1.00      4335  0.900
  18    0.0 5.7e-02   0.982       6.56 1.5111e-06 100.803  -3.93e+03 -100.803   0.902  0.0275   38.0     1.00      4590  0.900
  19    0.0 5.1e-02   1.006       6.52 1.4225e-06 113.472  -4.28e+03 -113.472   0.894  0.0405   38.0     1.00      4845  0.900
  20    0.0 4.6e-02   0.923       6.55 1.4902e-06 118.247   -4.4e+03 -118.247   0.878  0.0336   38.0     1.00      5100  0.900
  21    0.0 4.1e-02   1.000       6.54 1.514e-06  111.531  -4.13e+03 -111.531   0.875  0.0253   38.0     1.00      5355  0.900
  22    0.0 3.7e-02   0.999       6.50 1.4565e-06 107.003  -4.19e+03 -107.003   0.875  0.0304   38.0     1.00      5610  0.900
  23    0.0 3.3e-02   0.960       6.66 1.4886e-06 112.050  -4.44e+03 -112.050   0.859  0.0310   38.0     1.00      5865  0.900
  24    0.0 3.0e-02   0.992       6.69 1.4661e-06 117.257  -4.45e+03 -117.257   0.859  0.0268   38.0     1.00      6120  0.900
  25    0.0 2.7e-02   0.963       6.20 1.4293e-06  98.752  -3.72e+03  -98.752   0.796  0.0287   38.0     1.00      6375  0.900
  26    0.0 2.6e-02   0.998       6.36 1.4508e-06 101.576  -3.94e+03 -101.576   0.835  0.0254   38.0     1.00      6630  0.950
  27    0.0 2.3e-02   1.011       6.10 1.3909e-06  94.431  -3.65e+03  -94.431   0.776  0.0433   38.0     1.00      6885  0.900
  28    0.0 2.2e-02   1.000       6.46 1.3837e-06 114.479  -4.41e+03 -114.479   0.761  0.0292   38.0     1.00      7140  0.950
  29    0.0 2.1e-02   0.971       6.24 1.438e-06  102.668  -3.99e+03 -102.668   0.831  0.0255   38.0     1.00      7395  0.950
  30    0.0 1.9e-02   0.989       6.43 1.4804e-06 102.073  -4.05e+03 -102.073   0.804  0.0359   38.0     1.00      7650  0.900
  31    0.0 1.7e-02   0.983       6.16 1.4335e-06 103.153  -3.96e+03 -103.153   0.784  0.0162   38.0     1.00      7905  0.900
  32    0.0 1.6e-02   1.048       6.27 1.443e-06   98.459  -3.73e+03  -98.459   0.741  0.0258   38.0     1.00      8160  0.950
  33    0.0 1.5e-02   1.008       6.59 1.4995e-06 112.335  -4.29e+03 -112.335   0.780  0.0183   38.0     1.00      8415  0.950
  34    0.0 1.4e-02   0.946       6.14 1.382e-06  107.456  -3.96e+03 -107.456   0.718  0.0255   38.0     1.00      8670  0.950
  35    0.0 1.4e-02   0.984       6.25 1.4086e-06  98.234  -3.77e+03  -98.234   0.749  0.0280   38.0     1.00      8925  0.950
  36    0.0 1.3e-02   1.019       5.99 1.3422e-06  96.078  -3.81e+03  -96.078   0.718  0.0290   38.0     1.00      9180  0.950
  37    0.0 1.2e-02   0.946       5.83 1.3179e-06  93.567  -3.62e+03  -93.567   0.624  0.0342   38.0     1.00      9435  0.950
  38    0.0 1.2e-02   0.979       5.66 1.2852e-06  93.199  -3.67e+03  -93.199   0.584  0.0290   38.0     1.00      9690  0.950
  39    0.0 1.1e-02   0.960       5.56 1.3096e-06  95.233  -3.63e+03  -95.233   0.608  0.0168   38.0     1.00      9945  0.950
  40    0.0 1.1e-02   0.994       5.67 1.3306e-06  91.353  -3.55e+03  -91.353   0.600  0.0231   38.0     1.00     10200  0.950
  41    0.0 1.0e-02   0.993       5.39 1.3111e-06  85.467  -3.37e+03  -85.467   0.533  0.0154   38.0     1.00     10455  0.950
  42    0.0 9.6e-03   1.027       5.39 1.3044e-06  89.851  -3.52e+03  -89.851   0.525  0.0123   38.0     1.00     10710  0.950
  43    0.0 9.1e-03   1.019       5.64 1.3219e-06  90.222  -3.51e+03  -90.222   0.533  0.0334   38.0     1.00     10965  0.950
  44    0.0 8.7e-03   0.968       5.86 1.3845e-06  91.815  -3.58e+03  -91.815   0.612  0.0357   38.0     1.00     11220  0.950
  45    0.0 8.2e-03   0.992       5.85 1.366e-06   96.875  -3.65e+03  -96.875   0.573  0.0181   38.0     1.00     11475  0.950
  46    0.0 7.8e-03   1.012       5.78 1.3236e-06  97.913  -3.59e+03  -97.913   0.596  0.0230   38.0     1.00     11730  0.950
  47    0.0 7.4e-03   0.981       5.83 1.2914e-06 103.436  -3.93e+03 -103.436   0.549  0.0130   38.0     1.00     11985  0.950
  48    0.0 7.1e-03   0.973       5.55 1.3076e-06  90.103   -3.6e+03  -90.103   0.561  0.0292   38.0     1.00     12240  0.950
  49    0.0 6.7e-03   0.994       5.14 1.2131e-06  90.252  -3.61e+03  -90.252   0.431  0.0166   38.0     1.00     12495  0.950
  50    0.0 6.4e-03   1.024       5.17 1.2689e-06  73.043  -2.82e+03  -73.043   0.408  0.0183   37.7     1.06     12750  0.950
  51    0.0 6.1e-03   0.962       5.14 1.0632e-06  89.131  -3.45e+03  -89.131   0.443  0.0189   36.5     1.29     13005  0.950
  52    0.0 5.8e-03   0.926       4.75 9.7889e-07  89.177   -3.4e+03  -89.177   0.341  0.0365   36.6     1.27     13260  0.950
  53    0.0 5.5e-03   1.001       4.63 7.83e-07    83.703  -3.22e+03  -83.703   0.267  0.0208   33.0     1.95     13515  0.950
  54    0.0 5.2e-03   1.018       4.48 6.3911e-07  72.631  -2.86e+03  -72.631   0.282  0.0114   27.2     3.03     13770  0.950
  55    0.0 4.9e-03   0.978       4.43 5.6636e-07  69.107  -2.83e+03  -69.107   0.278  0.0152   23.0     3.85     14025  0.950
  56    0.0 4.7e-03   1.002       4.39 4.9336e-07  74.126  -2.93e+03  -74.126   0.227  0.0140   19.2     4.55     14280  0.950
  57    0.0 4.5e-03   1.014       4.69 4.7663e-07  74.880  -2.93e+03  -74.880   0.333  0.0303   15.2     5.32     14535  0.950
  58    0.0 4.2e-03   0.985       4.32 4.5076e-07  71.783  -2.86e+03  -71.783   0.333  0.0172   13.5     5.63     14790  0.950
  59    0.0 4.0e-03   1.026       4.34 4.3858e-07  70.454  -2.75e+03  -70.454   0.247  0.0117   12.1     5.90     15045  0.950
  60    0.0 3.8e-03   0.986       4.34 4.3183e-07  68.931  -2.74e+03  -68.931   0.424  0.0132    9.8     6.34     15300  0.950
  61    0.0 3.6e-03   0.965       4.14 4.1268e-07  67.254  -2.68e+03  -67.254   0.322  0.0144    9.6     6.37     15555  0.950
  62    0.0 3.4e-03   0.991       4.08 4.0791e-07  65.277  -2.69e+03  -65.277   0.337  0.0148    8.5     6.59     15810  0.950
  63    0.0 3.3e-03   1.005       4.13 4.1428e-07  67.144  -2.72e+03  -67.144   0.373  0.0114    7.6     6.75     16065  0.950
  64    0.0 3.1e-03   0.988       4.12 3.2966e-07  72.586  -2.84e+03  -72.586   0.349  0.0114    7.1     6.85     16320  0.950
  65    0.0 3.0e-03   0.992       4.03 3.4197e-07  65.312  -2.66e+03  -65.312   0.345  0.0158    6.4     6.97     16575  0.950
  66    0.0 2.8e-03   0.953       3.96 3.282e-07   70.964  -2.78e+03  -70.964   0.447  0.0164    5.8     7.09     16830  0.950
  67    0.0 2.7e-03   0.976       3.85 3.2445e-07  68.633  -2.69e+03  -68.633   0.380  0.0136    5.9     7.08     17085  0.950
  68    0.0 2.5e-03   1.006       4.04 3.4362e-07  64.201  -2.58e+03  -64.201   0.337  0.0093    5.5     7.15     17340  0.950
  69    0.0 2.4e-03   0.982       3.96 3.4072e-07  63.676  -2.58e+03  -63.676   0.404  0.0166    5.0     7.25     17595  0.950
  70    0.0 2.3e-03   0.982       3.83 3.458e-07   63.425  -2.57e+03  -63.425   0.376  0.0141    4.8     7.29     17850  0.950
  71    0.0 2.2e-03   0.980       3.61 3.3214e-07  62.602  -2.55e+03  -62.602   0.345  0.0099    4.5     7.34     18105  0.950
  72    0.0 2.1e-03   0.968       3.51 2.8009e-07  66.405  -2.64e+03  -66.405   0.314  0.0152    4.0     7.42     18360  0.950
  73    0.0 2.0e-03   0.973       3.48 2.7969e-07  62.714  -2.52e+03  -62.714   0.314  0.0160    3.5     7.52     18615  0.950
  74    0.0 1.9e-03   1.011       3.48 3.1527e-07  58.899  -2.43e+03  -58.899   0.259  0.0090    3.1     7.61     18870  0.950
  75    0.0 1.8e-03   0.984       3.51 2.857e-07   63.805   -2.6e+03  -63.805   0.373  0.0101    2.5     7.71     19125  0.950
  76    0.0 1.7e-03   0.995       3.45 2.9e-07     57.568   -2.4e+03  -57.568   0.353  0.0034    2.4     7.74     19380  0.950
  77    0.0 1.6e-03   1.003       3.42 3.2928e-07  56.987  -2.39e+03  -56.987   0.431  0.0053    2.2     7.78     19635  0.950
  78    0.0 1.5e-03   0.970       3.36 2.8358e-07  58.842  -2.41e+03  -58.842   0.416  0.0108    2.1     7.79     19890  0.950
  79    0.0 1.4e-03   1.001       3.38 2.9533e-07  55.398  -2.29e+03  -55.398   0.267  0.0031    2.1     7.80     20145  0.950
  80    0.0 1.4e-03   0.996       3.35 2.878e-07   54.148  -2.21e+03  -54.148   0.404  0.0046    1.7     7.86     20400  0.950
  81    0.0 1.3e-03   1.005       3.42 2.7319e-07  57.276  -2.31e+03  -57.276   0.369  0.0059    1.7     7.88     20655  0.950
  82    0.0 1.2e-03   0.982       3.38 2.8389e-07  55.635  -2.26e+03  -55.635   0.349  0.0089    1.5     7.90     20910  0.950
  83    0.0 1.2e-03   0.990       3.29 2.7866e-07  55.050  -2.28e+03  -55.050   0.392  0.0033    1.4     7.92     21165  0.950
  84    0.0 1.1e-03   1.003       3.31 2.9049e-07  55.805  -2.32e+03  -55.805   0.369  0.0035    1.3     7.94     21420  0.950
  85    0.0 1.1e-03   0.992       3.34 2.8157e-07  57.462  -2.38e+03  -57.462   0.376  0.0055    1.2     7.95     21675  0.950
  86    0.0 1.0e-03   0.992       3.31 2.8624e-07  55.114  -2.29e+03  -55.114   0.349  0.0032    1.2     7.97     21930  0.950
  87    0.0 9.6e-04   0.985       3.27 2.7995e-07  56.879  -2.34e+03  -56.879   0.259  0.0086    1.1     7.99     22185  0.950
  88    0.0 9.1e-04   0.989       3.22 2.8917e-07  52.859  -2.21e+03  -52.859   0.235  0.0083    1.0     8.00     22440  0.950
  89    0.0 8.6e-04   0.994       3.18 2.7315e-07  53.371  -2.21e+03  -53.371   0.192  0.0030    1.0     8.00     22695  0.950
  90    0.0 8.2e-04   1.006       3.21 2.7584e-07  53.615   -2.2e+03  -53.615   0.259  0.0031    1.0     8.00     22950  0.950
  91    0.0 7.8e-04   0.995       3.16 2.713e-07   54.318  -2.25e+03  -54.318   0.212  0.0032    1.0     8.00     23205  0.950
  92    0.0 7.4e-04   0.994       3.16 2.7541e-07  53.841  -2.21e+03  -53.841   0.216  0.0021    1.0     8.00     23460  0.950
  93    0.0 7.0e-04   0.996       3.16 2.5658e-07  56.713  -2.34e+03  -56.713   0.216  0.0031    1.0     8.00     23715  0.950
  94    0.0 6.7e-04   0.999       3.14 2.6405e-07  54.871  -2.27e+03  -54.871   0.247  0.0015    1.0     8.00     23970  0.950
  95    0.0 6.3e-04   0.993       3.12 2.6225e-07  54.178  -2.24e+03  -54.178   0.192  0.0038    1.0     8.00     24225  0.950
  96    0.0 6.0e-04   0.999       3.13 2.8294e-07  52.678  -2.19e+03  -52.678   0.180  0.0012    1.0     8.00     24480  0.950
  97    0.0 5.7e-04   0.989       3.10 2.7222e-07  53.677  -2.25e+03  -53.677   0.184  0.0051    1.0     8.00     24735  0.950
  98    0.0 5.4e-04   0.997       3.09 2.5503e-07  54.265  -2.23e+03  -54.265   0.153  0.0020    1.0     8.00     24990  0.950
  99    0.0 5.2e-04   0.999       3.08 2.6168e-07  53.655  -2.22e+03  -53.655   0.141  0.0012    1.0     8.00     25245  0.950
 100    0.0 4.1e-04   0.997       3.07 2.5928e-07  53.655  -2.22e+03  -53.655   0.145  0.0019    1.0     8.00     25500  0.800
 101    0.0 3.3e-04   0.998       3.06 2.6547e-07  52.925  -2.23e+03  -52.925   0.118  0.0017    1.0     8.00     25755  0.800
 102    0.0 2.6e-04   0.997       3.05 2.5435e-07  53.655  -2.23e+03  -53.655   0.071  0.0010    1.0     8.00     26010  0.800
 103    0.0 2.1e-04   1.000       3.05 2.5802e-07  53.215  -2.22e+03  -53.215   0.035  0.0007    1.0     8.00     26265  0.800
 104    0.0 1.7e-04   1.000       3.05 2.5846e-07  53.215  -2.22e+03  -53.215   0.063  0.0003    1.0     8.00     26520  0.800
 105    0.0 1.4e-04   0.999       3.04 2.5835e-07  53.215  -2.22e+03  -53.215   0.051  0.0012    1.0     8.00     26775  0.800
 106    0.0 1.1e-04   1.000       3.04 2.5781e-07  53.174  -2.22e+03  -53.174   0.027  0.0001    1.0     8.00     27030  0.800
 107    0.0 8.7e-05   0.999       3.04 2.6158e-07  53.215  -2.21e+03  -53.215   0.031  0.0006    1.0     8.00     27285  0.800
 108    0.0 6.9e-05   1.000       3.03 2.5797e-07  53.174  -2.22e+03  -53.174   0.027  0.0002    1.0     8.00     27540  0.800
 109    0.0 5.5e-05   1.000       3.03 2.6223e-07  53.174  -2.22e+03  -53.174   0.008  0.0007    1.0     8.00     27795  0.800
 110    0.0 0.0e+00   0.999       3.03 2.6192e-07  53.174  -2.22e+03  -53.174   0.004  0.0000    1.0     8.00     28050  0.800
## Placement Quench took 0.00 seconds (max_rss 403.8 MiB)

BB estimate of min-dist (placement) wire length: 2025

Completed placement consistency check successfully.

Swaps called: 28114

Aborted Move Reasons:
  No moves aborted

Placement estimated critical path delay (least slack): 53.1743 ns, Fmax: 18.8061 MHz
Placement estimated setup Worst Negative Slack (sWNS): -53.1743 ns
Placement estimated setup Total Negative Slack (sTNS): -2218.57 ns

Placement estimated setup slack histogram:
[ -5.3e-08: -4.9e-08) 34 ( 61.8%) |************************************************
[ -4.9e-08: -4.4e-08)  2 (  3.6%) |***
[ -4.4e-08: -3.9e-08)  0 (  0.0%) |
[ -3.9e-08: -3.5e-08)  0 (  0.0%) |
[ -3.5e-08:   -3e-08)  5 (  9.1%) |*******
[   -3e-08: -2.6e-08)  3 (  5.5%) |****
[ -2.6e-08: -2.1e-08)  0 (  0.0%) |
[ -2.1e-08: -1.6e-08)  5 (  9.1%) |*******
[ -1.6e-08: -1.2e-08)  2 (  3.6%) |***
[ -1.2e-08: -7.3e-09)  4 (  7.3%) |******

Placement estimated geomean non-virtual intra-domain period: 53.1743 ns (18.8061 MHz)
Placement estimated fanout-weighted geomean non-virtual intra-domain period: 53.1743 ns (18.8061 MHz)

Placement cost: 0.999285, bb_cost: 3.02513, td_cost: 2.57956e-07, 

Placement resource usage:
  PB-SYN_GND implemented as TL-SYN_GND: 1
  PB-BIDIR   implemented as TL-BIDIR  : 10
  PB-ASSP    implemented as TL-ASSP   : 1
  PB-LOGIC   implemented as TL-LOGIC  : 51
  PB-SYN_VCC implemented as TL-SYN_VCC: 1

Placement number of temperatures: 110
Placement total # of swap attempts: 28114
	Swaps accepted: 14012 (49.8 %)
	Swaps rejected: 12601 (44.8 %)
	Swaps aborted :  1501 ( 5.3 %)
Placement Quench timing analysis took 0.000213138 seconds (0.000175353 STA, 3.7785e-05 slack) (1 full updates: 1 setup, 0 hold, 0 combined).
Placement Total  timing analysis took 0.027203 seconds (0.0214011 STA, 0.00580183 slack) (112 full updates: 112 setup, 0 hold, 0 combined).
update_td_costs: connections 0 nets 0 sum_nets 0 total 0
Incr Slack updates 112 in 0.00201111 sec
Full Max Req/Worst Slack updates 90 in 0.000255424 sec
Incr Max Req/Worst Slack updates 22 in 6.3222e-05 sec
Incr Criticality updates 6 in 0.000120562 sec
Full Criticality updates 106 in 0.00291729 sec
# Placement took 0.56 seconds (max_rss 403.8 MiB, delta_rss +48.7 MiB)

Flow timing analysis took 0.027203 seconds (0.0214011 STA, 0.00580183 slack) (112 full updates: 112 setup, 0 hold, 0 combined).
VPR succeeded
The entire flow of VPR took 17.06 seconds (max_rss 403.8 MiB)
