VPR FPGA Placement and Routing.
Version: 8.1.0-dev+dadca7ecf
Revision: v8.0.0-rc2-2894-gdadca7ecf
Compiled: 2020-10-14T15:08:54
Compiler: GNU 7.3.0 on Linux-4.15.0-1028-gcp x86_64
Build Info: Release IPO VTR_ASSERT_LEVEL=2

University of Toronto
verilogtorouting.org
vtr-users@googlegroups.com
This is free open source code under MIT license.

VPR was run with the following command-line:
vpr /home/raghavendra/qorc-sdk/fpga_toolchain_install/v1.3.1/quicklogic-arch-defs/share/arch/ql-eos-s3_wlcsp/arch.timing.xml Sequence.eblif --device ql-eos-s3 --max_router_iterations 500 --routing_failure_predictor off --router_high_fanout_threshold -1 --constant_net_method route --route_chan_width 100 --clock_modeling route --place_delay_model delta_override --router_lookahead map --check_route quick --strict_checks off --allow_dangling_combinational_nodes on --disable_errors check_unbuffered_edges:check_route --congested_routing_iteration_threshold 0.8 --incremental_reroute_delay_ripup off --base_cost_type delay_normalized_length_bounded --bb_factor 10 --initial_pres_fac 4.0 --check_rr_graph off --suppress_warnings ,sum_pin_class:check_unbuffered_edges:load_rr_indexed_data_T_values:check_rr_node:trans_per_R:check_route:set_rr_graph_tool_comment:warn_model_missing_timing --read_rr_graph /home/raghavendra/qorc-sdk/fpga_toolchain_install/v1.3.1/quicklogic-arch-defs/share/arch/ql-eos-s3_wlcsp/rr_graph_ql-eos-s3_wlcsp.rr_graph.real.bin --read_placement_delay_lookup /home/raghavendra/qorc-sdk/fpga_toolchain_install/v1.3.1/quicklogic-arch-defs/share/arch/ql-eos-s3_wlcsp/rr_graph_ql-eos-s3_wlcsp.place_delay.bin --sdc_file /home/raghavendra/qorc-sdk/fpga-examples/fsm3/build/Sequence_dummy.sdc --route

Using up to 1 parallel worker(s)

Architecture file: /home/raghavendra/qorc-sdk/fpga_toolchain_install/v1.3.1/quicklogic-arch-defs/share/arch/ql-eos-s3_wlcsp/arch.timing.xml
Circuit name: Sequence

# Loading Architecture Description
# Loading Architecture Description took 0.31 seconds (max_rss 31.3 MiB, delta_rss +25.1 MiB)
# Building complex block graph
# Building complex block graph took 0.06 seconds (max_rss 39.9 MiB, delta_rss +8.7 MiB)
# Load circuit
# Load circuit took 0.01 seconds (max_rss 41.3 MiB, delta_rss +1.4 MiB)
# Clean circuit
Absorbed 895 LUT buffers
Inferred  106 additional primitive pins as constant generators since they have no combinationally connected inputs
Inferred   38 additional primitive pins as constant generators due to constant inputs
Inferred    0 additional primitive pins as constant generators since they have no combinationally connected inputs
Inferred    0 additional primitive pins as constant generators due to constant inputs
Inferred    0 additional primitive pins as constant generators since they have no combinationally connected inputs
Inferred    0 additional primitive pins as constant generators due to constant inputs
Swept input(s)      : 0
Swept output(s)     : 0 (0 dangling, 0 constant)
Swept net(s)        : 141
Swept block(s)      : 1
Constant Pins Marked: 144
# Clean circuit took 0.00 seconds (max_rss 42.5 MiB, delta_rss +1.1 MiB)
# Compress circuit
# Compress circuit took 0.00 seconds (max_rss 42.5 MiB, delta_rss +0.0 MiB)
# Verify circuit
# Verify circuit took 0.00 seconds (max_rss 42.5 MiB, delta_rss +0.0 MiB)
Circuit Statistics:
  Blocks: 140
    .input    :       1
    .output   :       9
    ASSP      :       1
    BIDIR_CELL:      10
    C_FRAG    :      18
    F_FRAG    :       2
    GND       :       1
    Q_FRAG    :      38
    T_FRAG    :      59
    VCC       :       1
  Nets  : 131
    Avg Fanout:     8.5
    Max Fanout:   492.0
    Min Fanout:     1.0
  Netlist Clocks: 1
# Build Timing Graph
  Timing Graph Nodes: 1250
  Timing Graph Edges: 1982
  Timing Graph Levels: 24
# Build Timing Graph took 0.00 seconds (max_rss 42.5 MiB, delta_rss +0.0 MiB)
Netlist contains 1 clocks
  Netlist Clock 'clk' Fanout: 38 pins (3.0%), 38 blocks (27.1%)
# Load Timing Constraints

SDC file '/home/raghavendra/qorc-sdk/fpga-examples/fsm3/build/Sequence_dummy.sdc' contained no SDC commands
Setting default timing constraints:
   * constrain all primay inputs and primary outputs on netlist clock 'clk'
   * optimize netlist clock to run as fast as possible
Timing constraints created 1 clocks
  Constrained Clock 'clk' Source: 'u_qlal4s3b_cell_macro.Sys_Clk0[0]'

# Load Timing Constraints took 0.00 seconds (max_rss 42.5 MiB, delta_rss +0.0 MiB)
Timing analysis: ON
Circuit netlist file: Sequence.net
Circuit placement file: Sequence.place
Circuit routing file: Sequence.route
Circuit SDC file: /home/raghavendra/qorc-sdk/fpga-examples/fsm3/build/Sequence_dummy.sdc

Packer: ENABLED
Placer: ENABLED
Router: ENABLED
Analysis: ENABLED

NetlistOpts.abosrb_buffer_luts            : true
NetlistOpts.sweep_dangling_primary_ios    : true
NetlistOpts.sweep_dangling_nets           : true
NetlistOpts.sweep_dangling_blocks         : true
NetlistOpts.sweep_constant_primary_outputs: false
NetlistOpts.netlist_verbosity             : 1
NetlistOpts.const_gen_inference           : COMB_SEQ

PackerOpts.allow_unrelated_clustering: auto
PackerOpts.alpha_clustering: 0.750000
PackerOpts.beta_clustering: 0.900000
PackerOpts.cluster_seed_type: BLEND2
PackerOpts.connection_driven: true
PackerOpts.global_clocks: true
PackerOpts.hill_climbing_flag: false
PackerOpts.inter_cluster_net_delay: 1.000000
PackerOpts.timing_driven: true
PackerOpts.target_external_pin_util: auto

PlacerOpts.place_freq: PLACE_ONCE
PlacerOpts.place_algorithm: CRITICALITY_TIMING_PLACE
PlacerOpts.pad_loc_type: FREE
PlacerOpts.constraints_file: No constraints file given
PlacerOpts.place_cost_exp: 1.000000
PlacerOpts.place_chan_width: 100
PlacerOpts.inner_loop_recompute_divider: 0
PlacerOpts.recompute_crit_iter: 1
PlacerOpts.timing_tradeoff: 0.500000
PlacerOpts.td_place_exp_first: 1.000000
PlacerOpts.td_place_exp_last: 8.000000
PlacerOpts.delay_offset: 0.000000
PlacerOpts.delay_ramp_delta_threshold: -1
PlacerOpts.delay_ramp_slope: 0.000000
PlacerOpts.tsu_rel_margin: 1.000000
PlacerOpts.tsu_abs_margin: 0.000000
PlacerOpts.post_place_timing_report_file: 
PlacerOpts.allowed_tiles_for_delay_model: 
PlacerOpts.delay_model_reducer: MIN
PlacerOpts.delay_model_type: DELTA_OVERRIDE
PlacerOpts.rlim_escape_fraction: 0.000000
PlacerOpts.move_stats_file: 
PlacerOpts.placement_saves_per_temperature: 0
PlacerOpts.effort_scaling: CIRCUIT
PlacerOpts.place_delta_delay_matrix_calculation_method: ASTAR_ROUTE
PlaceOpts.seed: 1
AnnealSched.type: AUTO_SCHED
AnnealSched.inner_num: 1.000000

RouterOpts.route_type: DETAILED
RouterOpts.router_algorithm: TIMING_DRIVEN
RouterOpts.base_cost_type: DELAY_NORMALIZED_LENGTH_BOUNDED
RouterOpts.fixed_channel_width: 100
RouterOpts.check_route: QUICK
RouterOpts.trim_empty_chan: false
RouterOpts.trim_obs_chan: false
RouterOpts.acc_fac: 1.000000
RouterOpts.bb_factor: 10
RouterOpts.bend_cost: 0.000000
RouterOpts.first_iter_pres_fac: 0.000000
RouterOpts.initial_pres_fac: 4.000000
RouterOpts.pres_fac_mult: 1.300000
RouterOpts.max_router_iterations: 500
RouterOpts.min_incremental_reroute_fanout: 16
RouterOpts.do_check_rr_graph: false
RouterOpts.verify_binary_search: false
RouterOpts.min_channel_width_hint: 0
RouterOpts.read_rr_edge_metadata: false
RouterOpts.exit_after_first_routing_iteration: false
RouterOpts.astar_fac: 1.200000
RouterOpts.criticality_exp: 1.000000
RouterOpts.max_criticality: 0.990000
RouterOpts.init_wirelength_abort_threshold: 0.850000
RouterOpts.save_routing_per_iteration: false
RouterOpts.congested_routing_iteration_threshold_frac: 0.800000
RouterOpts.high_fanout_threshold: -1
RouterOpts.router_debug_net: -2
RouterOpts.router_debug_sink_rr: -2
RouterOpts.router_debug_iteration: -2
RouterOpts.max_convergence_count: 1
RouterOpts.reconvergence_cpd_threshold: 0.990000
RouterOpts.update_lower_bound_delays: true
RouterOpts.first_iteration_timing_report_file: 
RouterOpts.incr_reroute_delay_ripup: OFF
RouterOpts.route_bb_update: DYNAMIC
RouterOpts.lookahead_type: MAP
RouterOpts.initial_timing: LOOKAHEAD
RouterOpts.router_heap: BINARY_HEAP
RouterOpts.routing_failure_predictor = OFF
RouterOpts.routing_budgets_algorithm = DISABLE

AnalysisOpts.gen_post_synthesis_netlist: false
AnalysisOpts.timing_report_npaths: 100
AnalysisOpts.timing_report_skew: false
AnalysisOpts.echo_dot_timing_graph_node: -1
AnalysisOpts.timing_report_detail: NETLIST

RoutingArch.directionality: BI_DIRECTIONAL
RoutingArch.switch_block_type: WILTON
RoutingArch.Fs: 3

# Load Packing
Begin loading packed FPGA netlist file.
Netlist generated from file 'Sequence.net'.
Detected 2 constant generators (to see names run with higher pack verbosity)
Finished loading packed FPGA netlist file (took 0.024398 seconds).
# Load Packing took 0.02 seconds (max_rss 44.0 MiB, delta_rss +1.5 MiB)
Warning 1: Netlist contains 0 global net to non-global architecture pin connections
Warning 2: Logic block #62 ($false) has only 1 output pin '$false.GND0_GND[0]'. It may be a constant generator.
Warning 3: Logic block #63 ($true) has only 1 output pin '$true.VCC0_VCC[0]'. It may be a constant generator.

Netlist num_nets: 91
Netlist num_blocks: 64
Netlist EMPTY blocks: 0.
Netlist PB-SYN_GND blocks: 1.
Netlist PB-BIDIR blocks: 10.
Netlist PB-ASSP blocks: 1.
Netlist PB-LOGIC blocks: 51.
Netlist PB-SDIOMUX blocks: 0.
Netlist PB-MULT blocks: 0.
Netlist PB-GMUX blocks: 0.
Netlist PB-CLOCK blocks: 0.
Netlist PB-RAM blocks: 0.
Netlist PB-SYN_VCC blocks: 1.
Netlist inputs pins: 1
Netlist output pins: 29


Pb types usage...
  PB-SYN_GND        : 1
   GND              : 1
  PB-BIDIR          : 10
   BIDIR            : 10
    INPUT           : 1
     bidir          : 1
     inpad          : 1
    OUTPUT          : 9
     bidir          : 9
     outpad         : 9
  PB-ASSP           : 1
   ASSP             : 1
  PB-LOGIC          : 51
   LOGIC            : 51
    FRAGS           : 51
     c_frag_modes   : 48
      SINGLE        : 18
       c_frag       : 18
      SPLIT         : 30
       b_frag       : 30
       t_frag       : 29
     f_frag         : 2
     q_frag_modes   : 38
      INT           : 30
       q_frag       : 30
      EXT           : 8
       q_frag       : 8
  PB-SYN_VCC        : 1
   VCC              : 1

# Create Device
## Build Device Grid
FPGA sized to 39 x 35: 1365 grid tiles (ql-eos-s3)

Resource usage...
	Netlist
		1	blocks of type: PB-SYN_GND
	Architecture
		1	blocks of type: TL-SYN_GND
	Netlist
		10	blocks of type: PB-BIDIR
	Architecture
		32	blocks of type: TL-BIDIR
	Netlist
		1	blocks of type: PB-ASSP
	Architecture
		1	blocks of type: TL-ASSP
	Netlist
		51	blocks of type: PB-LOGIC
	Architecture
		891	blocks of type: TL-LOGIC
	Netlist
		0	blocks of type: PB-SDIOMUX
	Architecture
		14	blocks of type: TL-SDIOMUX
	Netlist
		0	blocks of type: PB-MULT
	Architecture
		2	blocks of type: TL-MULT
	Netlist
		0	blocks of type: PB-GMUX
	Architecture
		5	blocks of type: TL-GMUX
	Netlist
		0	blocks of type: PB-CLOCK
	Architecture
		5	blocks of type: TL-CLOCK
	Netlist
		0	blocks of type: PB-RAM
	Architecture
		4	blocks of type: TL-RAM
	Netlist
		1	blocks of type: PB-SYN_VCC
	Architecture
		1	blocks of type: TL-SYN_VCC

Device Utilization: 0.05 (target 1.00)
	Physical Tile TL-LOGIC:
	Block Utilization: 0.06 Logical Block: PB-LOGIC
	Physical Tile TL-RAM:
	Block Utilization: 0.00 Logical Block: PB-RAM
	Physical Tile TL-MULT:
	Block Utilization: 0.00 Logical Block: PB-MULT
	Physical Tile TL-BIDIR:
	Block Utilization: 0.31 Logical Block: PB-BIDIR
	Physical Tile TL-CLOCK:
	Block Utilization: 0.00 Logical Block: PB-CLOCK
	Physical Tile TL-SDIOMUX:
	Block Utilization: 0.00 Logical Block: PB-SDIOMUX
	Physical Tile TL-GMUX:
	Block Utilization: 0.00 Logical Block: PB-GMUX
	Physical Tile TL-ASSP:
	Block Utilization: 1.00 Logical Block: PB-ASSP
	Physical Tile TL-SYN_VCC:
	Block Utilization: 1.00 Logical Block: PB-SYN_VCC
	Physical Tile TL-SYN_GND:
	Block Utilization: 1.00 Logical Block: PB-SYN_GND

## Build Device Grid took 0.00 seconds (max_rss 44.2 MiB, delta_rss +0.0 MiB)
## Loading routing resource graph


## Loading routing resource graph took 0.45 seconds (max_rss 352.0 MiB, delta_rss +307.8 MiB)
  RR Graph Nodes: 1396446
  RR Graph Edges: 2337988
# Create Device took 0.89 seconds (max_rss 355.2 MiB, delta_rss +311.1 MiB)

# Load Placement
Reading Sequence.place.

Successfully read Sequence.place.

# Load Placement took 0.00 seconds (max_rss 355.2 MiB, delta_rss +0.0 MiB)

# Computing router lookahead map
## Computing wire lookahead
Warning 4: Unable to find any sample location for segment CHANX type 'generic' (length 1)
Warning 5: Unable to find any sample location for segment CHANY type 'generic' (length 1)
Warning 6: Unable to find any sample location for segment CHANX type 'pad' (length 1)
Warning 7: Unable to find any sample location for segment CHANY type 'pad' (length 1)
## Computing wire lookahead took 15.02 seconds (max_rss 355.2 MiB, delta_rss +0.0 MiB)
## Computing src/opin lookahead
## Computing src/opin lookahead took 0.00 seconds (max_rss 355.2 MiB, delta_rss +0.0 MiB)
# Computing router lookahead map took 15.02 seconds (max_rss 355.2 MiB, delta_rss +0.0 MiB)
# Routing
  RR Graph Nodes: 1396446
  RR Graph Edges: 2337988
Confirming router algorithm: TIMING_DRIVEN.
## Initializing router criticalities
Initial Net Connection Criticality Histogram:
[        0:      0.1) 662 ( 63.0%) |***********************************************
[      0.1:      0.2)   0 (  0.0%) |
[      0.2:      0.3)  50 (  4.8%) |****
[      0.3:      0.4)  46 (  4.4%) |***
[      0.4:      0.5)  39 (  3.7%) |***
[      0.5:      0.6)  66 (  6.3%) |*****
[      0.6:      0.7)  29 (  2.8%) |**
[      0.7:      0.8)  46 (  4.4%) |***
[      0.8:      0.9)  19 (  1.8%) |*
[      0.9:        1)  93 (  8.9%) |*******
## Initializing router criticalities took 0.00 seconds (max_rss 404.5 MiB, delta_rss +0.0 MiB)
---- ------ ------- ---- ------- ------- ------- ----------------- --------------- -------- ---------- ---------- ---------- ---------- --------
Iter   Time    pres  BBs    Heap  Re-Rtd  Re-Rtd Overused RR Nodes      Wirelength      CPD       sTNS       sWNS       hTNS       hWNS Est Succ
      (sec)     fac Updt    push    Nets   Conns                                       (ns)       (ns)       (ns)       (ns)       (ns)     Iter
---- ------ ------- ---- ------- ------- ------- ----------------- --------------- -------- ---------- ---------- ---------- ---------- --------
   1    7.4     0.0    0 3.7e+07      91    1050    1381 ( 0.099%)   26503 ( 1.9%)   58.905     -2471.    -58.905      0.000      0.000      N/A
   2    6.4     4.0    0 3.0e+07      76     685     520 ( 0.037%)   27099 ( 1.9%)   58.997     -2477.    -58.997      0.000      0.000      N/A
   3    4.9     5.2    0 2.2e+07      46     410     406 ( 0.029%)   27036 ( 1.9%)   58.997     -2479.    -58.997      0.000      0.000      N/A
   4    4.7     6.8    0 2.1e+07      42     371     277 ( 0.020%)   27335 ( 1.9%)   59.069     -2483.    -59.069      0.000      0.000      N/A
   5    3.3     8.8    0 1.5e+07      34     272     203 ( 0.015%)   27476 ( 1.9%)   59.104     -2487.    -59.104      0.000      0.000      N/A
   6    2.9    11.4    0 1.3e+07      37     263     148 ( 0.011%)   27722 ( 2.0%)   59.146     -2490.    -59.146      0.000      0.000      N/A
   7    2.3    14.9    0 1.0e+07      23     163     100 ( 0.007%)   27824 ( 2.0%)   59.119     -2499.    -59.119      0.000      0.000      N/A
   8    1.2    19.3    0 5417441      16      97      47 ( 0.003%)   27882 ( 2.0%)   59.116     -2502.    -59.116      0.000      0.000      N/A
   9    1.4    25.1    0 6431441      10      61      43 ( 0.003%)   27907 ( 2.0%)   59.371     -2505.    -59.371      0.000      0.000      N/A
  10    0.9    32.6    0 4240225      10      54      18 ( 0.001%)   27939 ( 2.0%)   59.113     -2498.    -59.113      0.000      0.000       18
  11    0.5    42.4    0 2082455       7      29      12 ( 0.001%)   27958 ( 2.0%)   59.025     -2502.    -59.025      0.000      0.000       16
  12    0.1    55.1    0  669311       6      19       6 ( 0.000%)   27981 ( 2.0%)   59.025     -2503.    -59.025      0.000      0.000       16
  13    0.4    71.7    0 1898581       4      14       9 ( 0.001%)   28054 ( 2.0%)   59.025     -2503.    -59.025      0.000      0.000       15
  14    0.1    93.2    0  590611       2       5       3 ( 0.000%)   28060 ( 2.0%)   59.025     -2503.    -59.025      0.000      0.000       17
  15    0.0   121.1    0  137580       2       4       3 ( 0.000%)   28065 ( 2.0%)   59.025     -2503.    -59.025      0.000      0.000       17
  16    0.0   157.5    0  180645       2       7       3 ( 0.000%)   28059 ( 2.0%)   59.025     -2503.    -59.025      0.000      0.000       17
  17    0.1   204.7    0  249533       2       4       8 ( 0.001%)   28065 ( 2.0%)   59.025     -2503.    -59.025      0.000      0.000       18
  18    0.1   266.2    0  314797       2       8       0 ( 0.000%)   28057 ( 2.0%)   59.025     -2502.    -59.025      0.000      0.000       21
Restoring best routing
Critical path: 59.0245 ns
Successfully routed after 18 routing iterations.
Final Net Connection Criticality Histogram:
[        0:      0.1) 662 ( 63.0%) |***********************************************
[      0.1:      0.2)   0 (  0.0%) |
[      0.2:      0.3)  38 (  3.6%) |***
[      0.3:      0.4)  61 (  5.8%) |****
[      0.4:      0.5)  27 (  2.6%) |**
[      0.5:      0.6)  71 (  6.8%) |*****
[      0.6:      0.7)  31 (  3.0%) |**
[      0.7:      0.8)  49 (  4.7%) |***
[      0.8:      0.9)  23 (  2.2%) |**
[      0.9:        1)  88 (  8.4%) |******
Router Stats: total_nets_routed: 412 total_connections_routed: 3516 total_heap_pushes: 170373723 total_heap_pops: 154215551
# Routing took 37.07 seconds (max_rss 404.5 MiB, delta_rss +49.3 MiB)

Checking to ensure routing is legal...
Completed routing consistency check successfully.

Serial number (magic cookie) for the routing is: -1777728247
Circuit successfully routed with a channel width factor of 100.

Incr Slack updates 19 in 0.000347751 sec
Full Max Req/Worst Slack updates 7 in 2.7729e-05 sec
Incr Max Req/Worst Slack updates 12 in 8.0618e-05 sec
Incr Criticality updates 7 in 0.000139229 sec
Full Criticality updates 12 in 0.000430267 sec

Average number of bends per net: 258.747  Maximum # of bends: 5883

Number of global nets: 0
Number of routed nets (nonglobal): 91
Wire length results (in units of 1 clb segments)...
	Total wirelength: 27054, average net length: 297.297
	Maximum net length: 7893

Wire length results in terms of physical segments...
	Total wiring segments used: 24196, average wire segments per net: 265.890
	Maximum segments used by a net: 6176
	Total local nets with reserved CLB opins: 0

Routing channel utilization histogram:
[        1:      inf)    0 (  0.0%) |
[      0.9:        1)   58 (  2.2%) |*
[      0.8:      0.9)    0 (  0.0%) |
[      0.7:      0.8)    6 (  0.2%) |
[      0.5:      0.6)    0 (  0.0%) |
[      0.4:      0.5)    0 (  0.0%) |
[      0.3:      0.4)   10 (  0.4%) |
[      0.2:      0.3)   62 (  2.4%) |*
[      0.1:      0.2)   58 (  2.2%) |*
[        0:      0.1) 2390 ( 92.5%) |**********************************************
Maximum routing channel utilization:         1 at (1,3)

X - Directed channels:   j max occ ave occ capacity
                      ---- ------- ------- --------
                         0       2   1.333        2
                         1     161  10.026      221
                         2       0   0.000        0
                         3      83  21.949      635
                         4      66   2.385      623
                         5      70   2.154      658
                         6      77   1.974      623
                         7      74   4.154      623
                         8      28   1.795      623
                         9      11   0.846      623
                        10       9   0.615      665
                        11      64   3.538      623
                        12      76   3.410      647
                        13      76   3.051      623
                        14     192  20.897      623
                        15     223  31.179      623
                        16     245  30.487      623
                        17     222  22.026      623
                        18     219  32.692      725
                        19     261  43.795      623
                        20     222  27.615      623
                        21     221  28.128      623
                        22     212  21.308      623
                        23     170  19.256      623
                        24      21   0.949      623
                        25      10   0.256      657
                        26       0   0.000      634
                        27       0   0.000      623
                        28      18   0.462      623
                        29       7   0.179      624
                        30      10   0.256      625
                        31      10   0.436      626
                        32      30   2.872      786
                        33       0   0.000      269
Y - Directed channels:   i max occ ave occ capacity
                      ---- ------- ------- --------
                         0       0   0.000        2
                         1      47   4.057      287
                         2       1   0.029        4
                         3     177  55.171      848
                         4      36   1.086      874
                         5      46   2.286      819
                         6      23   5.571      760
                         7      46   3.171      761
                         8       6   1.114      761
                         9      46   5.943      761
                        10      18   3.343      757
                        11       6   1.657      775
                        12      54   6.429      757
                        13      41   2.800      761
                        14      30   7.429      761
                        15      14   2.429      761
                        16      29   5.286      761
                        17      73   5.114      761
                        18     190  28.857      761
                        19     250  45.714      816
                        20     240  63.314      761
                        21     241  52.286      883
                        22     231  52.143      761
                        23     156  24.514      761
                        24     153   9.714      761
                        25      12   1.514      761
                        26      30   1.314      757
                        27       0   0.000      775
                        28      30   1.800      757
                        29       0   0.000      761
                        30       0   0.000      761
                        31       0   0.000      761
                        32       0   0.000      761
                        33       0   0.000      763
                        34       0   0.000      762
                        35       0   0.000      764
                        36       0   0.000     1024
                        37       0   0.000      164

Total tracks in x-direction: 19611, in y-direction: 27046

Logic area (in minimum width transistor areas, excludes I/Os and empty grid tiles)...
	Total logic block area (Warning, need to add pitch of routing to blocks with height > 3): 1.3515e+07
	Total used logic block area: 810000

Routing area (in minimum width transistor areas)...
	Assuming no buffer sharing (pessimistic). Total: 1.07847e+09, per logic tile: 790090.
	Assuming buffer sharing (slightly optimistic). Total: 8.38760e+08, per logic tile: 614476.


Segment usage by type (index):    name type utilization
                               ------- ---- -----------
                                  sbox    2      0.0154
                                   vcc    3       0.109
                                   gnd    4       0.124
                                  hop1    5      0.0185
                                  hop2    6      0.0333
                                  hop3    7           0
                                  hop4    8       0.021
                                 clock    9           0
                               special   10      0.0828

Segment usage by length: length utilization
                         ------ -----------
                              1       0.016
                              2      0.0333
                              3           0
                              4       0.021


Final hold Worst Negative Slack (hWNS): 0 ns
Final hold Total Negative Slack (hTNS): 0 ns

Final hold slack histogram:
[  4.3e-09:  7.5e-09) 17 ( 30.9%) |************************************************
[  7.5e-09:  1.1e-08) 15 ( 27.3%) |******************************************
[  1.1e-08:  1.4e-08)  6 ( 10.9%) |*****************
[  1.4e-08:  1.7e-08)  8 ( 14.5%) |***********************
[  1.7e-08:    2e-08)  1 (  1.8%) |***
[    2e-08:  2.3e-08)  0 (  0.0%) |
[  2.3e-08:  2.6e-08)  0 (  0.0%) |
[  2.6e-08:    3e-08)  0 (  0.0%) |
[    3e-08:  3.3e-08)  3 (  5.5%) |********
[  3.3e-08:  3.6e-08)  5 (  9.1%) |**************

Final critical path delay (least slack): 58.9995 ns, Fmax: 16.9493 MHz
Final setup Worst Negative Slack (sWNS): -58.9995 ns
Final setup Total Negative Slack (sTNS): -2501.85 ns

Final setup slack histogram:
[ -5.9e-08: -5.4e-08) 35 ( 63.6%) |************************************************
[ -5.4e-08: -4.9e-08)  1 (  1.8%) |*
[ -4.9e-08: -4.4e-08)  0 (  0.0%) |
[ -4.4e-08: -3.9e-08)  0 (  0.0%) |
[ -3.9e-08: -3.4e-08)  4 (  7.3%) |*****
[ -3.4e-08: -2.8e-08)  4 (  7.3%) |*****
[ -2.8e-08: -2.3e-08)  1 (  1.8%) |*
[ -2.3e-08: -1.8e-08)  5 (  9.1%) |*******
[ -1.8e-08: -1.3e-08)  1 (  1.8%) |*
[ -1.3e-08: -8.2e-09)  4 (  7.3%) |*****

Final geomean non-virtual intra-domain period: 58.9995 ns (16.9493 MHz)
Final fanout-weighted geomean non-virtual intra-domain period: 58.9995 ns (16.9493 MHz)

Incr Slack updates 1 in 2.3731e-05 sec
Full Max Req/Worst Slack updates 1 in 3.88e-06 sec
Incr Max Req/Worst Slack updates 0 in 0 sec
Incr Criticality updates 0 in 0 sec
Full Criticality updates 1 in 3.7007e-05 sec
Flow timing analysis took 0.0118959 seconds (0.0101004 STA, 0.00179547 slack) (20 full updates: 0 setup, 0 hold, 20 combined).
VPR succeeded
The entire flow of VPR took 53.49 seconds (max_rss 404.5 MiB)
