
 /----------------------------------------------------------------------------\
 |                                                                            |
 |  yosys -- Yosys Open SYnthesis Suite                                       |
 |                                                                            |
 |  Copyright (C) 2012 - 2020  Claire Wolf <claire@symbioticeda.com>          |
 |                                                                            |
 |  Permission to use, copy, modify, and/or distribute this software for any  |
 |  purpose with or without fee is hereby granted, provided that the above    |
 |  copyright notice and this permission notice appear in all copies.         |
 |                                                                            |
 |  THE SOFTWARE IS PROVIDED "AS IS" AND THE AUTHOR DISCLAIMS ALL WARRANTIES  |
 |  WITH REGARD TO THIS SOFTWARE INCLUDING ALL IMPLIED WARRANTIES OF          |
 |  MERCHANTABILITY AND FITNESS. IN NO EVENT SHALL THE AUTHOR BE LIABLE FOR   |
 |  ANY SPECIAL, DIRECT, INDIRECT, OR CONSEQUENTIAL DAMAGES OR ANY DAMAGES    |
 |  WHATSOEVER RESULTING FROM LOSS OF USE, DATA OR PROFITS, WHETHER IN AN     |
 |  ACTION OF CONTRACT, NEGLIGENCE OR OTHER TORTIOUS ACTION, ARISING OUT OF   |
 |  OR IN CONNECTION WITH THE USE OR PERFORMANCE OF THIS SOFTWARE.            |
 |                                                                            |
 \----------------------------------------------------------------------------/

 Yosys 0.9+2406 (git sha1 9ac3484, x86_64-conda_cos6-linux-gnu-gcc 1.24.0.133_b0863d8_dirty -fvisibility-inlines-hidden -fmessage-length=0 -march=nocona -mtune=haswell -ftree-vectorize -fPIC -fstack-protector-strong -fno-plt -O2 -ffunction-sections -fdebug-prefix-map=/root/anaconda3/conda-bld/yosys_1607410735049/work=/usr/local/src/conda/yosys-0.8.0_0003_e80fb742f_20201208_122808 -fdebug-prefix-map=/home/raghavendra/qorc-sdk/fpga_toolchain_install/v1.3.1/conda=/usr/local/src/conda-prefix -fPIC -Os)


-- Parsing `/home/raghavendra/qorc-sdk/fpga-examples/fsm3/fsm.v' using frontend `verilog' --

1. Executing Verilog-2005 frontend: /home/raghavendra/qorc-sdk/fpga-examples/fsm3/fsm.v
Parsing Verilog input from `/home/raghavendra/qorc-sdk/fpga-examples/fsm3/fsm.v' to AST representation.
Generating RTLIL representation for module `\Sequence'.
Warning: wire '\a' is assigned in a block at /home/raghavendra/qorc-sdk/fpga-examples/fsm3/fsm.v:17.16-17.19.
Warning: wire '\b' is assigned in a block at /home/raghavendra/qorc-sdk/fpga-examples/fsm3/fsm.v:18.16-18.19.
Warning: wire '\c' is assigned in a block at /home/raghavendra/qorc-sdk/fpga-examples/fsm3/fsm.v:19.16-19.19.
Warning: wire '\d' is assigned in a block at /home/raghavendra/qorc-sdk/fpga-examples/fsm3/fsm.v:20.16-20.19.
Warning: wire '\e' is assigned in a block at /home/raghavendra/qorc-sdk/fpga-examples/fsm3/fsm.v:21.16-21.19.
Warning: wire '\f' is assigned in a block at /home/raghavendra/qorc-sdk/fpga-examples/fsm3/fsm.v:22.16-22.19.
Warning: wire '\g' is assigned in a block at /home/raghavendra/qorc-sdk/fpga-examples/fsm3/fsm.v:23.16-23.19.
Warning: wire '\y' is assigned in a block at /home/raghavendra/qorc-sdk/fpga-examples/fsm3/fsm.v:35.1-35.8.
Warning: wire '\a' is assigned in a block at /home/raghavendra/qorc-sdk/fpga-examples/fsm3/fsm.v:37.1-37.36.
Warning: wire '\b' is assigned in a block at /home/raghavendra/qorc-sdk/fpga-examples/fsm3/fsm.v:38.1-38.6.
Warning: wire '\c' is assigned in a block at /home/raghavendra/qorc-sdk/fpga-examples/fsm3/fsm.v:39.1-39.45.
Warning: wire '\d' is assigned in a block at /home/raghavendra/qorc-sdk/fpga-examples/fsm3/fsm.v:40.1-40.6.
Warning: wire '\e' is assigned in a block at /home/raghavendra/qorc-sdk/fpga-examples/fsm3/fsm.v:41.1-41.52.
Warning: wire '\f' is assigned in a block at /home/raghavendra/qorc-sdk/fpga-examples/fsm3/fsm.v:42.1-42.54.
Warning: wire '\g' is assigned in a block at /home/raghavendra/qorc-sdk/fpga-examples/fsm3/fsm.v:43.1-43.52.
Warning: wire '\led' is assigned in a block at /home/raghavendra/qorc-sdk/fpga-examples/fsm3/fsm.v:51.1-51.10.
/home/raghavendra/qorc-sdk/fpga-examples/fsm3/fsm.v:51: Warning: Identifier `\led' is implicitly declared.
Successfully finished Verilog frontend.

-- Running command `tcl /home/raghavendra/qorc-sdk/fpga_toolchain_install/v1.3.1/quicklogic-arch-defs/share/quicklogic/synth.tcl' --
[TCL: yosys -import] Command name collision: found pre-existing command `cd' -> skip.
[TCL: yosys -import] Command name collision: found pre-existing command `eval' -> skip.
[TCL: yosys -import] Command name collision: found pre-existing command `exec' -> skip.
[TCL: yosys -import] Command name collision: found pre-existing command `read' -> skip.
[TCL: yosys -import] Command name collision: found pre-existing command `trace' -> skip.

2. Executing Verilog-2005 frontend: /home/raghavendra/qorc-sdk/fpga_toolchain_install/v1.3.1/quicklogic-arch-defs/share/techmaps/quicklogic/pp3/techmap/cells_sim.v
Parsing Verilog input from `/home/raghavendra/qorc-sdk/fpga_toolchain_install/v1.3.1/quicklogic-arch-defs/share/techmaps/quicklogic/pp3/techmap/cells_sim.v' to AST representation.
Generating RTLIL representation for module `\VCC'.
Generating RTLIL representation for module `\GND'.
Generating RTLIL representation for module `\fpga_interconnect'.
Generating RTLIL representation for module `\CLOCK_CELL'.
Generating RTLIL representation for module `\BIDIR_CELL'.
Generating RTLIL representation for module `\SDIOMUX_CELL'.
Generating RTLIL representation for module `\T_FRAG'.
Generating RTLIL representation for module `\B_FRAG'.
Generating RTLIL representation for module `\Q_FRAG'.
Generating RTLIL representation for module `\F_FRAG'.
Generating RTLIL representation for module `\C_FRAG'.
Generating RTLIL representation for module `\ASSP'.
Generating RTLIL representation for module `\MULT'.
Generating RTLIL representation for module `\GMUX_IP'.
Generating RTLIL representation for module `\GMUX_IC'.
Successfully finished Verilog frontend.

3. Executing Verilog-2005 frontend: /home/raghavendra/qorc-sdk/fpga_toolchain_install/v1.3.1/quicklogic-arch-defs/bin/../share/arch/ql-eos-s3_wlcsp/cells/ram_sim.v
Parsing Verilog input from `/home/raghavendra/qorc-sdk/fpga_toolchain_install/v1.3.1/quicklogic-arch-defs/bin/../share/arch/ql-eos-s3_wlcsp/cells/ram_sim.v' to AST representation.
Generating RTLIL representation for module `\RAM_CE0_FE0_PR0_WSA0_WSB0_VPR'.
Generating RTLIL representation for module `\RAM_CE0_FE0_PR0_WSA0_WSB1_VPR'.
Generating RTLIL representation for module `\RAM_CE0_FE0_PR0_WSA1_WSB0_VPR'.
Generating RTLIL representation for module `\RAM_CE0_FE0_PR0_WSA1_WSB1_VPR'.
Generating RTLIL representation for module `\RAM_CE0_FE0_PR1_WSA0_WSB0_VPR'.
Generating RTLIL representation for module `\RAM_CE0_FE0_PR1_WSA0_WSB1_VPR'.
Generating RTLIL representation for module `\RAM_CE0_FE0_PR1_WSA1_WSB0_VPR'.
Generating RTLIL representation for module `\RAM_CE0_FE0_PR1_WSA1_WSB1_VPR'.
Generating RTLIL representation for module `\RAM_CE0_FE1_D0_PR0_WSA0_WSB0_VPR'.
Generating RTLIL representation for module `\RAM_CE0_FE1_D0_PR0_WSA0_WSB1_VPR'.
Generating RTLIL representation for module `\RAM_CE0_FE1_D0_PR0_WSA1_WSB0_VPR'.
Generating RTLIL representation for module `\RAM_CE0_FE1_D0_PR0_WSA1_WSB1_VPR'.
Generating RTLIL representation for module `\RAM_CE0_FE1_D0_PR1_WSA0_WSB0_VPR'.
Generating RTLIL representation for module `\RAM_CE0_FE1_D0_PR1_WSA0_WSB1_VPR'.
Generating RTLIL representation for module `\RAM_CE0_FE1_D0_PR1_WSA1_WSB0_VPR'.
Generating RTLIL representation for module `\RAM_CE0_FE1_D0_PR1_WSA1_WSB1_VPR'.
Generating RTLIL representation for module `\RAM_CE0_FE1_D1_PR0_WSA0_WSB0_VPR'.
Generating RTLIL representation for module `\RAM_CE0_FE1_D1_PR0_WSA0_WSB1_VPR'.
Generating RTLIL representation for module `\RAM_CE0_FE1_D1_PR0_WSA1_WSB0_VPR'.
Generating RTLIL representation for module `\RAM_CE0_FE1_D1_PR0_WSA1_WSB1_VPR'.
Generating RTLIL representation for module `\RAM_CE0_FE1_D1_PR1_WSA0_WSB0_VPR'.
Generating RTLIL representation for module `\RAM_CE0_FE1_D1_PR1_WSA0_WSB1_VPR'.
Generating RTLIL representation for module `\RAM_CE0_FE1_D1_PR1_WSA1_WSB0_VPR'.
Generating RTLIL representation for module `\RAM_CE0_FE1_D1_PR1_WSA1_WSB1_VPR'.
Generating RTLIL representation for module `\RAM_CE1_FE0_PR0_WSA0_WSB0_VPR'.
Generating RTLIL representation for module `\RAM_CE1_FE0_PR0_WSA0_WSB1_VPR'.
Generating RTLIL representation for module `\RAM_CE1_FE0_PR0_WSA0_WSB2_VPR'.
Generating RTLIL representation for module `\RAM_CE1_FE0_PR0_WSA1_WSB0_VPR'.
Generating RTLIL representation for module `\RAM_CE1_FE0_PR0_WSA1_WSB1_VPR'.
Generating RTLIL representation for module `\RAM_CE1_FE0_PR0_WSA1_WSB2_VPR'.
Generating RTLIL representation for module `\RAM_CE1_FE0_PR0_WSA2_WSB0_VPR'.
Generating RTLIL representation for module `\RAM_CE1_FE0_PR0_WSA2_WSB1_VPR'.
Generating RTLIL representation for module `\RAM_CE1_FE0_PR0_WSA2_WSB2_VPR'.
Generating RTLIL representation for module `\RAM_CE1_FE0_PR1_WSA0_WSB0_VPR'.
Generating RTLIL representation for module `\RAM_CE1_FE0_PR1_WSA0_WSB1_VPR'.
Generating RTLIL representation for module `\RAM_CE1_FE0_PR1_WSA0_WSB2_VPR'.
Generating RTLIL representation for module `\RAM_CE1_FE0_PR1_WSA1_WSB0_VPR'.
Generating RTLIL representation for module `\RAM_CE1_FE0_PR1_WSA1_WSB1_VPR'.
Generating RTLIL representation for module `\RAM_CE1_FE0_PR1_WSA1_WSB2_VPR'.
Generating RTLIL representation for module `\RAM_CE1_FE0_PR1_WSA2_WSB0_VPR'.
Generating RTLIL representation for module `\RAM_CE1_FE0_PR1_WSA2_WSB1_VPR'.
Generating RTLIL representation for module `\RAM_CE1_FE0_PR1_WSA2_WSB2_VPR'.
Generating RTLIL representation for module `\RAM_CE1_FE1_D0_PR0_WSA0_WSB0_VPR'.
Generating RTLIL representation for module `\RAM_CE1_FE1_D0_PR0_WSA0_WSB1_VPR'.
Generating RTLIL representation for module `\RAM_CE1_FE1_D0_PR0_WSA0_WSB2_VPR'.
Generating RTLIL representation for module `\RAM_CE1_FE1_D0_PR0_WSA1_WSB0_VPR'.
Generating RTLIL representation for module `\RAM_CE1_FE1_D0_PR0_WSA1_WSB1_VPR'.
Generating RTLIL representation for module `\RAM_CE1_FE1_D0_PR0_WSA1_WSB2_VPR'.
Generating RTLIL representation for module `\RAM_CE1_FE1_D0_PR0_WSA2_WSB0_VPR'.
Generating RTLIL representation for module `\RAM_CE1_FE1_D0_PR0_WSA2_WSB1_VPR'.
Generating RTLIL representation for module `\RAM_CE1_FE1_D0_PR0_WSA2_WSB2_VPR'.
Generating RTLIL representation for module `\RAM_CE1_FE1_D0_PR1_WSA0_WSB0_VPR'.
Generating RTLIL representation for module `\RAM_CE1_FE1_D0_PR1_WSA0_WSB1_VPR'.
Generating RTLIL representation for module `\RAM_CE1_FE1_D0_PR1_WSA0_WSB2_VPR'.
Generating RTLIL representation for module `\RAM_CE1_FE1_D0_PR1_WSA1_WSB0_VPR'.
Generating RTLIL representation for module `\RAM_CE1_FE1_D0_PR1_WSA1_WSB1_VPR'.
Generating RTLIL representation for module `\RAM_CE1_FE1_D0_PR1_WSA1_WSB2_VPR'.
Generating RTLIL representation for module `\RAM_CE1_FE1_D0_PR1_WSA2_WSB0_VPR'.
Generating RTLIL representation for module `\RAM_CE1_FE1_D0_PR1_WSA2_WSB1_VPR'.
Generating RTLIL representation for module `\RAM_CE1_FE1_D0_PR1_WSA2_WSB2_VPR'.
Generating RTLIL representation for module `\RAM_CE1_FE1_D1_PR0_WSA0_WSB0_VPR'.
Generating RTLIL representation for module `\RAM_CE1_FE1_D1_PR0_WSA0_WSB1_VPR'.
Generating RTLIL representation for module `\RAM_CE1_FE1_D1_PR0_WSA0_WSB2_VPR'.
Generating RTLIL representation for module `\RAM_CE1_FE1_D1_PR0_WSA1_WSB0_VPR'.
Generating RTLIL representation for module `\RAM_CE1_FE1_D1_PR0_WSA1_WSB1_VPR'.
Generating RTLIL representation for module `\RAM_CE1_FE1_D1_PR0_WSA1_WSB2_VPR'.
Generating RTLIL representation for module `\RAM_CE1_FE1_D1_PR0_WSA2_WSB0_VPR'.
Generating RTLIL representation for module `\RAM_CE1_FE1_D1_PR0_WSA2_WSB1_VPR'.
Generating RTLIL representation for module `\RAM_CE1_FE1_D1_PR0_WSA2_WSB2_VPR'.
Generating RTLIL representation for module `\RAM_CE1_FE1_D1_PR1_WSA0_WSB0_VPR'.
Generating RTLIL representation for module `\RAM_CE1_FE1_D1_PR1_WSA0_WSB1_VPR'.
Generating RTLIL representation for module `\RAM_CE1_FE1_D1_PR1_WSA0_WSB2_VPR'.
Generating RTLIL representation for module `\RAM_CE1_FE1_D1_PR1_WSA1_WSB0_VPR'.
Generating RTLIL representation for module `\RAM_CE1_FE1_D1_PR1_WSA1_WSB1_VPR'.
Generating RTLIL representation for module `\RAM_CE1_FE1_D1_PR1_WSA1_WSB2_VPR'.
Generating RTLIL representation for module `\RAM_CE1_FE1_D1_PR1_WSA2_WSB0_VPR'.
Generating RTLIL representation for module `\RAM_CE1_FE1_D1_PR1_WSA2_WSB1_VPR'.
Generating RTLIL representation for module `\RAM_CE1_FE1_D1_PR1_WSA2_WSB2_VPR'.
Successfully finished Verilog frontend.

4. Executing SYNTH_QUICKLOGIC pass.

4.1. Executing Verilog-2005 frontend: /home/raghavendra/qorc-sdk/fpga_toolchain_install/v1.3.1/conda/bin/../share/yosys/quicklogic/cells_sim.v
Parsing Verilog input from `/home/raghavendra/qorc-sdk/fpga_toolchain_install/v1.3.1/conda/bin/../share/yosys/quicklogic/cells_sim.v' to AST representation.
Generating RTLIL representation for module `\inv'.
Generating RTLIL representation for module `\buff'.
Generating RTLIL representation for module `\logic_0'.
Generating RTLIL representation for module `\logic_1'.
Generating RTLIL representation for module `\gclkbuff'.
Successfully finished Verilog frontend.

4.2. Executing Verilog-2005 frontend: /home/raghavendra/qorc-sdk/fpga_toolchain_install/v1.3.1/conda/bin/../share/yosys/quicklogic/pp3_cells_sim.v
Parsing Verilog input from `/home/raghavendra/qorc-sdk/fpga_toolchain_install/v1.3.1/conda/bin/../share/yosys/quicklogic/pp3_cells_sim.v' to AST representation.
Generating RTLIL representation for module `\LUT1'.
Generating RTLIL representation for module `\LUT2'.
Generating RTLIL representation for module `\LUT3'.
Generating RTLIL representation for module `\LUT4'.
Generating RTLIL representation for module `\inpad'.
Generating RTLIL representation for module `\outpad'.
Generating RTLIL representation for module `\ckpad'.
Generating RTLIL representation for module `\bipad'.
Generating RTLIL representation for module `\dff'.
Generating RTLIL representation for module `\dffc'.
Generating RTLIL representation for module `\dffp'.
Generating RTLIL representation for module `\dffpc'.
Generating RTLIL representation for module `\dffe'.
Generating RTLIL representation for module `\dffec'.
Generating RTLIL representation for module `\dffepc'.
Generating RTLIL representation for module `\AND2I0'.
Generating RTLIL representation for module `\mux2x0'.
Generating RTLIL representation for module `\mux2x1'.
Generating RTLIL representation for module `\mux4x0'.
Generating RTLIL representation for module `\mux8x0'.
Generating RTLIL representation for module `\logic_cell_macro'.
Generating RTLIL representation for module `\ahb_gen_bfm'.
Generating RTLIL representation for module `\oscillator_s1'.
Generating RTLIL representation for module `\sdma_bfm'.
Generating RTLIL representation for module `\ahb2fb_asynbrig_if'.
Generating RTLIL representation for module `\fb2ahb_asynbrig_if'.
Generating RTLIL representation for module `\ahb2fb_asynbrig'.
Generating RTLIL representation for module `\qlal4s3b_cell_macro_bfm'.
Generating RTLIL representation for module `\qlal4s3b_cell_macro'.
Generating RTLIL representation for module `\fifo_controller_model'.
Generating RTLIL representation for module `\ram'.
Warning: Replacing memory \ram with list of registers. See /home/raghavendra/qorc-sdk/fpga_toolchain_install/v1.3.1/conda/bin/../share/yosys/quicklogic/pp3_cells_sim.v:3671, /home/raghavendra/qorc-sdk/fpga_toolchain_install/v1.3.1/conda/bin/../share/yosys/quicklogic/pp3_cells_sim.v:3585, /home/raghavendra/qorc-sdk/fpga_toolchain_install/v1.3.1/conda/bin/../share/yosys/quicklogic/pp3_cells_sim.v:3560
Generating RTLIL representation for module `\x2_model'.
Generating RTLIL representation for module `\ram_block_8K'.
Generating RTLIL representation for module `\sw_mux'.
Generating RTLIL representation for module `\ram8k_2x1_cell'.
Generating RTLIL representation for module `\ram8k_2x1_cell_macro'.
Generating RTLIL representation for module `\gpio_cell_macro'.
Generating RTLIL representation for module `\qlal4s3_mult_32x32_cell'.
Generating RTLIL representation for module `\qlal4s3_mult_16x16_cell'.
Generating RTLIL representation for module `\signed_mult'.
Generating RTLIL representation for module `\qlal4s3_mult_cell_macro'.
Generating RTLIL representation for module `\RAM_8K_BLK'.
Generating RTLIL representation for module `\RAM_16K_BLK'.
Generating RTLIL representation for module `\FIFO_8K_BLK'.
Generating RTLIL representation for module `\FIFO_16K_BLK'.
Successfully finished Verilog frontend.

4.3. Executing HIERARCHY pass (managing design hierarchy).

4.3.1. Finding top of design hierarchy..
root of   1 design levels: Sequence            
Automatically selected Sequence as design top module.

4.3.2. Analyzing design hierarchy..
Top module:  \Sequence

4.3.3. Analyzing design hierarchy..
Top module:  \Sequence
Removed 0 unused modules.

4.4. Executing PROC pass (convert processes to netlists).

4.4.1. Executing PROC_CLEAN pass (remove empty switches from decision trees).
Cleaned up 0 empty switches.

4.4.2. Executing PROC_RMDEAD pass (remove dead branches from decision trees).
Marked 1 switch rules as full_case in process $proc$/home/raghavendra/qorc-sdk/fpga_toolchain_install/v1.3.1/quicklogic-arch-defs/share/techmaps/quicklogic/pp3/techmap/cells_sim.v:4781$136 in module MULT.
Marked 2 switch rules as full_case in process $proc$/home/raghavendra/qorc-sdk/fpga_toolchain_install/v1.3.1/quicklogic-arch-defs/share/techmaps/quicklogic/pp3/techmap/cells_sim.v:242$118 in module Q_FRAG.
Marked 1 switch rules as full_case in process $proc$/home/raghavendra/qorc-sdk/fpga-examples/fsm3/fsm.v:26$1 in module Sequence.
Removed a total of 0 dead cases.

4.4.3. Executing PROC_PRUNE pass (remove redundant assignments in processes).
Removed 0 redundant assignments.
Promoted 24 assignments to connections.

4.4.4. Executing PROC_INIT pass (extract init attributes).
Found init rule in `\Q_FRAG.$proc$/home/raghavendra/qorc-sdk/fpga_toolchain_install/v1.3.1/quicklogic-arch-defs/share/techmaps/quicklogic/pp3/techmap/cells_sim.v:0$119'.
  Set init value: \QZ = 1'0
Found init rule in `\Sequence.$proc$/home/raghavendra/qorc-sdk/fpga-examples/fsm3/fsm.v:0$101'.
  Set init value: \a = 1'0
  Set init value: \b = 1'0
  Set init value: \c = 1'0
  Set init value: \d = 1'0
  Set init value: \e = 1'0
  Set init value: \f = 1'0
  Set init value: \g = 1'1
  Set init value: \q1 = 1'0
  Set init value: \q2 = 1'0
  Set init value: \q3 = 1'0

4.4.5. Executing PROC_ARST pass (detect async resets in processes).
Found async reset \QST in `\Q_FRAG.$proc$/home/raghavendra/qorc-sdk/fpga_toolchain_install/v1.3.1/quicklogic-arch-defs/share/techmaps/quicklogic/pp3/techmap/cells_sim.v:242$118'.
Found async reset \QRT in `\Q_FRAG.$proc$/home/raghavendra/qorc-sdk/fpga_toolchain_install/v1.3.1/quicklogic-arch-defs/share/techmaps/quicklogic/pp3/techmap/cells_sim.v:242$118'.

4.4.6. Executing PROC_MUX pass (convert decision trees to multiplexers).
Creating decoders for process `\MULT.$proc$/home/raghavendra/qorc-sdk/fpga_toolchain_install/v1.3.1/quicklogic-arch-defs/share/techmaps/quicklogic/pp3/techmap/cells_sim.v:4781$136'.
     1/2: $0\Cmult[63:0] [63:32]
     2/2: $0\Cmult[63:0] [31:0]
Creating decoders for process `\Q_FRAG.$proc$/home/raghavendra/qorc-sdk/fpga_toolchain_install/v1.3.1/quicklogic-arch-defs/share/techmaps/quicklogic/pp3/techmap/cells_sim.v:0$119'.
Creating decoders for process `\Q_FRAG.$proc$/home/raghavendra/qorc-sdk/fpga_toolchain_install/v1.3.1/quicklogic-arch-defs/share/techmaps/quicklogic/pp3/techmap/cells_sim.v:242$118'.
     1/1: $0\QZ[0:0]
Creating decoders for process `\Sequence.$proc$/home/raghavendra/qorc-sdk/fpga-examples/fsm3/fsm.v:0$101'.
Creating decoders for process `\Sequence.$proc$/home/raghavendra/qorc-sdk/fpga-examples/fsm3/fsm.v:26$1'.
     1/16: $1\led[0:0]
     2/16: $1\delay[26:0]
     3/16: $1\g[0:0]
     4/16: $1\f[0:0]
     5/16: $1\e[0:0]
     6/16: $1\d[0:0]
     7/16: $1\c[0:0]
     8/16: $1\b[0:0]
     9/16: $1\a[0:0]
    10/16: $1\y[0:0]
    11/16: $1\d3[0:0]
    12/16: $1\d2[0:0]
    13/16: $1\d1[0:0]
    14/16: $0\q3[0:0]
    15/16: $0\q2[0:0]
    16/16: $0\q1[0:0]

4.4.7. Executing PROC_DLATCH pass (convert process syncs to latches).

4.4.8. Executing PROC_DFF pass (convert process syncs to FFs).
Creating register for signal `\MULT.\Cmult' using process `\MULT.$proc$/home/raghavendra/qorc-sdk/fpga_toolchain_install/v1.3.1/quicklogic-arch-defs/share/techmaps/quicklogic/pp3/techmap/cells_sim.v:4781$136'.
  created direct connection (no actual register cell created).
Creating register for signal `\Q_FRAG.\QZ' using process `\Q_FRAG.$proc$/home/raghavendra/qorc-sdk/fpga_toolchain_install/v1.3.1/quicklogic-arch-defs/share/techmaps/quicklogic/pp3/techmap/cells_sim.v:242$118'.
Warning: Complex async reset for dff `\QZ'.
  created $dffsr cell `$procdff$1035' with positive edge clock and multiple level-sensitive resets.
Creating register for signal `\Sequence.\y' using process `\Sequence.$proc$/home/raghavendra/qorc-sdk/fpga-examples/fsm3/fsm.v:26$1'.
  created $dff cell `$procdff$1036' with positive edge clock.
Creating register for signal `\Sequence.\a' using process `\Sequence.$proc$/home/raghavendra/qorc-sdk/fpga-examples/fsm3/fsm.v:26$1'.
  created $dff cell `$procdff$1037' with positive edge clock.
Creating register for signal `\Sequence.\b' using process `\Sequence.$proc$/home/raghavendra/qorc-sdk/fpga-examples/fsm3/fsm.v:26$1'.
  created $dff cell `$procdff$1038' with positive edge clock.
Creating register for signal `\Sequence.\c' using process `\Sequence.$proc$/home/raghavendra/qorc-sdk/fpga-examples/fsm3/fsm.v:26$1'.
  created $dff cell `$procdff$1039' with positive edge clock.
Creating register for signal `\Sequence.\d' using process `\Sequence.$proc$/home/raghavendra/qorc-sdk/fpga-examples/fsm3/fsm.v:26$1'.
  created $dff cell `$procdff$1040' with positive edge clock.
Creating register for signal `\Sequence.\e' using process `\Sequence.$proc$/home/raghavendra/qorc-sdk/fpga-examples/fsm3/fsm.v:26$1'.
  created $dff cell `$procdff$1041' with positive edge clock.
Creating register for signal `\Sequence.\f' using process `\Sequence.$proc$/home/raghavendra/qorc-sdk/fpga-examples/fsm3/fsm.v:26$1'.
  created $dff cell `$procdff$1042' with positive edge clock.
Creating register for signal `\Sequence.\g' using process `\Sequence.$proc$/home/raghavendra/qorc-sdk/fpga-examples/fsm3/fsm.v:26$1'.
  created $dff cell `$procdff$1043' with positive edge clock.
Creating register for signal `\Sequence.\q1' using process `\Sequence.$proc$/home/raghavendra/qorc-sdk/fpga-examples/fsm3/fsm.v:26$1'.
  created $dff cell `$procdff$1044' with positive edge clock.
Creating register for signal `\Sequence.\q2' using process `\Sequence.$proc$/home/raghavendra/qorc-sdk/fpga-examples/fsm3/fsm.v:26$1'.
  created $dff cell `$procdff$1045' with positive edge clock.
Creating register for signal `\Sequence.\q3' using process `\Sequence.$proc$/home/raghavendra/qorc-sdk/fpga-examples/fsm3/fsm.v:26$1'.
  created $dff cell `$procdff$1046' with positive edge clock.
Creating register for signal `\Sequence.\d1' using process `\Sequence.$proc$/home/raghavendra/qorc-sdk/fpga-examples/fsm3/fsm.v:26$1'.
  created $dff cell `$procdff$1047' with positive edge clock.
Creating register for signal `\Sequence.\d2' using process `\Sequence.$proc$/home/raghavendra/qorc-sdk/fpga-examples/fsm3/fsm.v:26$1'.
  created $dff cell `$procdff$1048' with positive edge clock.
Creating register for signal `\Sequence.\d3' using process `\Sequence.$proc$/home/raghavendra/qorc-sdk/fpga-examples/fsm3/fsm.v:26$1'.
  created $dff cell `$procdff$1049' with positive edge clock.
Creating register for signal `\Sequence.\delay' using process `\Sequence.$proc$/home/raghavendra/qorc-sdk/fpga-examples/fsm3/fsm.v:26$1'.
  created $dff cell `$procdff$1050' with positive edge clock.
Creating register for signal `\Sequence.\led' using process `\Sequence.$proc$/home/raghavendra/qorc-sdk/fpga-examples/fsm3/fsm.v:26$1'.
  created $dff cell `$procdff$1051' with positive edge clock.

4.4.9. Executing PROC_CLEAN pass (remove empty switches from decision trees).
Found and cleaned up 4 empty switches in `\MULT.$proc$/home/raghavendra/qorc-sdk/fpga_toolchain_install/v1.3.1/quicklogic-arch-defs/share/techmaps/quicklogic/pp3/techmap/cells_sim.v:4781$136'.
Removing empty process `MULT.$proc$/home/raghavendra/qorc-sdk/fpga_toolchain_install/v1.3.1/quicklogic-arch-defs/share/techmaps/quicklogic/pp3/techmap/cells_sim.v:4781$136'.
Removing empty process `Q_FRAG.$proc$/home/raghavendra/qorc-sdk/fpga_toolchain_install/v1.3.1/quicklogic-arch-defs/share/techmaps/quicklogic/pp3/techmap/cells_sim.v:0$119'.
Found and cleaned up 1 empty switch in `\Q_FRAG.$proc$/home/raghavendra/qorc-sdk/fpga_toolchain_install/v1.3.1/quicklogic-arch-defs/share/techmaps/quicklogic/pp3/techmap/cells_sim.v:242$118'.
Removing empty process `Q_FRAG.$proc$/home/raghavendra/qorc-sdk/fpga_toolchain_install/v1.3.1/quicklogic-arch-defs/share/techmaps/quicklogic/pp3/techmap/cells_sim.v:242$118'.
Removing empty process `Sequence.$proc$/home/raghavendra/qorc-sdk/fpga-examples/fsm3/fsm.v:0$101'.
Found and cleaned up 1 empty switch in `\Sequence.$proc$/home/raghavendra/qorc-sdk/fpga-examples/fsm3/fsm.v:26$1'.
Removing empty process `Sequence.$proc$/home/raghavendra/qorc-sdk/fpga-examples/fsm3/fsm.v:26$1'.
Cleaned up 6 empty switches.

4.5. Executing FLATTEN pass (flatten design).

4.6. Executing TRIBUF pass.

4.7. Executing OPT_EXPR pass (perform const folding).
Optimizing module Sequence.

4.8. Executing OPT_CLEAN pass (remove unused cells and wires).
Finding unused cells or wires in module \Sequence..
Removed 6 unused cells and 61 unused wires.

4.9. Executing DEMINOUT pass (demote inout ports to input or output).

4.10. Executing OPT pass (performing simple optimizations).

4.10.1. Executing OPT_EXPR pass (perform const folding).
Optimizing module Sequence.

4.10.2. Executing OPT_MERGE pass (detect identical cells).
Finding identical cells in module `\Sequence'.
Removed a total of 63 cells.

4.10.3. Executing OPT_MUXTREE pass (detect dead branches in mux trees).
Running muxtree optimizer on module \Sequence..
  Creating internal representation of mux trees.
  Evaluating internal representation of mux trees.
  Analyzing evaluation results.
Removed 0 multiplexer ports.

4.10.4. Executing OPT_REDUCE pass (consolidate $*mux and $reduce_* inputs).
  Optimizing cells in module \Sequence.
Performed a total of 0 changes.

4.10.5. Executing OPT_MERGE pass (detect identical cells).
Finding identical cells in module `\Sequence'.
Removed a total of 0 cells.

4.10.6. Executing OPT_RMDFF pass (remove dff with constant values).
Removing $procdff$1038 ($dff) from module Sequence.
Replaced 1 DFF cells.

4.10.7. Executing OPT_CLEAN pass (remove unused cells and wires).
Finding unused cells or wires in module \Sequence..
Removed 1 unused cells and 64 unused wires.

4.10.8. Executing OPT_EXPR pass (perform const folding).
Optimizing module Sequence.

4.10.9. Rerunning OPT passes. (Maybe there is more to do..)

4.10.10. Executing OPT_MUXTREE pass (detect dead branches in mux trees).
Running muxtree optimizer on module \Sequence..
  Creating internal representation of mux trees.
  Evaluating internal representation of mux trees.
  Analyzing evaluation results.
Removed 0 multiplexer ports.

4.10.11. Executing OPT_REDUCE pass (consolidate $*mux and $reduce_* inputs).
  Optimizing cells in module \Sequence.
Performed a total of 0 changes.

4.10.12. Executing OPT_MERGE pass (detect identical cells).
Finding identical cells in module `\Sequence'.
Removed a total of 0 cells.

4.10.13. Executing OPT_RMDFF pass (remove dff with constant values).

4.10.14. Executing OPT_CLEAN pass (remove unused cells and wires).
Finding unused cells or wires in module \Sequence..

4.10.15. Executing OPT_EXPR pass (perform const folding).
Optimizing module Sequence.

4.10.16. Finished OPT passes. (There is nothing left to do.)

4.11. Executing OPT_EXPR pass (perform const folding).
Optimizing module Sequence.

4.12. Executing OPT_CLEAN pass (remove unused cells and wires).
Finding unused cells or wires in module \Sequence..

4.13. Executing CHECK pass (checking for obvious problems).
checking module Sequence..
found and reported 0 problems.

4.14. Executing OPT pass (performing simple optimizations).

4.14.1. Executing OPT_EXPR pass (perform const folding).
Optimizing module Sequence.

4.14.2. Executing OPT_MERGE pass (detect identical cells).
Finding identical cells in module `\Sequence'.
Removed a total of 0 cells.

4.14.3. Executing OPT_MUXTREE pass (detect dead branches in mux trees).
Running muxtree optimizer on module \Sequence..
  Creating internal representation of mux trees.
  Evaluating internal representation of mux trees.
  Analyzing evaluation results.
Removed 0 multiplexer ports.

4.14.4. Executing OPT_REDUCE pass (consolidate $*mux and $reduce_* inputs).
  Optimizing cells in module \Sequence.
Performed a total of 0 changes.

4.14.5. Executing OPT_MERGE pass (detect identical cells).
Finding identical cells in module `\Sequence'.
Removed a total of 0 cells.

4.14.6. Executing OPT_RMDFF pass (remove dff with constant values).

4.14.7. Executing OPT_CLEAN pass (remove unused cells and wires).
Finding unused cells or wires in module \Sequence..

4.14.8. Executing OPT_EXPR pass (perform const folding).
Optimizing module Sequence.

4.14.9. Finished OPT passes. (There is nothing left to do.)

4.15. Executing WREDUCE pass (reducing word size of cells).
Removed top 31 bits (of 32) from port B of cell Sequence.$add$/home/raghavendra/qorc-sdk/fpga-examples/fsm3/fsm.v:28$2 ($add).
Removed top 5 bits (of 32) from port Y of cell Sequence.$add$/home/raghavendra/qorc-sdk/fpga-examples/fsm3/fsm.v:28$2 ($add).
Removed top 7 bits (of 32) from port B of cell Sequence.$ge$/home/raghavendra/qorc-sdk/fpga-examples/fsm3/fsm.v:30$3 ($ge).
Removed top 5 bits (of 32) from wire Sequence.$add$/home/raghavendra/qorc-sdk/fpga-examples/fsm3/fsm.v:28$2_Y.

4.16. Executing PEEPOPT pass (run peephole optimizers).

4.17. Executing PMUXTREE pass.

4.18. Executing OPT_CLEAN pass (remove unused cells and wires).
Finding unused cells or wires in module \Sequence..
Removed 0 unused cells and 1 unused wires.

4.19. Executing ALUMACC pass (create $alu and $macc cells).
Extracting $alu and $macc cells in module Sequence:
  creating $macc model for $add$/home/raghavendra/qorc-sdk/fpga-examples/fsm3/fsm.v:28$2 ($add).
  creating $alu model for $macc $add$/home/raghavendra/qorc-sdk/fpga-examples/fsm3/fsm.v:28$2.
  creating $alu model for $ge$/home/raghavendra/qorc-sdk/fpga-examples/fsm3/fsm.v:30$3 ($ge): new $alu
  creating $alu cell for $ge$/home/raghavendra/qorc-sdk/fpga-examples/fsm3/fsm.v:30$3: $auto$alumacc.cc:485:replace_alu$1054
  creating $alu cell for $add$/home/raghavendra/qorc-sdk/fpga-examples/fsm3/fsm.v:28$2: $auto$alumacc.cc:485:replace_alu$1063
  created 2 $alu and 0 $macc cells.

4.20. Executing OPT pass (performing simple optimizations).

4.20.1. Executing OPT_EXPR pass (perform const folding).
Optimizing module Sequence.

4.20.2. Executing OPT_MERGE pass (detect identical cells).
Finding identical cells in module `\Sequence'.
Removed a total of 0 cells.

4.20.3. Executing OPT_MUXTREE pass (detect dead branches in mux trees).
Running muxtree optimizer on module \Sequence..
  Creating internal representation of mux trees.
  Evaluating internal representation of mux trees.
  Analyzing evaluation results.
Removed 0 multiplexer ports.

4.20.4. Executing OPT_REDUCE pass (consolidate $*mux and $reduce_* inputs).
  Optimizing cells in module \Sequence.
Performed a total of 0 changes.

4.20.5. Executing OPT_MERGE pass (detect identical cells).
Finding identical cells in module `\Sequence'.
Removed a total of 0 cells.

4.20.6. Executing OPT_RMDFF pass (remove dff with constant values).

4.20.7. Executing OPT_CLEAN pass (remove unused cells and wires).
Finding unused cells or wires in module \Sequence..
Removed 0 unused cells and 1 unused wires.

4.20.8. Executing OPT_EXPR pass (perform const folding).
Optimizing module Sequence.

4.20.9. Rerunning OPT passes. (Maybe there is more to do..)

4.20.10. Executing OPT_MUXTREE pass (detect dead branches in mux trees).
Running muxtree optimizer on module \Sequence..
  Creating internal representation of mux trees.
  Evaluating internal representation of mux trees.
  Analyzing evaluation results.
Removed 0 multiplexer ports.

4.20.11. Executing OPT_REDUCE pass (consolidate $*mux and $reduce_* inputs).
  Optimizing cells in module \Sequence.
Performed a total of 0 changes.

4.20.12. Executing OPT_MERGE pass (detect identical cells).
Finding identical cells in module `\Sequence'.
Removed a total of 0 cells.

4.20.13. Executing OPT_RMDFF pass (remove dff with constant values).

4.20.14. Executing OPT_CLEAN pass (remove unused cells and wires).
Finding unused cells or wires in module \Sequence..

4.20.15. Executing OPT_EXPR pass (perform const folding).
Optimizing module Sequence.

4.20.16. Finished OPT passes. (There is nothing left to do.)

4.21. Executing FSM pass (extract and optimize FSM).

4.21.1. Executing FSM_DETECT pass (finding FSMs in design).

4.21.2. Executing FSM_EXTRACT pass (extracting FSM from design).

4.21.3. Executing FSM_OPT pass (simple optimizations of FSMs).

4.21.4. Executing OPT_CLEAN pass (remove unused cells and wires).
Finding unused cells or wires in module \Sequence..

4.21.5. Executing FSM_OPT pass (simple optimizations of FSMs).

4.21.6. Executing FSM_RECODE pass (re-assigning FSM state encoding).

4.21.7. Executing FSM_INFO pass (dumping all available information on FSM cells).

4.21.8. Executing FSM_MAP pass (mapping FSMs to basic logic).

4.22. Executing OPT pass (performing simple optimizations).

4.22.1. Executing OPT_EXPR pass (perform const folding).
Optimizing module Sequence.

4.22.2. Executing OPT_MERGE pass (detect identical cells).
Finding identical cells in module `\Sequence'.
Removed a total of 0 cells.

4.22.3. Executing OPT_RMDFF pass (remove dff with constant values).

4.22.4. Executing OPT_CLEAN pass (remove unused cells and wires).
Finding unused cells or wires in module \Sequence..

4.22.5. Finished fast OPT passes.

4.23. Executing MEMORY pass.

4.23.1. Executing OPT_MEM pass (optimize memories).
Performed a total of 0 transformations.

4.23.2. Executing MEMORY_DFF pass (merging $dff cells to $memrd and $memwr).

4.23.3. Executing OPT_CLEAN pass (remove unused cells and wires).
Finding unused cells or wires in module \Sequence..

4.23.4. Executing MEMORY_SHARE pass (consolidating $memrd/$memwr cells).

4.23.5. Executing OPT_CLEAN pass (remove unused cells and wires).
Finding unused cells or wires in module \Sequence..

4.23.6. Executing MEMORY_COLLECT pass (generating $mem cells).

4.24. Executing OPT_CLEAN pass (remove unused cells and wires).
Finding unused cells or wires in module \Sequence..

4.25. Executing MEMORY_BRAM pass (mapping $mem cells to block memories).

4.26. Executing PP3_BRAMINIT pass.
cell type $auto$alumacc.cc:485:replace_alu$1054
cell type $auto$alumacc.cc:485:replace_alu$1063
cell type $auto$alumacc.cc:520:replace_alu$1061
cell type $auto$alumacc.cc:75:get_eq$1059
cell type $auto$alumacc.cc:89:get_cf$1057
cell type $logic_and$/home/raghavendra/qorc-sdk/fpga-examples/fsm3/fsm.v:32$7
cell type $logic_and$/home/raghavendra/qorc-sdk/fpga-examples/fsm3/fsm.v:33$14
cell type $logic_and$/home/raghavendra/qorc-sdk/fpga-examples/fsm3/fsm.v:33$15
cell type $logic_and$/home/raghavendra/qorc-sdk/fpga-examples/fsm3/fsm.v:33$17
cell type $logic_and$/home/raghavendra/qorc-sdk/fpga-examples/fsm3/fsm.v:34$23
cell type $logic_and$/home/raghavendra/qorc-sdk/fpga-examples/fsm3/fsm.v:34$28
cell type $logic_and$/home/raghavendra/qorc-sdk/fpga-examples/fsm3/fsm.v:39$51
cell type $logic_and$/home/raghavendra/qorc-sdk/fpga-examples/fsm3/fsm.v:41$66
cell type $logic_and$/home/raghavendra/qorc-sdk/fpga-examples/fsm3/fsm.v:42$78
cell type $logic_and$/home/raghavendra/qorc-sdk/fpga-examples/fsm3/fsm.v:42$80
cell type $logic_and$/home/raghavendra/qorc-sdk/fpga-examples/fsm3/fsm.v:42$83
cell type $logic_and$/home/raghavendra/qorc-sdk/fpga-examples/fsm3/fsm.v:42$85
cell type $logic_and$/home/raghavendra/qorc-sdk/fpga-examples/fsm3/fsm.v:43$89
cell type $logic_and$/home/raghavendra/qorc-sdk/fpga-examples/fsm3/fsm.v:43$91
cell type $logic_and$/home/raghavendra/qorc-sdk/fpga-examples/fsm3/fsm.v:43$92
cell type $logic_and$/home/raghavendra/qorc-sdk/fpga-examples/fsm3/fsm.v:43$96
cell type $logic_and$/home/raghavendra/qorc-sdk/fpga-examples/fsm3/fsm.v:43$98
cell type $logic_not$/home/raghavendra/qorc-sdk/fpga-examples/fsm3/fsm.v:32$4
cell type $logic_not$/home/raghavendra/qorc-sdk/fpga-examples/fsm3/fsm.v:33$10
cell type $logic_not$/home/raghavendra/qorc-sdk/fpga-examples/fsm3/fsm.v:33$13
cell type $logic_not$/home/raghavendra/qorc-sdk/fpga-examples/fsm3/fsm.v:33$16
cell type $logic_not$/home/raghavendra/qorc-sdk/fpga-examples/fsm3/fsm.v:35$36
cell type $logic_not$/home/raghavendra/qorc-sdk/fpga-examples/fsm3/fsm.v:51$100
cell type $logic_or$/home/raghavendra/qorc-sdk/fpga-examples/fsm3/fsm.v:33$18
cell type $logic_or$/home/raghavendra/qorc-sdk/fpga-examples/fsm3/fsm.v:34$29
cell type $logic_or$/home/raghavendra/qorc-sdk/fpga-examples/fsm3/fsm.v:34$35
cell type $logic_or$/home/raghavendra/qorc-sdk/fpga-examples/fsm3/fsm.v:37$45
cell type $logic_or$/home/raghavendra/qorc-sdk/fpga-examples/fsm3/fsm.v:39$58
cell type $logic_or$/home/raghavendra/qorc-sdk/fpga-examples/fsm3/fsm.v:41$67
cell type $logic_or$/home/raghavendra/qorc-sdk/fpga-examples/fsm3/fsm.v:41$71
cell type $logic_or$/home/raghavendra/qorc-sdk/fpga-examples/fsm3/fsm.v:42$81
cell type $logic_or$/home/raghavendra/qorc-sdk/fpga-examples/fsm3/fsm.v:42$86
cell type $logic_or$/home/raghavendra/qorc-sdk/fpga-examples/fsm3/fsm.v:43$93
cell type $logic_or$/home/raghavendra/qorc-sdk/fpga-examples/fsm3/fsm.v:43$99
cell type $procdff$1036
cell type $procdff$1037
cell type $procdff$1039
cell type $procdff$1040
cell type $procdff$1041
cell type $procdff$1042
cell type $procdff$1043
cell type $procdff$1044
cell type $procdff$1045
cell type $procdff$1046
cell type $procdff$1050
cell type $procdff$1051
cell type $procmux$1000
cell type $procmux$1003
cell type $procmux$1015
cell type $procmux$1018
cell type $procmux$1021
cell type $procmux$976
cell type $procmux$979
cell type $procmux$982
cell type $procmux$985
cell type $procmux$988
cell type $procmux$991
cell type $procmux$994
cell type u_qlal4s3b_cell_macro

4.27. Executing TECHMAP pass (map to technology primitives).

4.27.1. Executing Verilog-2005 frontend: /home/raghavendra/qorc-sdk/fpga_toolchain_install/v1.3.1/conda/bin/../share/yosys/quicklogic/pp3_brams_map.v
Parsing Verilog input from `/home/raghavendra/qorc-sdk/fpga_toolchain_install/v1.3.1/conda/bin/../share/yosys/quicklogic/pp3_brams_map.v' to AST representation.
Generating RTLIL representation for module `\$__QUICKLOGIC_RAMB16K'.
/home/raghavendra/qorc-sdk/fpga_toolchain_install/v1.3.1/conda/bin/../share/yosys/quicklogic/pp3_brams_map.v:21: Warning: Identifier `\VCC' is implicitly declared.
/home/raghavendra/qorc-sdk/fpga_toolchain_install/v1.3.1/conda/bin/../share/yosys/quicklogic/pp3_brams_map.v:22: Warning: Identifier `\GND' is implicitly declared.
Generating RTLIL representation for module `\$__QUICKLOGIC_RAMB8K'.
/home/raghavendra/qorc-sdk/fpga_toolchain_install/v1.3.1/conda/bin/../share/yosys/quicklogic/pp3_brams_map.v:239: Warning: Identifier `\GND' is implicitly declared.
/home/raghavendra/qorc-sdk/fpga_toolchain_install/v1.3.1/conda/bin/../share/yosys/quicklogic/pp3_brams_map.v:240: Warning: Identifier `\VCC' is implicitly declared.
Generating RTLIL representation for module `\RAM_8K_BLK'.
/home/raghavendra/qorc-sdk/fpga_toolchain_install/v1.3.1/conda/bin/../share/yosys/quicklogic/pp3_brams_map.v:539: Warning: Range [17:0] select out of bounds on signal `\out_reg0': Setting 2 MSB bits to undef.
Generating RTLIL representation for module `\RAM_16K_BLK'.
/home/raghavendra/qorc-sdk/fpga_toolchain_install/v1.3.1/conda/bin/../share/yosys/quicklogic/pp3_brams_map.v:825: Warning: Range [35:0] select out of bounds on signal `\out_reg0': Setting 4 MSB bits to undef.
Generating RTLIL representation for module `\FIFO_8K_BLK'.
/home/raghavendra/qorc-sdk/fpga_toolchain_install/v1.3.1/conda/bin/../share/yosys/quicklogic/pp3_brams_map.v:999: Warning: Range [35:0] select out of bounds on signal `\out_reg0': Setting 20 MSB bits to undef.
Generating RTLIL representation for module `\FIFO_16K_BLK'.
/home/raghavendra/qorc-sdk/fpga_toolchain_install/v1.3.1/conda/bin/../share/yosys/quicklogic/pp3_brams_map.v:1251: Warning: Range [35:0] select out of bounds on signal `\out_reg0': Setting 4 MSB bits to undef.
Successfully finished Verilog frontend.

4.27.2. Continuing TECHMAP pass.
No more expansions possible.

4.28. Executing OPT pass (performing simple optimizations).

4.28.1. Executing OPT_EXPR pass (perform const folding).
Optimizing module Sequence.

4.28.2. Executing OPT_MERGE pass (detect identical cells).
Finding identical cells in module `\Sequence'.
Removed a total of 0 cells.

4.28.3. Executing OPT_RMDFF pass (remove dff with constant values).

4.28.4. Executing OPT_CLEAN pass (remove unused cells and wires).
Finding unused cells or wires in module \Sequence..

4.28.5. Finished fast OPT passes.

4.29. Executing MEMORY_MAP pass (converting $mem cells to logic and flip-flops).

4.30. Executing OPT pass (performing simple optimizations).

4.30.1. Executing OPT_EXPR pass (perform const folding).
Optimizing module Sequence.

4.30.2. Executing OPT_MERGE pass (detect identical cells).
Finding identical cells in module `\Sequence'.
Removed a total of 0 cells.

4.30.3. Executing OPT_MUXTREE pass (detect dead branches in mux trees).
Running muxtree optimizer on module \Sequence..
  Creating internal representation of mux trees.
  Evaluating internal representation of mux trees.
  Analyzing evaluation results.
Removed 0 multiplexer ports.

4.30.4. Executing OPT_REDUCE pass (consolidate $*mux and $reduce_* inputs).
  Optimizing cells in module \Sequence.
Performed a total of 0 changes.

4.30.5. Executing OPT_MERGE pass (detect identical cells).
Finding identical cells in module `\Sequence'.
Removed a total of 0 cells.

4.30.6. Executing OPT_RMDFF pass (remove dff with constant values).

4.30.7. Executing OPT_CLEAN pass (remove unused cells and wires).
Finding unused cells or wires in module \Sequence..

4.30.8. Executing OPT_EXPR pass (perform const folding).
Optimizing module Sequence.

4.30.9. Finished OPT passes. (There is nothing left to do.)

4.31. Executing TECHMAP pass (map to technology primitives).

4.31.1. Executing Verilog-2005 frontend: /home/raghavendra/qorc-sdk/fpga_toolchain_install/v1.3.1/conda/bin/../share/yosys/techmap.v
Parsing Verilog input from `/home/raghavendra/qorc-sdk/fpga_toolchain_install/v1.3.1/conda/bin/../share/yosys/techmap.v' to AST representation.
Generating RTLIL representation for module `\_90_simplemap_bool_ops'.
Generating RTLIL representation for module `\_90_simplemap_reduce_ops'.
Generating RTLIL representation for module `\_90_simplemap_logic_ops'.
Generating RTLIL representation for module `\_90_simplemap_compare_ops'.
Generating RTLIL representation for module `\_90_simplemap_various'.
Generating RTLIL representation for module `\_90_simplemap_registers'.
Generating RTLIL representation for module `\_90_shift_ops_shr_shl_sshl_sshr'.
Generating RTLIL representation for module `\_90_shift_shiftx'.
Generating RTLIL representation for module `\_90_fa'.
Generating RTLIL representation for module `\_90_lcu'.
Generating RTLIL representation for module `\_90_alu'.
Generating RTLIL representation for module `\_90_macc'.
Generating RTLIL representation for module `\_90_alumacc'.
Generating RTLIL representation for module `\$__div_mod_u'.
Generating RTLIL representation for module `\$__div_mod_trunc'.
Generating RTLIL representation for module `\_90_div'.
Generating RTLIL representation for module `\_90_mod'.
Generating RTLIL representation for module `\$__div_mod_floor'.
Generating RTLIL representation for module `\_90_divfloor'.
Generating RTLIL representation for module `\_90_modfloor'.
Generating RTLIL representation for module `\_90_pow'.
Generating RTLIL representation for module `\_90_pmux'.
Generating RTLIL representation for module `\_90_lut'.
Successfully finished Verilog frontend.

4.31.2. Continuing TECHMAP pass.
Using template $paramod\_90_alu\A_SIGNED=0\B_SIGNED=0\A_WIDTH=1\B_WIDTH=27\Y_WIDTH=27 for cells of type $alu.
Using extmapper simplemap for cells of type $logic_not.
Using extmapper simplemap for cells of type $logic_and.
Using template $paramod\_90_alu\A_SIGNED=0\B_SIGNED=0\A_WIDTH=25\B_WIDTH=27\Y_WIDTH=27 for cells of type $alu.
Using extmapper simplemap for cells of type $logic_or.
Using extmapper simplemap for cells of type $not.
Using extmapper simplemap for cells of type $reduce_and.
Using extmapper simplemap for cells of type $reduce_or.
Using extmapper simplemap for cells of type $mux.
Using extmapper simplemap for cells of type $dff.
Using extmapper simplemap for cells of type $xor.
Using extmapper simplemap for cells of type $and.
Using template $paramod\_90_lcu\WIDTH=27 for cells of type $lcu.
Using extmapper simplemap for cells of type $pos.
Using extmapper simplemap for cells of type $or.
No more expansions possible.

4.32. Executing OPT pass (performing simple optimizations).

4.32.1. Executing OPT_EXPR pass (perform const folding).
Optimizing module Sequence.

4.32.2. Executing OPT_MERGE pass (detect identical cells).
Finding identical cells in module `\Sequence'.
Removed a total of 25 cells.

4.32.3. Executing OPT_RMDFF pass (remove dff with constant values).

4.32.4. Executing OPT_CLEAN pass (remove unused cells and wires).
Finding unused cells or wires in module \Sequence..
Removed 83 unused cells and 195 unused wires.

4.32.5. Finished fast OPT passes.

4.33. Executing MUXCOVER pass (mapping to wider MUXes).
Covering MUX trees in module Sequence..
  Treeifying 38 MUXes:
    Found tree with 1 MUXes at root $0\y[0:0].
    Found tree with 1 MUXes at root $0\a[0:0].
    Found tree with 1 MUXes at root $0\c[0:0].
    Found tree with 1 MUXes at root $0\d[0:0].
    Found tree with 1 MUXes at root $0\e[0:0].
    Found tree with 1 MUXes at root $0\f[0:0].
    Found tree with 1 MUXes at root $0\g[0:0].
    Found tree with 1 MUXes at root $0\q1[0:0].
    Found tree with 1 MUXes at root $0\q2[0:0].
    Found tree with 1 MUXes at root $0\q3[0:0].
    Found tree with 1 MUXes at root $0\delay[26:0] [0].
    Found tree with 1 MUXes at root $0\delay[26:0] [1].
    Found tree with 1 MUXes at root $0\delay[26:0] [2].
    Found tree with 1 MUXes at root $0\delay[26:0] [3].
    Found tree with 1 MUXes at root $0\delay[26:0] [4].
    Found tree with 1 MUXes at root $0\delay[26:0] [5].
    Found tree with 1 MUXes at root $0\delay[26:0] [6].
    Found tree with 1 MUXes at root $0\delay[26:0] [7].
    Found tree with 1 MUXes at root $0\delay[26:0] [8].
    Found tree with 1 MUXes at root $0\delay[26:0] [9].
    Found tree with 1 MUXes at root $0\delay[26:0] [10].
    Found tree with 1 MUXes at root $0\delay[26:0] [11].
    Found tree with 1 MUXes at root $0\delay[26:0] [12].
    Found tree with 1 MUXes at root $0\delay[26:0] [13].
    Found tree with 1 MUXes at root $0\delay[26:0] [14].
    Found tree with 1 MUXes at root $0\delay[26:0] [15].
    Found tree with 1 MUXes at root $0\delay[26:0] [16].
    Found tree with 1 MUXes at root $0\delay[26:0] [17].
    Found tree with 1 MUXes at root $0\delay[26:0] [18].
    Found tree with 1 MUXes at root $0\delay[26:0] [19].
    Found tree with 1 MUXes at root $0\delay[26:0] [20].
    Found tree with 1 MUXes at root $0\delay[26:0] [21].
    Found tree with 1 MUXes at root $0\delay[26:0] [22].
    Found tree with 1 MUXes at root $0\delay[26:0] [23].
    Found tree with 1 MUXes at root $0\delay[26:0] [24].
    Found tree with 1 MUXes at root $0\delay[26:0] [25].
    Found tree with 1 MUXes at root $0\delay[26:0] [26].
    Found tree with 1 MUXes at root $0\led[0:0].
    Finished treeification: Found 38 trees.
  Covering trees:
    Replaced tree at $0\y[0:0]: 1 MUX2, 0 MUX4, 0 MUX8, 0 MUX16
    Replaced tree at $0\a[0:0]: 1 MUX2, 0 MUX4, 0 MUX8, 0 MUX16
    Replaced tree at $0\c[0:0]: 1 MUX2, 0 MUX4, 0 MUX8, 0 MUX16
    Replaced tree at $0\d[0:0]: 1 MUX2, 0 MUX4, 0 MUX8, 0 MUX16
    Replaced tree at $0\e[0:0]: 1 MUX2, 0 MUX4, 0 MUX8, 0 MUX16
    Replaced tree at $0\f[0:0]: 1 MUX2, 0 MUX4, 0 MUX8, 0 MUX16
    Replaced tree at $0\g[0:0]: 1 MUX2, 0 MUX4, 0 MUX8, 0 MUX16
    Replaced tree at $0\q1[0:0]: 1 MUX2, 0 MUX4, 0 MUX8, 0 MUX16
    Replaced tree at $0\q2[0:0]: 1 MUX2, 0 MUX4, 0 MUX8, 0 MUX16
    Replaced tree at $0\q3[0:0]: 1 MUX2, 0 MUX4, 0 MUX8, 0 MUX16
    Replaced tree at $0\delay[26:0] [0]: 1 MUX2, 0 MUX4, 0 MUX8, 0 MUX16
    Replaced tree at $0\delay[26:0] [1]: 1 MUX2, 0 MUX4, 0 MUX8, 0 MUX16
    Replaced tree at $0\delay[26:0] [2]: 1 MUX2, 0 MUX4, 0 MUX8, 0 MUX16
    Replaced tree at $0\delay[26:0] [3]: 1 MUX2, 0 MUX4, 0 MUX8, 0 MUX16
    Replaced tree at $0\delay[26:0] [4]: 1 MUX2, 0 MUX4, 0 MUX8, 0 MUX16
    Replaced tree at $0\delay[26:0] [5]: 1 MUX2, 0 MUX4, 0 MUX8, 0 MUX16
    Replaced tree at $0\delay[26:0] [6]: 1 MUX2, 0 MUX4, 0 MUX8, 0 MUX16
    Replaced tree at $0\delay[26:0] [7]: 1 MUX2, 0 MUX4, 0 MUX8, 0 MUX16
    Replaced tree at $0\delay[26:0] [8]: 1 MUX2, 0 MUX4, 0 MUX8, 0 MUX16
    Replaced tree at $0\delay[26:0] [9]: 1 MUX2, 0 MUX4, 0 MUX8, 0 MUX16
    Replaced tree at $0\delay[26:0] [10]: 1 MUX2, 0 MUX4, 0 MUX8, 0 MUX16
    Replaced tree at $0\delay[26:0] [11]: 1 MUX2, 0 MUX4, 0 MUX8, 0 MUX16
    Replaced tree at $0\delay[26:0] [12]: 1 MUX2, 0 MUX4, 0 MUX8, 0 MUX16
    Replaced tree at $0\delay[26:0] [13]: 1 MUX2, 0 MUX4, 0 MUX8, 0 MUX16
    Replaced tree at $0\delay[26:0] [14]: 1 MUX2, 0 MUX4, 0 MUX8, 0 MUX16
    Replaced tree at $0\delay[26:0] [15]: 1 MUX2, 0 MUX4, 0 MUX8, 0 MUX16
    Replaced tree at $0\delay[26:0] [16]: 1 MUX2, 0 MUX4, 0 MUX8, 0 MUX16
    Replaced tree at $0\delay[26:0] [17]: 1 MUX2, 0 MUX4, 0 MUX8, 0 MUX16
    Replaced tree at $0\delay[26:0] [18]: 1 MUX2, 0 MUX4, 0 MUX8, 0 MUX16
    Replaced tree at $0\delay[26:0] [19]: 1 MUX2, 0 MUX4, 0 MUX8, 0 MUX16
    Replaced tree at $0\delay[26:0] [20]: 1 MUX2, 0 MUX4, 0 MUX8, 0 MUX16
    Replaced tree at $0\delay[26:0] [21]: 1 MUX2, 0 MUX4, 0 MUX8, 0 MUX16
    Replaced tree at $0\delay[26:0] [22]: 1 MUX2, 0 MUX4, 0 MUX8, 0 MUX16
    Replaced tree at $0\delay[26:0] [23]: 1 MUX2, 0 MUX4, 0 MUX8, 0 MUX16
    Replaced tree at $0\delay[26:0] [24]: 1 MUX2, 0 MUX4, 0 MUX8, 0 MUX16
    Replaced tree at $0\delay[26:0] [25]: 1 MUX2, 0 MUX4, 0 MUX8, 0 MUX16
    Replaced tree at $0\delay[26:0] [26]: 1 MUX2, 0 MUX4, 0 MUX8, 0 MUX16
    Replaced tree at $0\led[0:0]: 1 MUX2, 0 MUX4, 0 MUX8, 0 MUX16
  Added a total of 0 decoder MUXes.

4.34. Executing OPT_EXPR pass (perform const folding).
Optimizing module Sequence.

4.35. Executing DFF2DFFE pass (transform $dff to $dffe where applicable).
Transforming FF to FF+Enable cells in module Sequence:
  created $_DFFE_PP_ cell $auto$dff2dffe.cc:219:handle_dff_cell$2057 for $0\y[0:0] -> \y.
  removing now obsolete cell $auto$simplemap.cc:420:simplemap_dff$1268.
  created $_DFFE_PP_ cell $auto$dff2dffe.cc:219:handle_dff_cell$2064 for $0\a[0:0] -> \a.
  removing now obsolete cell $auto$simplemap.cc:420:simplemap_dff$1269.
  created $_DFFE_PP_ cell $auto$dff2dffe.cc:219:handle_dff_cell$2071 for $0\c[0:0] -> \c.
  removing now obsolete cell $auto$simplemap.cc:420:simplemap_dff$1270.
  created $_DFFE_PP_ cell $auto$dff2dffe.cc:219:handle_dff_cell$2078 for $0\d[0:0] -> \d.
  removing now obsolete cell $auto$simplemap.cc:420:simplemap_dff$1271.
  created $_DFFE_PP_ cell $auto$dff2dffe.cc:219:handle_dff_cell$2085 for $0\e[0:0] -> \e.
  removing now obsolete cell $auto$simplemap.cc:420:simplemap_dff$1272.
  created $_DFFE_PP_ cell $auto$dff2dffe.cc:219:handle_dff_cell$2092 for $0\f[0:0] -> \f.
  removing now obsolete cell $auto$simplemap.cc:420:simplemap_dff$1273.
  created $_DFFE_PP_ cell $auto$dff2dffe.cc:219:handle_dff_cell$2099 for $0\g[0:0] -> \g.
  removing now obsolete cell $auto$simplemap.cc:420:simplemap_dff$1274.
  created $_DFFE_PP_ cell $auto$dff2dffe.cc:219:handle_dff_cell$2106 for $0\q1[0:0] -> \q1.
  removing now obsolete cell $auto$simplemap.cc:420:simplemap_dff$1275.
  created $_DFFE_PP_ cell $auto$dff2dffe.cc:219:handle_dff_cell$2113 for $0\q2[0:0] -> \q2.
  removing now obsolete cell $auto$simplemap.cc:420:simplemap_dff$1276.
  created $_DFFE_PP_ cell $auto$dff2dffe.cc:219:handle_dff_cell$2120 for $0\q3[0:0] -> \q3.
  removing now obsolete cell $auto$simplemap.cc:420:simplemap_dff$1277.
  created $_DFFE_PP_ cell $auto$dff2dffe.cc:219:handle_dff_cell$2127 for $0\led[0:0] -> \led.
  removing now obsolete cell $auto$simplemap.cc:420:simplemap_dff$1305.

4.36. Executing TECHMAP pass (map to technology primitives).

4.36.1. Executing Verilog-2005 frontend: /home/raghavendra/qorc-sdk/fpga_toolchain_install/v1.3.1/conda/bin/../share/yosys/quicklogic/pp3_ffs_map.v
Parsing Verilog input from `/home/raghavendra/qorc-sdk/fpga_toolchain_install/v1.3.1/conda/bin/../share/yosys/quicklogic/pp3_ffs_map.v' to AST representation.
Generating RTLIL representation for module `\$_DFF_N_'.
Generating RTLIL representation for module `\$_DFF_P_'.
Generating RTLIL representation for module `\$_DFF_NN0_'.
Generating RTLIL representation for module `\$_DFF_NN1_'.
Generating RTLIL representation for module `\$_DFF_NP0_'.
Generating RTLIL representation for module `\$_DFF_NP1_'.
Generating RTLIL representation for module `\$_DFF_PN0_'.
Generating RTLIL representation for module `\$_DFF_PN1_'.
Generating RTLIL representation for module `\$_DFF_PP0_'.
Generating RTLIL representation for module `\$_DFF_PP1_'.
Generating RTLIL representation for module `\$_DFFSR_NPP_'.
Generating RTLIL representation for module `\$_DFFSR_PPP_'.
Generating RTLIL representation for module `\$_DFFE_NN_'.
Generating RTLIL representation for module `\$_DFFE_NP_'.
Generating RTLIL representation for module `\$_DFFE_PN_'.
Generating RTLIL representation for module `\$_DFFE_PP_'.
Successfully finished Verilog frontend.

4.36.2. Continuing TECHMAP pass.
Using template \$_DFF_P_ for cells of type $_DFF_P_.
Using template \$_DFFE_PP_ for cells of type $_DFFE_PP_.
No more expansions possible.

4.37. Executing OPT_EXPR pass (perform const folding).
Optimizing module Sequence.

4.38. Executing SIMPLEMAP pass (map simple cells to gate primitives).

4.39. Executing TECHMAP pass (map to technology primitives).

4.39.1. Executing Verilog-2005 frontend: /home/raghavendra/qorc-sdk/fpga_toolchain_install/v1.3.1/conda/bin/../share/yosys/quicklogic/pp3_latches_map.v
Parsing Verilog input from `/home/raghavendra/qorc-sdk/fpga_toolchain_install/v1.3.1/conda/bin/../share/yosys/quicklogic/pp3_latches_map.v' to AST representation.
Generating RTLIL representation for module `\$_DLATCH_P_'.
Generating RTLIL representation for module `\$_DLATCH_N_'.
Generating RTLIL representation for module `\$_DLATCHSR_NNN_'.
Generating RTLIL representation for module `\$_DLATCHSR_NNP_'.
Generating RTLIL representation for module `\$_DLATCHSR_NPN_'.
Generating RTLIL representation for module `\$_DLATCHSR_NPP_'.
Generating RTLIL representation for module `\$_DLATCHSR_PNN_'.
Generating RTLIL representation for module `\$_DLATCHSR_PNP_'.
Generating RTLIL representation for module `\$_DLATCHSR_PPN_'.
Generating RTLIL representation for module `\$_DLATCHSR_PPP_'.
Successfully finished Verilog frontend.

4.39.2. Continuing TECHMAP pass.
No more expansions possible.

4.40. Executing ABC pass (technology mapping using ABC).

4.40.1. Extracting gate netlist of module `\Sequence' to `<abc-temp-dir>/input.blif'..
Extracted 208 gates and 241 wires to a netlist network with 32 inputs and 38 outputs.

4.40.1.1. Executing ABC.
Running ABC command: <yosys-exe-dir>/yosys-abc -s -f <abc-temp-dir>/abc.script 2>&1
ABC: ABC command line: "source <abc-temp-dir>/abc.script".
ABC: 
ABC: + read_blif <abc-temp-dir>/input.blif 
ABC: + read_library <abc-temp-dir>/stdcells.genlib 
ABC: Entered genlib library with 13 gates from file "<abc-temp-dir>/stdcells.genlib".
ABC: + read_lut <yosys-exe-dir>/../share/yosys/quicklogic/pp3_lutdefs.txt 
ABC: + strash 
ABC: + ifraig 
ABC: + scorr 
ABC: Warning: The network is combinational (run "fraig" or "fraig_sweep").
ABC: + dc2 
ABC: + dretime 
ABC: + strash 
ABC: + dch -f 
ABC: + if 
ABC: + mfs2 
ABC: + sweep 
ABC: + eliminate 
ABC: + if 
ABC: The network was strashed and balanced before FPGA mapping.
ABC: + mfs 
ABC: + lutpack 
ABC: + dress 
ABC: Total number of equiv classes                =      61.
ABC: Participating nodes from both networks       =     140.
ABC: Participating nodes from the first network   =      63. (  76.83 % of nodes)
ABC: Participating nodes from the second network  =      77. (  93.90 % of nodes)
ABC: Node pairs (any polarity)                    =      63. (  76.83 % of names can be moved)
ABC: Node pairs (same polarity)                   =      61. (  74.39 % of names can be moved)
ABC: Total runtime =     0.00 sec
ABC: + write_blif <abc-temp-dir>/output.blif 

4.40.1.2. Re-integrating ABC results.
ABC RESULTS:              $lut cells:       79
ABC RESULTS:        internal signals:      171
ABC RESULTS:           input signals:       32
ABC RESULTS:          output signals:       38
Removing temp directory.

4.41. Executing TECHMAP pass (map to technology primitives).

4.41.1. Executing Verilog-2005 frontend: /home/raghavendra/qorc-sdk/fpga_toolchain_install/v1.3.1/conda/bin/../share/yosys/quicklogic/pp3_ffs_map.v
Parsing Verilog input from `/home/raghavendra/qorc-sdk/fpga_toolchain_install/v1.3.1/conda/bin/../share/yosys/quicklogic/pp3_ffs_map.v' to AST representation.
Generating RTLIL representation for module `\$_DFF_N_'.
Generating RTLIL representation for module `\$_DFF_P_'.
Generating RTLIL representation for module `\$_DFF_NN0_'.
Generating RTLIL representation for module `\$_DFF_NN1_'.
Generating RTLIL representation for module `\$_DFF_NP0_'.
Generating RTLIL representation for module `\$_DFF_NP1_'.
Generating RTLIL representation for module `\$_DFF_PN0_'.
Generating RTLIL representation for module `\$_DFF_PN1_'.
Generating RTLIL representation for module `\$_DFF_PP0_'.
Generating RTLIL representation for module `\$_DFF_PP1_'.
Generating RTLIL representation for module `\$_DFFSR_NPP_'.
Generating RTLIL representation for module `\$_DFFSR_PPP_'.
Generating RTLIL representation for module `\$_DFFE_NN_'.
Generating RTLIL representation for module `\$_DFFE_NP_'.
Generating RTLIL representation for module `\$_DFFE_PN_'.
Generating RTLIL representation for module `\$_DFFE_PP_'.
Successfully finished Verilog frontend.

4.41.2. Continuing TECHMAP pass.
No more expansions possible.
Removed 0 unused cells and 299 unused wires.

4.42. Executing TECHMAP pass (map to technology primitives).

4.42.1. Executing Verilog-2005 frontend: /home/raghavendra/qorc-sdk/fpga_toolchain_install/v1.3.1/conda/bin/../share/yosys/quicklogic/pp3_cells_map.v
Parsing Verilog input from `/home/raghavendra/qorc-sdk/fpga_toolchain_install/v1.3.1/conda/bin/../share/yosys/quicklogic/pp3_cells_map.v' to AST representation.
Generating RTLIL representation for module `\$_MUX8_'.
Generating RTLIL representation for module `\$_MUX4_'.
Generating RTLIL representation for module `\$_MUX_'.
Generating RTLIL representation for module `\$_NOT_'.
Generating RTLIL representation for module `\qlal4s3_mult_16x16_cell'.
/home/raghavendra/qorc-sdk/fpga_toolchain_install/v1.3.1/conda/bin/../share/yosys/quicklogic/pp3_cells_map.v:44: Warning: Identifier `\Valid_mult_w' is implicitly declared.
Successfully finished Verilog frontend.

4.42.2. Executing Verilog-2005 frontend: /home/raghavendra/qorc-sdk/fpga_toolchain_install/v1.3.1/conda/bin/../share/yosys/quicklogic/pp3_lut_map.v
Parsing Verilog input from `/home/raghavendra/qorc-sdk/fpga_toolchain_install/v1.3.1/conda/bin/../share/yosys/quicklogic/pp3_lut_map.v' to AST representation.
Generating RTLIL representation for module `\$lut'.
Successfully finished Verilog frontend.

4.42.3. Continuing TECHMAP pass.
Using template $paramod\$lut\WIDTH=2\LUT=4'1000 for cells of type $lut.
Using template $paramod\$lut\WIDTH=3\LUT=8'00000001 for cells of type $lut.
Using template $paramod\$lut\WIDTH=4\LUT=16'1000000000000000 for cells of type $lut.
Using template $paramod\$lut\WIDTH=3\LUT=8'10000111 for cells of type $lut.
Using template $paramod\$lut\WIDTH=3\LUT=8'10000000 for cells of type $lut.
Using template $paramod\$lut\WIDTH=3\LUT=8'01111110 for cells of type $lut.
Using template $paramod\$lut\WIDTH=4\LUT=16'1000000001111111 for cells of type $lut.
Using template $paramod\$lut\WIDTH=4\LUT=16'0010101010101000 for cells of type $lut.
Using template $paramod\$lut\WIDTH=3\LUT=8'00001101 for cells of type $lut.
Using template $paramod\$lut\WIDTH=2\LUT=4'0001 for cells of type $lut.
Using template $paramod\$lut\WIDTH=4\LUT=16'0011111111010100 for cells of type $lut.
Using template $paramod\$lut\WIDTH=4\LUT=16'0111100000000000 for cells of type $lut.
Using template $paramod\$lut\WIDTH=2\LUT=4'0100 for cells of type $lut.
Using template $paramod\$lut\WIDTH=4\LUT=16'0001111100000000 for cells of type $lut.
Using template $paramod\$lut\WIDTH=4\LUT=16'1111111100000111 for cells of type $lut.
Using template $paramod\$lut\WIDTH=3\LUT=8'00010100 for cells of type $lut.
Using template $paramod\$lut\WIDTH=3\LUT=8'00000111 for cells of type $lut.
Using template $paramod\$lut\WIDTH=3\LUT=8'01000000 for cells of type $lut.
Using template $paramod\$lut\WIDTH=1\LUT=2'01 for cells of type $lut.
Using template $paramod\$lut\WIDTH=4\LUT=16'0001010000000011 for cells of type $lut.
Using template $paramod\$lut\WIDTH=4\LUT=16'0101010000000011 for cells of type $lut.
Using template $paramod\$lut\WIDTH=4\LUT=16'0001000010001111 for cells of type $lut.
Using template $paramod\$lut\WIDTH=2\LUT=4'1110 for cells of type $lut.
Using template $paramod\$lut\WIDTH=3\LUT=8'00010000 for cells of type $lut.
Using template $paramod\$lut\WIDTH=3\LUT=8'11111110 for cells of type $lut.
Using template $paramod\$lut\WIDTH=3\LUT=8'11110100 for cells of type $lut.
No more expansions possible.
Removed 0 unused cells and 158 unused wires.

4.43. Executing Quicklogic_EQN pass (calculate equations for luts).

4.44. Updated 79 of LUT* elements with equation.

4.45. Executing AUTONAME pass.
Renamed 651 objects in module Sequence (18 iterations).

4.46. Executing HIERARCHY pass (managing design hierarchy).

4.46.1. Analyzing design hierarchy..
Top module:  \Sequence

4.46.2. Analyzing design hierarchy..
Top module:  \Sequence
Removed 0 unused modules.

4.47. Printing statistics.

=== Sequence ===

   Number of wires:                 71
   Number of wire bits:            123
   Number of public wires:          71
   Number of public wire bits:     123
   Number of memories:               0
   Number of memory bits:            0
   Number of processes:              0
   Number of cells:                118
     LUT1                            2
     LUT2                           23
     LUT3                           36
     LUT4                           18
     dff                            27
     dffe                           11
     qlal4s3b_cell_macro             1

4.48. Executing CHECK pass (checking for obvious problems).
checking module Sequence..
Warning: Wire Sequence.a has an unprocessed 'init' attribute.
Warning: Wire Sequence.c has an unprocessed 'init' attribute.
Warning: Wire Sequence.d has an unprocessed 'init' attribute.
Warning: Wire Sequence.e has an unprocessed 'init' attribute.
Warning: Wire Sequence.f has an unprocessed 'init' attribute.
Warning: Wire Sequence.g has an unprocessed 'init' attribute.
Warning: Wire Sequence.q1 has an unprocessed 'init' attribute.
Warning: Wire Sequence.q2 has an unprocessed 'init' attribute.
Warning: Wire Sequence.q3 has an unprocessed 'init' attribute.
found and reported 9 problems.

4.49. Executing CLKBUFMAP pass (inserting global clock buffers).
Inserting $_BUF_ on Sequence.clk[0].

4.50. Executing IOPADMAP pass (mapping inputs/outputs to IO-PAD cells).
Mapping port Sequence.a using outpad.
Mapping port Sequence.b using outpad.
Mapping port Sequence.blinkled using outpad.
Mapping port Sequence.c using outpad.
Mapping port Sequence.d using outpad.
Mapping port Sequence.e using outpad.
Mapping port Sequence.f using outpad.
Mapping port Sequence.g using outpad.
Mapping port Sequence.x using inpad.
Mapping port Sequence.y using outpad.

4.51. Executing SPLITNETS pass (splitting up multi-bit signals).

4.52. Executing SETUNDEF pass (replace undef values with defined constants).

4.53. Executing HILOMAP pass (mapping to constant drivers).

4.54. Executing OPT_CLEAN pass (remove unused cells and wires).
Finding unused cells or wires in module \Sequence..
Removed 0 unused cells and 5 unused wires.

4.55. Executing CHECK pass (checking for obvious problems).
checking module Sequence..
found and reported 0 problems.

5. Printing statistics.

=== Sequence ===

   Number of wires:                130
   Number of wire bits:            130
   Number of public wires:         122
   Number of public wire bits:     122
   Number of memories:               0
   Number of memory bits:            0
   Number of processes:              0
   Number of cells:                129
     LUT1                            2
     LUT2                           23
     LUT3                           36
     LUT4                           18
     dff                            27
     dffe                           11
     inpad                           1
     logic_0                         1
     outpad                          9
     qlal4s3b_cell_macro             1

Loading PCF from '/home/raghavendra/qorc-sdk/fpga-examples/fsm3/fsm.pcf'...
Loading pinmap CSV from '/home/raghavendra/qorc-sdk/fpga_toolchain_install/v1.3.1/quicklogic-arch-defs/share/arch/ql-eos-s3_wlcsp/pinmap_PU64.csv'...
Processing cells...
  type       | net        | pad        | loc      | type     | instance
 ------------+------------+------------+----------+----------+-----------
  outpad     | a          | 3          | X12Y3    | BIDIR    | $iopadmap$Sequence.a
  outpad     | b          | 64         | X14Y3    | BIDIR    | $iopadmap$Sequence.b
  outpad     | blinkled   | 34         | X22Y32   | BIDIR    | $iopadmap$Sequence.blinkled
  outpad     | c          | 62         | X16Y3    | BIDIR    | $iopadmap$Sequence.c
  outpad     | d          | 60         | X22Y3    | BIDIR    | $iopadmap$Sequence.d
  outpad     | e          | 59         | X24Y3    | BIDIR    | $iopadmap$Sequence.e
  outpad     | f          | 57         | X26Y3    | BIDIR    | $iopadmap$Sequence.f
  outpad     | g          | 56         | X28Y3    | BIDIR    | $iopadmap$Sequence.g
  inpad      | x          | 31         | X16Y32   | BIDIR    | $iopadmap$Sequence.x
  outpad     | y          | 30         | X14Y32   | BIDIR    | $iopadmap$Sequence.y

6. Executing Verilog backend.
Dumping module `\Sequence'.

7. Executing TECHMAP pass (map to technology primitives).

7.1. Executing Verilog-2005 frontend: /home/raghavendra/qorc-sdk/fpga_toolchain_install/v1.3.1/quicklogic-arch-defs/share/techmaps/quicklogic/pp3/techmap/cells_map.v
Parsing Verilog input from `/home/raghavendra/qorc-sdk/fpga_toolchain_install/v1.3.1/quicklogic-arch-defs/share/techmaps/quicklogic/pp3/techmap/cells_map.v' to AST representation.
Generating RTLIL representation for module `\logic_0'.
Generating RTLIL representation for module `\logic_1'.
Generating RTLIL representation for module `\inpad'.
Generating RTLIL representation for module `\outpad'.
Generating RTLIL representation for module `\bipad'.
Generating RTLIL representation for module `\ckpad'.
Generating RTLIL representation for module `\qhsckibuff'.
Generating RTLIL representation for module `\qhsckbuff'.
Generating RTLIL representation for module `\gclkbuff'.
Generating RTLIL representation for module `\logic_cell_macro'.
Generating RTLIL representation for module `\inv'.
Generating RTLIL representation for module `\mux2x0'.
Generating RTLIL representation for module `\mux4x0'.
Generating RTLIL representation for module `\mux8x0'.
Generating RTLIL representation for module `\LUT1'.
Generating RTLIL representation for module `\LUT2'.
Generating RTLIL representation for module `\LUT3'.
Generating RTLIL representation for module `\LUT4'.
Generating RTLIL representation for module `\dff'.
Generating RTLIL representation for module `\dffc'.
Generating RTLIL representation for module `\dffp'.
Generating RTLIL representation for module `\dffpc'.
Generating RTLIL representation for module `\dffe'.
Generating RTLIL representation for module `\dffec'.
Generating RTLIL representation for module `\dffepc'.
Generating RTLIL representation for module `\dffsc'.
Generating RTLIL representation for module `\qlal4s3b_cell_macro'.
Generating RTLIL representation for module `\qlal4s3_mult_32x32_cell'.
Generating RTLIL representation for module `\qlal4s3_mult_16x16_cell'.
Generating RTLIL representation for module `\qlal4s3_mult_cell_macro'.
Successfully finished Verilog frontend.

7.2. Continuing TECHMAP pass.
Using template logic_0 for cells of type logic_0.
No more expansions possible.

8. Executing TECHMAP pass (map to technology primitives).

8.1. Executing Verilog-2005 frontend: /home/raghavendra/qorc-sdk/fpga_toolchain_install/v1.3.1/quicklogic-arch-defs/share/techmaps/quicklogic/pp3/techmap/cells_map.v
Parsing Verilog input from `/home/raghavendra/qorc-sdk/fpga_toolchain_install/v1.3.1/quicklogic-arch-defs/share/techmaps/quicklogic/pp3/techmap/cells_map.v' to AST representation.
Generating RTLIL representation for module `\logic_0'.
Generating RTLIL representation for module `\logic_1'.
Generating RTLIL representation for module `\inpad'.
Generating RTLIL representation for module `\outpad'.
Generating RTLIL representation for module `\bipad'.
Generating RTLIL representation for module `\ckpad'.
Generating RTLIL representation for module `\qhsckibuff'.
Generating RTLIL representation for module `\qhsckbuff'.
Generating RTLIL representation for module `\gclkbuff'.
Generating RTLIL representation for module `\logic_cell_macro'.
Generating RTLIL representation for module `\inv'.
Generating RTLIL representation for module `\mux2x0'.
Generating RTLIL representation for module `\mux4x0'.
Generating RTLIL representation for module `\mux8x0'.
Generating RTLIL representation for module `\LUT1'.
Generating RTLIL representation for module `\LUT2'.
Generating RTLIL representation for module `\LUT3'.
Generating RTLIL representation for module `\LUT4'.
Generating RTLIL representation for module `\dff'.
Generating RTLIL representation for module `\dffc'.
Generating RTLIL representation for module `\dffp'.
Generating RTLIL representation for module `\dffpc'.
Generating RTLIL representation for module `\dffe'.
Generating RTLIL representation for module `\dffec'.
Generating RTLIL representation for module `\dffepc'.
Generating RTLIL representation for module `\dffsc'.
Generating RTLIL representation for module `\qlal4s3b_cell_macro'.
Generating RTLIL representation for module `\qlal4s3_mult_32x32_cell'.
Generating RTLIL representation for module `\qlal4s3_mult_16x16_cell'.
Generating RTLIL representation for module `\qlal4s3_mult_cell_macro'.
Successfully finished Verilog frontend.

8.2. Continuing TECHMAP pass.
Using template qlal4s3b_cell_macro for cells of type qlal4s3b_cell_macro.
Using template $paramod$6978ec95fabd9a2c58a086b94b6feed90355b35d\inpad for cells of type inpad.
Using template $paramod$4a30532bc133c2eb9cd5f67b9a7151b65f5b78fc\LUT3 for cells of type LUT3.
Using template dff for cells of type dff.
Using template $paramod$ebab70a5830b6a9f5483ac0ce1c2f41b14b4eddd\LUT3 for cells of type LUT3.
Using template $paramod$ef89328d7363dd7125c1eba8428f7d9cbe4f3212\LUT2 for cells of type LUT2.
Using template $paramod$08b61d33fc5053edb3ff48cc7932a6bed21127f8\LUT3 for cells of type LUT3.
Using template $paramod$bf21fee4b6975de7353dd955d4b3a8eef751c7c5\LUT2 for cells of type LUT2.
Using template $paramod\LUT3\INIT=9'000000001\EQN=8'00110000 for cells of type LUT3.
Using template $paramod$a3585111a807d9eb68f35b3cdf72c072f00fd2ee\LUT2 for cells of type LUT2.
Using template $paramod$3d8388c6e77681f3dd296c4ac76cfa8c66f7077b\LUT3 for cells of type LUT3.
Using template $paramod$78a792e807544314cbd918ff3dc0665065e00762\LUT4 for cells of type LUT4.
Using template $paramod$137b9d3b3c6c733a81ffab6258d3fb787dabaec2\LUT4 for cells of type LUT4.
Using template $paramod$599d262041b1d3a38da932c48ee6b03f5bd83570\LUT3 for cells of type LUT3.
Using template $paramod$2b2f20cc3871b5612bd250e8bcd6afc7cf03fb6a\LUT4 for cells of type LUT4.
Using template $paramod$f0c04d4601257658361e82c84d099e4deadc5e3d\LUT4 for cells of type LUT4.
Using template $paramod$2df63957ce79b34d0106a13646e50007e409c02a\LUT4 for cells of type LUT4.
Using template $paramod$5312816914ac0257eca33ac3be87fd42e64349ca\LUT3 for cells of type LUT3.
Using template $paramod$0bac8de66bcfb448c202f31a4c603d45054ce4da\LUT4 for cells of type LUT4.
Using template $paramod$fa9f33fa749cff0f73a28f9b02daf158b2d6d27b\LUT4 for cells of type LUT4.
Using template $paramod$86fc6f3441a6779c63af6935d48b3ebd1c0460a9\LUT3 for cells of type LUT3.
Using template $paramod$8a2b710cf07fc1a26795eace150f0e78d8dba185\LUT3 for cells of type LUT3.
Using template dffe for cells of type dffe.
Using template $paramod$7ba49174e6bdb3e079de4b252772bcdfa4a59b18\LUT4 for cells of type LUT4.
Using template $paramod$0dee8c45763e54f30353b4988d9129c450b64183\LUT3 for cells of type LUT3.
Using template $paramod$1c6f13c9f8f2b55b9c40cf19145e4941499ff95c\LUT4 for cells of type LUT4.
Using template $paramod$d769e02af3a9ddceb553f55e1c4def769dbbbcdd\LUT4 for cells of type LUT4.
Using template $paramod$d8b4ab69a8b5413c066ad38d899c9d4a3dedc93a\outpad for cells of type outpad.
Using template $paramod$03fa78d84bd5e07f6e124fa217a4ce84543d615a\outpad for cells of type outpad.
Using template $paramod$adb3e2998d36d23e78e72d530fe94019908a146e\outpad for cells of type outpad.
Using template $paramod$03eed137224500a5a8c1bb8d02f1b39dd96a7b82\LUT2 for cells of type LUT2.
Using template $paramod$3494bf91dff70d828c5f5312272dede938de1112\outpad for cells of type outpad.
Using template $paramod\LUT1\INIT=1'1\EQN=675885097 for cells of type LUT1.
Using template $paramod$ef1a7edb200c1b1534825302234a1d0bce5a3341\outpad for cells of type outpad.
Using template $paramod$fe12650b80e312c5bb4db546ed03c40b6321bc03\LUT3 for cells of type LUT3.
Using template $paramod$1ff3cb955baebb34bce84175d8b64f00bac588c5\outpad for cells of type outpad.
Using template $paramod$ec2e10a4dc22318e1d99dd999636a51b75ecbd47\outpad for cells of type outpad.
Using template $paramod$4da62a2f3593426548f45892aaeb7356ad46a6a4\outpad for cells of type outpad.
Using template $paramod$02aa829d7bb4d3bbae67ad5ee2e5a326704559e9\outpad for cells of type outpad.
No more expansions possible.

9. Executing TECHMAP pass (map to technology primitives).

9.1. Executing Verilog-2005 frontend: /home/raghavendra/qorc-sdk/fpga_toolchain_install/v1.3.1/quicklogic-arch-defs/bin/../share/arch/ql-eos-s3_wlcsp/cells/ram_map.v
Parsing Verilog input from `/home/raghavendra/qorc-sdk/fpga_toolchain_install/v1.3.1/quicklogic-arch-defs/bin/../share/arch/ql-eos-s3_wlcsp/cells/ram_map.v' to AST representation.
Generating RTLIL representation for module `\ram8k_2x1_cell_macro'.
Successfully finished Verilog frontend.

9.2. Continuing TECHMAP pass.
No more expansions possible.

10. Executing OPT_EXPR pass (perform const folding).
Optimizing module Sequence.

11. Executing OPT_CLEAN pass (remove unused cells and wires).
Finding unused cells or wires in module \Sequence..
Removed 0 unused cells and 190 unused wires.

12. Executing SETUNDEF pass (replace undef values with defined constants).

13. Printing statistics.

=== Sequence ===

   Number of wires:               1047
   Number of wire bits:           1164
   Number of public wires:        1017
   Number of public wire bits:    1017
   Number of memories:               0
   Number of memory bits:            0
   Number of processes:              0
   Number of cells:                128
     ASSP                            1
     BIDIR_CELL                     10
     C_FRAG                         18
     F_FRAG                          2
     Q_FRAG                         38
     T_FRAG                         59

14. Executing JSON backend.

15. Executing Verilog backend.
Dumping module `\Sequence'.

Warnings: 34 unique messages, 37 total
End of script. Logfile hash: a157b5e2cd, CPU: user 1.76s system 0.06s, MEM: 274.40 MB peak
Yosys 0.9+2406 (git sha1 9ac3484, x86_64-conda_cos6-linux-gnu-gcc 1.24.0.133_b0863d8_dirty -fvisibility-inlines-hidden -fmessage-length=0 -march=nocona -mtune=haswell -ftree-vectorize -fPIC -fstack-protector-strong -fno-plt -O2 -ffunction-sections -fdebug-prefix-map=/root/anaconda3/conda-bld/yosys_1607410735049/work=/usr/local/src/conda/yosys-0.8.0_0003_e80fb742f_20201208_122808 -fdebug-prefix-map=/home/raghavendra/qorc-sdk/fpga_toolchain_install/v1.3.1/conda=/usr/local/src/conda-prefix -fPIC -Os)
Time spent: 65% 18x read_verilog (1 sec), 7% 4x write_verilog (0 sec), ...
