#Timing report of worst 1 path(s)
# Unit scale: 1e-09 seconds
# Output precision: 3

#Path 1
Startpoint: w.inpad[0] (.input clocked by virtual_io_clock)
Endpoint  : out:F.outpad[0] (.output clocked by virtual_io_clock)
Path Type : setup

Point                                                                       Incr      Path
------------------------------------------------------------------------------------------
clock virtual_io_clock (rise edge)                                         0.000     0.000
clock source latency                                                       0.000     0.000
input external delay                                                       0.000     0.000
w.inpad[0] (.input)                                                        0.000     0.000
$iopadmap$Assignment2.w.I_PAD_$inp[0] (SDIOMUX_CELL)                       0.000     0.000
$iopadmap$Assignment2.w.I_DAT[0] (SDIOMUX_CELL)                           13.945    13.945
F_LUT3_O.t_frag.XA2[0] (T_FRAG)                                            0.000    13.945
F_LUT3_O.t_frag.XZ[0] (T_FRAG)                                             1.605    15.551
$iopadmap$Assignment2.F.O_DAT[0] (BIDIR_CELL)                              0.000    15.551
$iopadmap$Assignment2.F.O_PAD_$out[0] (BIDIR_CELL)                         9.809    25.360
out:F.outpad[0] (.output)                                                  0.000    25.360
data arrival time                                                                   25.360

clock virtual_io_clock (rise edge)                                         0.000     0.000
clock source latency                                                       0.000     0.000
clock uncertainty                                                          0.000     0.000
output external delay                                                      0.000     0.000
data required time                                                                   0.000
------------------------------------------------------------------------------------------
data required time                                                                   0.000
data arrival time                                                                  -25.360
------------------------------------------------------------------------------------------
slack (VIOLATED)                                                                   -25.360


#End of timing report
