#Timing report of worst 1 path(s)
# Unit scale: 1e-09 seconds
# Output precision: 3

#Path 1
Startpoint: x.inpad[0] (.input clocked by virtual_io_clock)
Endpoint  : out:F.outpad[0] (.output clocked by virtual_io_clock)
Path Type : setup

Point                                                                       Incr      Path
------------------------------------------------------------------------------------------
clock virtual_io_clock (rise edge)                                         0.000     0.000
clock source latency                                                       0.000     0.000
input external delay                                                       0.000     0.000
x.inpad[0] (.input)                                                        0.000     0.000
$iopadmap$Assignment2.x.I_PAD_$inp[0] (SDIOMUX_CELL)                       0.000     0.000
$iopadmap$Assignment2.x.I_DAT[0] (SDIOMUX_CELL)                           13.945    13.945
F_LUT3_O.t_frag.XAB[0] (T_FRAG)                                            8.845    22.790
F_LUT3_O.t_frag.XZ[0] (T_FRAG)                                             1.305    24.095
$iopadmap$Assignment2.F.O_DAT[0] (BIDIR_CELL)                             10.684    34.780
$iopadmap$Assignment2.F.O_PAD_$out[0] (BIDIR_CELL)                         9.809    44.589
out:F.outpad[0] (.output)                                                  0.000    44.589
data arrival time                                                                   44.589

clock virtual_io_clock (rise edge)                                         0.000     0.000
clock source latency                                                       0.000     0.000
clock uncertainty                                                          0.000     0.000
output external delay                                                      0.000     0.000
data required time                                                                   0.000
------------------------------------------------------------------------------------------
data required time                                                                   0.000
data arrival time                                                                  -44.589
------------------------------------------------------------------------------------------
slack (VIOLATED)                                                                   -44.589


#End of timing report
