VPR FPGA Placement and Routing.
Version: 8.1.0-dev+dadca7ecf
Revision: v8.0.0-rc2-2894-gdadca7ecf
Compiled: 2020-10-14T15:08:54
Compiler: GNU 7.3.0 on Linux-4.15.0-1028-gcp x86_64
Build Info: Release IPO VTR_ASSERT_LEVEL=2

University of Toronto
verilogtorouting.org
vtr-users@googlegroups.com
This is free open source code under MIT license.

VPR was run with the following command-line:
vpr /home/raghavendra/qorc-sdk/fpga_toolchain_install/v1.3.1/quicklogic-arch-defs/share/arch/ql-eos-s3_wlcsp/arch.timing.xml Tff.eblif --device ql-eos-s3 --max_router_iterations 500 --routing_failure_predictor off --router_high_fanout_threshold -1 --constant_net_method route --route_chan_width 100 --clock_modeling route --place_delay_model delta_override --router_lookahead map --check_route quick --strict_checks off --allow_dangling_combinational_nodes on --disable_errors check_unbuffered_edges:check_route --congested_routing_iteration_threshold 0.8 --incremental_reroute_delay_ripup off --base_cost_type delay_normalized_length_bounded --bb_factor 10 --initial_pres_fac 4.0 --check_rr_graph off --suppress_warnings ,sum_pin_class:check_unbuffered_edges:load_rr_indexed_data_T_values:check_rr_node:trans_per_R:check_route:set_rr_graph_tool_comment:warn_model_missing_timing --read_rr_graph /home/raghavendra/qorc-sdk/fpga_toolchain_install/v1.3.1/quicklogic-arch-defs/share/arch/ql-eos-s3_wlcsp/rr_graph_ql-eos-s3_wlcsp.rr_graph.real.bin --read_placement_delay_lookup /home/raghavendra/qorc-sdk/fpga_toolchain_install/v1.3.1/quicklogic-arch-defs/share/arch/ql-eos-s3_wlcsp/rr_graph_ql-eos-s3_wlcsp.place_delay.bin --sdc_file /home/raghavendra/qorc-sdk/assignment3/build/Tff_dummy.sdc --route

Using up to 1 parallel worker(s)

Architecture file: /home/raghavendra/qorc-sdk/fpga_toolchain_install/v1.3.1/quicklogic-arch-defs/share/arch/ql-eos-s3_wlcsp/arch.timing.xml
Circuit name: Tff

# Loading Architecture Description
# Loading Architecture Description took 0.33 seconds (max_rss 31.1 MiB, delta_rss +25.0 MiB)
# Building complex block graph
# Building complex block graph took 0.06 seconds (max_rss 39.8 MiB, delta_rss +8.6 MiB)
# Load circuit
# Load circuit took 0.01 seconds (max_rss 40.9 MiB, delta_rss +1.1 MiB)
# Clean circuit
Absorbed 834 LUT buffers
Inferred  106 additional primitive pins as constant generators since they have no combinationally connected inputs
Inferred   40 additional primitive pins as constant generators due to constant inputs
Inferred    0 additional primitive pins as constant generators since they have no combinationally connected inputs
Inferred    0 additional primitive pins as constant generators due to constant inputs
Inferred    0 additional primitive pins as constant generators since they have no combinationally connected inputs
Inferred    0 additional primitive pins as constant generators due to constant inputs
Swept input(s)      : 0
Swept output(s)     : 0 (0 dangling, 0 constant)
Swept net(s)        : 141
Swept block(s)      : 1
Constant Pins Marked: 146
# Clean circuit took 0.00 seconds (max_rss 41.8 MiB, delta_rss +0.9 MiB)
# Compress circuit
# Compress circuit took 0.00 seconds (max_rss 42.1 MiB, delta_rss +0.3 MiB)
# Verify circuit
# Verify circuit took 0.00 seconds (max_rss 42.1 MiB, delta_rss +0.0 MiB)
Circuit Statistics:
  Blocks: 127
    .input      :       2
    .output     :       8
    ASSP        :       1
    BIDIR_CELL  :       9
    C_FRAG      :      13
    F_FRAG      :       1
    GND         :       1
    Q_FRAG      :      28
    SDIOMUX_CELL:       1
    T_FRAG      :      62
    VCC         :       1
  Nets  : 119
    Avg Fanout:     8.4
    Max Fanout:   463.0
    Min Fanout:     1.0
  Netlist Clocks: 1
# Build Timing Graph
  Timing Graph Nodes: 1120
  Timing Graph Edges: 1767
  Timing Graph Levels: 24
# Build Timing Graph took 0.00 seconds (max_rss 42.1 MiB, delta_rss +0.0 MiB)
Netlist contains 1 clocks
  Netlist Clock 'clk' Fanout: 28 pins (2.5%), 28 blocks (22.0%)
# Load Timing Constraints

SDC file '/home/raghavendra/qorc-sdk/assignment3/build/Tff_dummy.sdc' contained no SDC commands
Setting default timing constraints:
   * constrain all primay inputs and primary outputs on netlist clock 'clk'
   * optimize netlist clock to run as fast as possible
Timing constraints created 1 clocks
  Constrained Clock 'clk' Source: 'u_qlal4s3b_cell_macro.Sys_Clk0[0]'

# Load Timing Constraints took 0.00 seconds (max_rss 42.1 MiB, delta_rss +0.0 MiB)
Timing analysis: ON
Circuit netlist file: Tff.net
Circuit placement file: Tff.place
Circuit routing file: Tff.route
Circuit SDC file: /home/raghavendra/qorc-sdk/assignment3/build/Tff_dummy.sdc

Packer: ENABLED
Placer: ENABLED
Router: ENABLED
Analysis: ENABLED

NetlistOpts.abosrb_buffer_luts            : true
NetlistOpts.sweep_dangling_primary_ios    : true
NetlistOpts.sweep_dangling_nets           : true
NetlistOpts.sweep_dangling_blocks         : true
NetlistOpts.sweep_constant_primary_outputs: false
NetlistOpts.netlist_verbosity             : 1
NetlistOpts.const_gen_inference           : COMB_SEQ

PackerOpts.allow_unrelated_clustering: auto
PackerOpts.alpha_clustering: 0.750000
PackerOpts.beta_clustering: 0.900000
PackerOpts.cluster_seed_type: BLEND2
PackerOpts.connection_driven: true
PackerOpts.global_clocks: true
PackerOpts.hill_climbing_flag: false
PackerOpts.inter_cluster_net_delay: 1.000000
PackerOpts.timing_driven: true
PackerOpts.target_external_pin_util: auto

PlacerOpts.place_freq: PLACE_ONCE
PlacerOpts.place_algorithm: CRITICALITY_TIMING_PLACE
PlacerOpts.pad_loc_type: FREE
PlacerOpts.constraints_file: No constraints file given
PlacerOpts.place_cost_exp: 1.000000
PlacerOpts.place_chan_width: 100
PlacerOpts.inner_loop_recompute_divider: 0
PlacerOpts.recompute_crit_iter: 1
PlacerOpts.timing_tradeoff: 0.500000
PlacerOpts.td_place_exp_first: 1.000000
PlacerOpts.td_place_exp_last: 8.000000
PlacerOpts.delay_offset: 0.000000
PlacerOpts.delay_ramp_delta_threshold: -1
PlacerOpts.delay_ramp_slope: 0.000000
PlacerOpts.tsu_rel_margin: 1.000000
PlacerOpts.tsu_abs_margin: 0.000000
PlacerOpts.post_place_timing_report_file: 
PlacerOpts.allowed_tiles_for_delay_model: 
PlacerOpts.delay_model_reducer: MIN
PlacerOpts.delay_model_type: DELTA_OVERRIDE
PlacerOpts.rlim_escape_fraction: 0.000000
PlacerOpts.move_stats_file: 
PlacerOpts.placement_saves_per_temperature: 0
PlacerOpts.effort_scaling: CIRCUIT
PlacerOpts.place_delta_delay_matrix_calculation_method: ASTAR_ROUTE
PlaceOpts.seed: 1
AnnealSched.type: AUTO_SCHED
AnnealSched.inner_num: 1.000000

RouterOpts.route_type: DETAILED
RouterOpts.router_algorithm: TIMING_DRIVEN
RouterOpts.base_cost_type: DELAY_NORMALIZED_LENGTH_BOUNDED
RouterOpts.fixed_channel_width: 100
RouterOpts.check_route: QUICK
RouterOpts.trim_empty_chan: false
RouterOpts.trim_obs_chan: false
RouterOpts.acc_fac: 1.000000
RouterOpts.bb_factor: 10
RouterOpts.bend_cost: 0.000000
RouterOpts.first_iter_pres_fac: 0.000000
RouterOpts.initial_pres_fac: 4.000000
RouterOpts.pres_fac_mult: 1.300000
RouterOpts.max_router_iterations: 500
RouterOpts.min_incremental_reroute_fanout: 16
RouterOpts.do_check_rr_graph: false
RouterOpts.verify_binary_search: false
RouterOpts.min_channel_width_hint: 0
RouterOpts.read_rr_edge_metadata: false
RouterOpts.exit_after_first_routing_iteration: false
RouterOpts.astar_fac: 1.200000
RouterOpts.criticality_exp: 1.000000
RouterOpts.max_criticality: 0.990000
RouterOpts.init_wirelength_abort_threshold: 0.850000
RouterOpts.save_routing_per_iteration: false
RouterOpts.congested_routing_iteration_threshold_frac: 0.800000
RouterOpts.high_fanout_threshold: -1
RouterOpts.router_debug_net: -2
RouterOpts.router_debug_sink_rr: -2
RouterOpts.router_debug_iteration: -2
RouterOpts.max_convergence_count: 1
RouterOpts.reconvergence_cpd_threshold: 0.990000
RouterOpts.update_lower_bound_delays: true
RouterOpts.first_iteration_timing_report_file: 
RouterOpts.incr_reroute_delay_ripup: OFF
RouterOpts.route_bb_update: DYNAMIC
RouterOpts.lookahead_type: MAP
RouterOpts.initial_timing: LOOKAHEAD
RouterOpts.router_heap: BINARY_HEAP
RouterOpts.routing_failure_predictor = OFF
RouterOpts.routing_budgets_algorithm = DISABLE

AnalysisOpts.gen_post_synthesis_netlist: false
AnalysisOpts.timing_report_npaths: 100
AnalysisOpts.timing_report_skew: false
AnalysisOpts.echo_dot_timing_graph_node: -1
AnalysisOpts.timing_report_detail: NETLIST

RoutingArch.directionality: BI_DIRECTIONAL
RoutingArch.switch_block_type: WILTON
RoutingArch.Fs: 3

# Load Packing
Begin loading packed FPGA netlist file.
Netlist generated from file 'Tff.net'.
Detected 2 constant generators (to see names run with higher pack verbosity)
Finished loading packed FPGA netlist file (took 0.023456 seconds).
# Load Packing took 0.02 seconds (max_rss 43.3 MiB, delta_rss +1.2 MiB)
Warning 1: Netlist contains 0 global net to non-global architecture pin connections
Warning 2: Logic block #55 ($false) has only 1 output pin '$false.GND0_GND[0]'. It may be a constant generator.
Warning 3: Logic block #56 ($true) has only 1 output pin '$true.VCC0_VCC[0]'. It may be a constant generator.

Netlist num_nets: 84
Netlist num_blocks: 57
Netlist EMPTY blocks: 0.
Netlist PB-SYN_GND blocks: 1.
Netlist PB-BIDIR blocks: 9.
Netlist PB-ASSP blocks: 1.
Netlist PB-LOGIC blocks: 44.
Netlist PB-SDIOMUX blocks: 1.
Netlist PB-MULT blocks: 0.
Netlist PB-GMUX blocks: 0.
Netlist PB-CLOCK blocks: 0.
Netlist PB-RAM blocks: 0.
Netlist PB-SYN_VCC blocks: 1.
Netlist inputs pins: 2
Netlist output pins: 28


Pb types usage...
  PB-SYN_GND        : 1
   GND              : 1
  PB-BIDIR          : 9
   BIDIR            : 9
    INPUT           : 1
     bidir          : 1
     inpad          : 1
    OUTPUT          : 8
     bidir          : 8
     outpad         : 8
  PB-ASSP           : 1
   ASSP             : 1
  PB-LOGIC          : 44
   LOGIC            : 44
    FRAGS           : 44
     c_frag_modes   : 44
      SINGLE        : 13
       c_frag       : 13
      SPLIT         : 31
       b_frag       : 31
       t_frag       : 31
     f_frag         : 1
     q_frag_modes   : 28
      INT           : 25
       q_frag       : 25
      EXT           : 3
       q_frag       : 3
  PB-SDIOMUX        : 1
   SDIOMUX          : 1
    INPUT           : 1
     inpad          : 1
     sdiomux        : 1
  PB-SYN_VCC        : 1
   VCC              : 1

# Create Device
## Build Device Grid
FPGA sized to 39 x 35: 1365 grid tiles (ql-eos-s3)

Resource usage...
	Netlist
		1	blocks of type: PB-SYN_GND
	Architecture
		1	blocks of type: TL-SYN_GND
	Netlist
		9	blocks of type: PB-BIDIR
	Architecture
		32	blocks of type: TL-BIDIR
	Netlist
		1	blocks of type: PB-ASSP
	Architecture
		1	blocks of type: TL-ASSP
	Netlist
		44	blocks of type: PB-LOGIC
	Architecture
		891	blocks of type: TL-LOGIC
	Netlist
		1	blocks of type: PB-SDIOMUX
	Architecture
		14	blocks of type: TL-SDIOMUX
	Netlist
		0	blocks of type: PB-MULT
	Architecture
		2	blocks of type: TL-MULT
	Netlist
		0	blocks of type: PB-GMUX
	Architecture
		5	blocks of type: TL-GMUX
	Netlist
		0	blocks of type: PB-CLOCK
	Architecture
		5	blocks of type: TL-CLOCK
	Netlist
		0	blocks of type: PB-RAM
	Architecture
		4	blocks of type: TL-RAM
	Netlist
		1	blocks of type: PB-SYN_VCC
	Architecture
		1	blocks of type: TL-SYN_VCC

Device Utilization: 0.04 (target 1.00)
	Physical Tile TL-LOGIC:
	Block Utilization: 0.05 Logical Block: PB-LOGIC
	Physical Tile TL-RAM:
	Block Utilization: 0.00 Logical Block: PB-RAM
	Physical Tile TL-MULT:
	Block Utilization: 0.00 Logical Block: PB-MULT
	Physical Tile TL-BIDIR:
	Block Utilization: 0.28 Logical Block: PB-BIDIR
	Physical Tile TL-CLOCK:
	Block Utilization: 0.00 Logical Block: PB-CLOCK
	Physical Tile TL-SDIOMUX:
	Block Utilization: 0.07 Logical Block: PB-SDIOMUX
	Physical Tile TL-GMUX:
	Block Utilization: 0.00 Logical Block: PB-GMUX
	Physical Tile TL-ASSP:
	Block Utilization: 1.00 Logical Block: PB-ASSP
	Physical Tile TL-SYN_VCC:
	Block Utilization: 1.00 Logical Block: PB-SYN_VCC
	Physical Tile TL-SYN_GND:
	Block Utilization: 1.00 Logical Block: PB-SYN_GND

## Build Device Grid took 0.00 seconds (max_rss 43.4 MiB, delta_rss +0.0 MiB)
## Loading routing resource graph


## Loading routing resource graph took 0.47 seconds (max_rss 351.3 MiB, delta_rss +307.8 MiB)
  RR Graph Nodes: 1396446
  RR Graph Edges: 2337988
# Create Device took 0.92 seconds (max_rss 354.5 MiB, delta_rss +311.0 MiB)

# Load Placement
Reading Tff.place.

Successfully read Tff.place.

# Load Placement took 0.00 seconds (max_rss 354.5 MiB, delta_rss +0.0 MiB)

# Computing router lookahead map
## Computing wire lookahead
Warning 4: Unable to find any sample location for segment CHANX type 'generic' (length 1)
Warning 5: Unable to find any sample location for segment CHANY type 'generic' (length 1)
Warning 6: Unable to find any sample location for segment CHANX type 'pad' (length 1)
Warning 7: Unable to find any sample location for segment CHANY type 'pad' (length 1)
## Computing wire lookahead took 15.54 seconds (max_rss 354.5 MiB, delta_rss +0.0 MiB)
## Computing src/opin lookahead
## Computing src/opin lookahead took 0.00 seconds (max_rss 354.5 MiB, delta_rss +0.0 MiB)
# Computing router lookahead map took 15.54 seconds (max_rss 354.5 MiB, delta_rss +0.0 MiB)
# Routing
  RR Graph Nodes: 1396446
  RR Graph Edges: 2337988
Confirming router algorithm: TIMING_DRIVEN.
## Initializing router criticalities
Initial Net Connection Criticality Histogram:
[        0:      0.1) 628 ( 67.2%) |***********************************************
[      0.1:      0.2)   0 (  0.0%) |
[      0.2:      0.3)  54 (  5.8%) |****
[      0.3:      0.4)  24 (  2.6%) |**
[      0.4:      0.5)  22 (  2.4%) |**
[      0.5:      0.6)  51 (  5.5%) |****
[      0.6:      0.7)  40 (  4.3%) |***
[      0.7:      0.8)  72 (  7.7%) |*****
[      0.8:      0.9)  38 (  4.1%) |***
[      0.9:        1)   6 (  0.6%) |
## Initializing router criticalities took 0.00 seconds (max_rss 403.9 MiB, delta_rss +0.0 MiB)
---- ------ ------- ---- ------- ------- ------- ----------------- --------------- -------- ---------- ---------- ---------- ---------- --------
Iter   Time    pres  BBs    Heap  Re-Rtd  Re-Rtd Overused RR Nodes      Wirelength      CPD       sTNS       sWNS       hTNS       hWNS Est Succ
      (sec)     fac Updt    push    Nets   Conns                                       (ns)       (ns)       (ns)       (ns)       (ns)     Iter
---- ------ ------- ---- ------- ------- ------- ----------------- --------------- -------- ---------- ---------- ---------- ---------- --------
   1    5.0     0.0    0 2.6e+07      84     935    1280 ( 0.092%)   22748 ( 1.6%)   56.753     -1582.    -56.753      0.000      0.000      N/A
   2    3.8     4.0    0 1.8e+07      63     563     632 ( 0.045%)   23314 ( 1.6%)   56.675     -1583.    -56.675      0.000      0.000      N/A
   3    3.1     5.2    0 1.4e+07      53     409     402 ( 0.029%)   23227 ( 1.6%)   56.810     -1585.    -56.810      0.000      0.000      N/A
   4    2.2     6.8    0 9942680      43     284     228 ( 0.016%)   23392 ( 1.7%)   56.754     -1587.    -56.754      0.000      0.000      N/A
   5    1.5     8.8    0 7054184      30     197     169 ( 0.012%)   23379 ( 1.7%)   56.645     -1591.    -56.645      0.000      0.000      N/A
   6    1.1    11.4    0 5398465      24     149      77 ( 0.006%)   23634 ( 1.7%)   56.645     -1591.    -56.645      0.000      0.000      N/A
   7    1.1    14.9    0 5135087      16      92      39 ( 0.003%)   23703 ( 1.7%)   56.683     -1592.    -56.683      0.000      0.000      N/A
   8    0.6    19.3    0 2610322       7      31      21 ( 0.002%)   23749 ( 1.7%)   56.683     -1592.    -56.683      0.000      0.000      N/A
   9    0.2    25.1    0 1149796       5      22       9 ( 0.001%)   23769 ( 1.7%)   56.683     -1592.    -56.683      0.000      0.000      N/A
  10    0.5    32.6    0 2015344       4      13      11 ( 0.001%)   23764 ( 1.7%)   56.683     -1592.    -56.683      0.000      0.000       12
  11    0.3    42.4    0 1386198       5      12       3 ( 0.000%)   23794 ( 1.7%)   56.683     -1592.    -56.683      0.000      0.000       14
  12    0.0    55.1    0  110985       2       6       0 ( 0.000%)   23845 ( 1.7%)   56.683     -1592.    -56.683      0.000      0.000       13
Restoring best routing
Critical path: 56.6831 ns
Successfully routed after 12 routing iterations.
Final Net Connection Criticality Histogram:
[        0:      0.1) 628 ( 67.2%) |***********************************************
[      0.1:      0.2)   0 (  0.0%) |
[      0.2:      0.3)   1 (  0.1%) |
[      0.3:      0.4)  53 (  5.7%) |****
[      0.4:      0.5)  25 (  2.7%) |**
[      0.5:      0.6)  21 (  2.2%) |**
[      0.6:      0.7)  26 (  2.8%) |**
[      0.7:      0.8)  52 (  5.6%) |****
[      0.8:      0.9)  54 (  5.8%) |****
[      0.9:        1)  75 (  8.0%) |******
Router Stats: total_nets_routed: 336 total_connections_routed: 2713 total_heap_pushes: 92987930 total_heap_pops: 80298662
# Routing took 19.95 seconds (max_rss 403.9 MiB, delta_rss +49.5 MiB)

Checking to ensure routing is legal...
Completed routing consistency check successfully.

Serial number (magic cookie) for the routing is: -1358233683
Circuit successfully routed with a channel width factor of 100.

Incr Slack updates 13 in 0.000227842 sec
Full Max Req/Worst Slack updates 4 in 1.6075e-05 sec
Incr Max Req/Worst Slack updates 9 in 5.508e-05 sec
Incr Criticality updates 6 in 0.000143467 sec
Full Criticality updates 7 in 0.000238932 sec

Average number of bends per net: 236.869  Maximum # of bends: 5551

Number of global nets: 0
Number of routed nets (nonglobal): 84
Wire length results (in units of 1 clb segments)...
	Total wirelength: 23171, average net length: 275.845
	Maximum net length: 7566

Wire length results in terms of physical segments...
	Total wiring segments used: 20583, average wire segments per net: 245.036
	Maximum segments used by a net: 5849
	Total local nets with reserved CLB opins: 0

Routing channel utilization histogram:
[        1:      inf)    0 (  0.0%) |
[      0.9:        1)   54 (  2.1%) |*
[      0.8:      0.9)    0 (  0.0%) |
[      0.7:      0.8)    6 (  0.2%) |
[      0.5:      0.6)    0 (  0.0%) |
[      0.4:      0.5)    0 (  0.0%) |
[      0.3:      0.4)    6 (  0.2%) |
[      0.2:      0.3)   64 (  2.5%) |*
[      0.1:      0.2)   50 (  1.9%) |*
[        0:      0.1) 2404 ( 93.0%) |**********************************************
Maximum routing channel utilization:         1 at (1,3)

X - Directed channels:   j max occ ave occ capacity
                      ---- ------- ------- --------
                         0       2   1.231        2
                         1     161  10.026      221
                         2       0   0.000        0
                         3      83  20.692      635
                         4      66   2.103      623
                         5      70   2.154      658
                         6      77   2.923      623
                         7      74   3.103      623
                         8      28   1.282      623
                         9       8   0.564      623
                        10      12   1.564      665
                        11     106   6.513      623
                        12      76   3.385      647
                        13      76   3.026      623
                        14     171  13.231      623
                        15     209  37.410      623
                        16     242  48.949      623
                        17     266  42.487      623
                        18     195  30.103      725
                        19     191  14.282      623
                        20     191  34.795      623
                        21       8   0.564      623
                        22       0   0.000      623
                        23      13   0.333      623
                        24      12   0.667      623
                        25       8   0.538      657
                        26       7   0.179      634
                        27      13   0.513      623
                        28      11   0.462      623
                        29       7   0.513      624
                        30       8   0.385      625
                        31      23   1.949      626
                        32      30   2.923      786
                        33       0   0.000      269
Y - Directed channels:   i max occ ave occ capacity
                      ---- ------- ------- --------
                         0       0   0.000        2
                         1      47   4.057      287
                         2       1   0.057        4
                         3     178  56.829      848
                         4      37   4.943      874
                         5      46   3.000      819
                         6      23   3.743      760
                         7      46   4.029      761
                         8      30   3.886      761
                         9      46   5.029      761
                        10      29   3.743      757
                        11     185  20.943      775
                        12     195  21.371      757
                        13     200  23.457      761
                        14     192  30.800      761
                        15     255  31.800      761
                        16     177  22.657      761
                        17     211  27.171      761
                        18     165  26.257      761
                        19     212  24.400      816
                        20     179  15.771      761
                        21      11   0.314      883
                        22      30   3.743      761
                        23       0   0.000      761
                        24      30   1.343      761
                        25       0   0.000      761
                        26      25   0.829      757
                        27       0   0.000      775
                        28       0   0.000      757
                        29       0   0.000      761
                        30       0   0.000      761
                        31       0   0.000      761
                        32       0   0.000      761
                        33       0   0.000      763
                        34       0   0.000      762
                        35       0   0.000      764
                        36       0   0.000     1024
                        37       0   0.000      164

Total tracks in x-direction: 19611, in y-direction: 27046

Logic area (in minimum width transistor areas, excludes I/Os and empty grid tiles)...
	Total logic block area (Warning, need to add pitch of routing to blocks with height > 3): 1.3515e+07
	Total used logic block area: 705000

Routing area (in minimum width transistor areas)...
	Assuming no buffer sharing (pessimistic). Total: 1.07847e+09, per logic tile: 790090.
	Assuming buffer sharing (slightly optimistic). Total: 8.38760e+08, per logic tile: 614476.


Segment usage by type (index):    name type utilization
                               ------- ---- -----------
                                  sbox    2      0.0131
                                   vcc    3       0.121
                                   gnd    4       0.122
                                  hop1    5      0.0157
                                  hop2    6      0.0221
                                  hop3    7      0.0256
                                  hop4    8       0.016
                                 clock    9           0
                               special   10      0.0837

Segment usage by length: length utilization
                         ------ -----------
                              1      0.0138
                              2      0.0221
                              3      0.0256
                              4       0.016


Final hold Worst Negative Slack (hWNS): 0 ns
Final hold Total Negative Slack (hTNS): 0 ns

Final hold slack histogram:
[  4.5e-09:  7.9e-09)  5 ( 15.6%) |************
[  7.9e-09:  1.1e-08) 20 ( 62.5%) |************************************************
[  1.1e-08:  1.5e-08)  0 (  0.0%) |
[  1.5e-08:  1.8e-08)  2 (  6.2%) |*****
[  1.8e-08:  2.1e-08)  0 (  0.0%) |
[  2.1e-08:  2.5e-08)  0 (  0.0%) |
[  2.5e-08:  2.8e-08)  0 (  0.0%) |
[  2.8e-08:  3.2e-08)  1 (  3.1%) |**
[  3.2e-08:  3.5e-08)  0 (  0.0%) |
[  3.5e-08:  3.8e-08)  4 ( 12.5%) |**********

Final critical path delay (least slack): 56.6831 ns, Fmax: 17.6419 MHz
Final setup Worst Negative Slack (sWNS): -56.6831 ns
Final setup Total Negative Slack (sTNS): -1592.36 ns

Final setup slack histogram:
[ -5.7e-08: -5.3e-08)  9 ( 28.1%) |*********************
[ -5.3e-08: -4.8e-08) 21 ( 65.6%) |************************************************
[ -4.8e-08: -4.4e-08)  0 (  0.0%) |
[ -4.4e-08:   -4e-08)  0 (  0.0%) |
[   -4e-08: -3.6e-08)  0 (  0.0%) |
[ -3.6e-08: -3.2e-08)  0 (  0.0%) |
[ -3.2e-08: -2.8e-08)  1 (  3.1%) |**
[ -2.8e-08: -2.4e-08)  0 (  0.0%) |
[ -2.4e-08:   -2e-08)  0 (  0.0%) |
[   -2e-08: -1.5e-08)  1 (  3.1%) |**

Final geomean non-virtual intra-domain period: 56.6831 ns (17.6419 MHz)
Final fanout-weighted geomean non-virtual intra-domain period: 56.6831 ns (17.6419 MHz)

Incr Slack updates 1 in 2.2949e-05 sec
Full Max Req/Worst Slack updates 1 in 3.95e-06 sec
Incr Max Req/Worst Slack updates 0 in 0 sec
Incr Criticality updates 0 in 0 sec
Full Criticality updates 1 in 3.6654e-05 sec
Flow timing analysis took 0.00932022 seconds (0.00812908 STA, 0.00119114 slack) (14 full updates: 0 setup, 0 hold, 14 combined).
VPR succeeded
The entire flow of VPR took 36.96 seconds (max_rss 403.9 MiB)
